Log file open, 11/22/17 13:43:00
LogInit:Display: Running engine for game: UE4HanoiSim
LogPlatformFile: Not using cached read wrapper
LogInit:Display: RandInit(593582773) SRandInit(593582773).
LogTaskGraph: Started task graph with 5 named threads and 10 total threads with 1 sets of task threads.
LogStats: Stats thread started at 0.104529
LogInit: Using libcurl 7.47.1
LogInit:  - built for x86_64-pc-win32
LogInit:  - supports SSL with OpenSSL/1.0.2g
LogInit:  - supports HTTP deflate (compression) using libz 1.2.8
LogInit:  - other features:
LogInit:      CURL_VERSION_SSL
LogInit:      CURL_VERSION_LIBZ
LogInit:      CURL_VERSION_IPV6
LogInit:      CURL_VERSION_ASYNCHDNS
LogInit:      CURL_VERSION_LARGEFILE
LogInit:      CURL_VERSION_IDN
LogInit:  CurlRequestOptions (configurable via config and command line):
LogInit:  - bVerifyPeer = false  - Libcurl will NOT verify peer certificate
LogInit:  - bUseHttpProxy = false  - Libcurl will NOT use HTTP proxy
LogInit:  - bDontReuseConnections = false  - Libcurl will reuse connections
LogInit:  - CertBundlePath = nullptr  - Libcurl will use whatever was configured at build time.
LogInit: Build: ++UE4+Release-4.15-CL-3450819
LogInit: Engine Version: 4.15.3-3450819+++UE4+Release-4.15
LogInit: Compatible Engine Version: 4.15.0-3299760+++UE4+Release-4.15
LogInit: Net CL: 3299760
LogDevObjectVersion: Number of dev versions registered: 14
LogDevObjectVersion:   Dev-Blueprints (B0D832E4-1F89-4F0D-ACCF-7EB736FD4AA2): 8
LogDevObjectVersion:   Dev-Build (E1C64328-A22C-4D53-A36C-8E866417BD8C): 0
LogDevObjectVersion:   Dev-Core (375EC13C-06E4-48FB-B500-84F0262A717E): 2
LogDevObjectVersion:   Dev-Editor (E4B068ED-F494-42E9-A231-DA0B2E46BB41): 14
LogDevObjectVersion:   Dev-Framework (CFFC743F-43B0-4480-9391-14DF171D2073): 22
LogDevObjectVersion:   Dev-Mobile (B02B49B5-BB20-44E9-A304-32B752E40360): 0
LogDevObjectVersion:   Dev-Networking (A4E4105C-59A1-49B5-A7C5-40C4547EDFEE): 0
LogDevObjectVersion:   Dev-Online (39C831C9-5AE6-47DC-9A44-9C173E1C8E7C): 0
LogDevObjectVersion:   Dev-Physics (78F01B33-EBEA-4F98-B9B4-84EACCB95AA2): 0
LogDevObjectVersion:   Dev-Platform (6631380F-2D4D-43E0-8009-CF276956A95A): 0
LogDevObjectVersion:   Dev-Rendering (12F88B9F-8875-4AFC-A67C-D90C383ABD29): 12
LogDevObjectVersion:   Dev-Sequencer (7B5AE74C-D270-4C10-A958-57980B212A5A): 3
LogDevObjectVersion:   Dev-VR (D7296918-1DD6-4BDD-9DE2-64A83CC13884): 0
LogDevObjectVersion:   Dev-LoadTimes (C2A15278-BFE7-4AFE-6C17-90FF531DF755): 1
LogInit: Compiled (64-bit): May 21 2017 11:02:34
LogInit: Compiled with Visual C++: 19.00.23026.00
LogInit: Build Configuration: Development
LogInit: Branch Name: ++UE4+Release-4.15
LogInit: Command line: -EpicPortal 
LogInit: Base directory: C:/Program Files/Epic Games/UE_4.15/Engine/Binaries/Win64/
LogInit: Installed Engine Build: 1
LogInit: Presizing for max 8388607 objects, including 0 objects not considered by GC, pre-allocating 0 bytes for permanent pool.
LogInit: Object subsystem initialized
[2017.11.22-19.43.02:151][  0]LogInit: Selected Device Profile: [Windows]
[2017.11.22-19.43.02:151][  0]LogInit: Applying CVar settings loaded from the selected device profile: [Windows]
[2017.11.22-19.43.02:168][  0]LogInit: Computer: DESKTOP-B7QLANU
[2017.11.22-19.43.02:168][  0]LogInit: User: leech
[2017.11.22-19.43.02:168][  0]LogInit: CPU Page size=65536, Cores=6
[2017.11.22-19.43.02:168][  0]LogInit: High frequency timer resolution =3.386947 MHz
[2017.11.22-19.43.02:169][  0]LogMemory: Memory total: Physical=15.9GB (16GB approx)
[2017.11.22-19.43.02:169][  0]LogMemory: Platform Memory Stats for Windows
[2017.11.22-19.43.02:169][  0]LogMemory: Process Physical Memory: 265.52 MB used, 265.52 MB peak
[2017.11.22-19.43.02:169][  0]LogMemory: Process Virtual Memory: 270.39 MB used, 270.39 MB peak
[2017.11.22-19.43.02:169][  0]LogMemory: Physical Memory: 7043.25 MB used,  9251.64 MB free, 16294.88 MB total
[2017.11.22-19.43.02:169][  0]LogMemory: Virtual Memory: 679.57 MB used,  9251.64 MB free, 134217728.00 MB total
[2017.11.22-19.43.02:348][  0]LogTextLocalizationManager: No specific translations for ('en-US') exist, so ('en') translations will be used.
[2017.11.22-19.43.03:085][  0]LogD3D11RHI: D3D11 adapters:
[2017.11.22-19.43.03:132][  0]LogD3D11RHI:    0. 'NVIDIA GeForce GTX 1080' (Feature Level 11_0)
[2017.11.22-19.43.03:132][  0]LogD3D11RHI:       8086/0/8147 MB DedicatedVideo/DedicatedSystem/SharedSystem, Outputs:1, VendorId:0x10de
[2017.11.22-19.43.03:136][  0]LogD3D11RHI:    1. 'Microsoft Basic Render Driver' (Feature Level 11_0)
[2017.11.22-19.43.03:136][  0]LogD3D11RHI:       0/0/8147 MB DedicatedVideo/DedicatedSystem/SharedSystem, Outputs:0, VendorId:0x1414
[2017.11.22-19.43.03:136][  0]LogD3D11RHI: Chosen D3D11 Adapter: 0
[2017.11.22-19.43.03:145][  0]LogD3D11RHI: Creating new Direct3DDevice
[2017.11.22-19.43.03:146][  0]LogD3D11RHI:     GPU DeviceId: 0x1b80 (for the marketing name, search the web for "GPU Device Id")
[2017.11.22-19.43.03:146][  0]LogWindows: EnumDisplayDevices:
[2017.11.22-19.43.03:146][  0]LogWindows:    0. 'NVIDIA GeForce GTX 1080' (P:1 D:1)
[2017.11.22-19.43.03:146][  0]LogWindows:    1. 'NVIDIA GeForce GTX 1080' (P:0 D:0)
[2017.11.22-19.43.03:147][  0]LogWindows:    2. 'NVIDIA GeForce GTX 1080' (P:0 D:0)
[2017.11.22-19.43.03:147][  0]LogWindows:    3. 'NVIDIA GeForce GTX 1080' (P:0 D:0)
[2017.11.22-19.43.03:148][  0]LogWindows: DebugString: GetVideoDriverDetailsInvalid PrimaryIsNotTheChoosenAdapter GetVideoDriverDetailsInvalid PrimaryIsNotTheChoosenAdapter GetVideoDriverDetailsInvalid PrimaryIsNotTheChoosenAdapter GetVideoDriverDetailsInvalid PrimaryIsNotTheChoosenAdapter FoundDriverCount:0 
[2017.11.22-19.43.03:148][  0]LogD3D11RHI:     Adapter Name: NVIDIA GeForce GTX 1080
[2017.11.22-19.43.03:148][  0]LogD3D11RHI:   Driver Version: Unknown (internal:Unknown, unified:Unknown)
[2017.11.22-19.43.03:148][  0]LogD3D11RHI:      Driver Date: Unknown
[2017.11.22-19.43.03:148][  0]LogRHI: Texture pool is 1361 MB (70% of 1945 MB)
[2017.11.22-19.43.03:180][  0]LogD3D11RHI: Async texture creation enabled
[2017.11.22-19.43.03:272][  0]LogD3D11RHI: GPU Timing Frequency: 1000.000000 (Debug: 2 1)
[2017.11.22-19.43.03:316][  0]LogShaderCompilers: Guid format shader working directory is 19 characters bigger than the processId version (D:/School/C++2/UE4HanoiSim/Intermediate/Shaders/WorkingDirectory/24728/).
[2017.11.22-19.43.03:317][  0]LogShaderCompilers: Cleaned the shader compiler working directory 'C:/Users/leech/AppData/Local/Temp/UnrealShaderWorkingDir/F38AB0B24358D92F3D7607B50B73C57C/'.
[2017.11.22-19.43.03:317][  0]LogShaderCompilers:Display: Using Local Shader Compiler.
[2017.11.22-19.43.04:770][  0]LogTemp:Display: Loaded TP AllDesktopTargetPlatform
[2017.11.22-19.43.04:853][  0]LogTemp:Display: Loaded TP MacClientTargetPlatform
[2017.11.22-19.43.04:935][  0]LogTemp:Display: Loaded TP MacNoEditorTargetPlatform
[2017.11.22-19.43.05:017][  0]LogTemp:Display: Loaded TP MacServerTargetPlatform
[2017.11.22-19.43.05:103][  0]LogTemp:Display: Loaded TP MacTargetPlatform
[2017.11.22-19.43.05:200][  0]LogTemp:Display: Loaded TP WindowsClientTargetPlatform
[2017.11.22-19.43.05:302][  0]LogTemp:Display: Loaded TP WindowsNoEditorTargetPlatform
[2017.11.22-19.43.05:392][  0]LogTemp:Display: Loaded TP WindowsServerTargetPlatform
[2017.11.22-19.43.05:469][  0]LogTemp:Display: Loaded TP WindowsTargetPlatform
[2017.11.22-19.43.05:551][  0]LogTemp:Display: Loaded TP AndroidTargetPlatform
[2017.11.22-19.43.05:635][  0]LogTemp:Display: Loaded TP Android_ASTCTargetPlatform
[2017.11.22-19.43.05:717][  0]LogTemp:Display: Loaded TP Android_ATCTargetPlatform
[2017.11.22-19.43.05:800][  0]LogTemp:Display: Loaded TP Android_DXTTargetPlatform
[2017.11.22-19.43.05:892][  0]LogTemp:Display: Loaded TP Android_ETC1TargetPlatform
[2017.11.22-19.43.05:988][  0]LogTemp:Display: Loaded TP Android_ETC2TargetPlatform
[2017.11.22-19.43.06:150][  0]LogTemp:Display: Loaded TP Android_MultiTargetPlatform
[2017.11.22-19.43.06:150][  0]LogTemp:Display: Loaded TP Android_PVRTCTargetPlatform
[2017.11.22-19.43.06:220][  0]LogTemp:Display: Loaded TP HTML5TargetPlatform
[2017.11.22-19.43.06:361][  0]LogTemp:Display: Loaded TP IOSTargetPlatform
[2017.11.22-19.43.06:412][  0]LogTemp:Display: Loaded TP TVOSTargetPlatform
[2017.11.22-19.43.06:510][  0]LogTemp:Display: Loaded TP LinuxClientTargetPlatform
[2017.11.22-19.43.06:601][  0]LogTemp:Display: Loaded TP LinuxNoEditorTargetPlatform
[2017.11.22-19.43.06:686][  0]LogTemp:Display: Loaded TP LinuxServerTargetPlatform
[2017.11.22-19.43.06:769][  0]LogTemp:Display: Loaded TP LinuxTargetPlatform
[2017.11.22-19.43.06:769][  0]LogTargetPlatformManager:Display: Building Assets For Windows
[2017.11.22-19.43.07:582][  0]LogDerivedDataCache:Display: Max Cache Size: 512 MB
[2017.11.22-19.43.07:634][  0]LogDerivedDataCache: Loaded boot cache 0.05s 50MB C:/Users/leech/AppData/Local/UnrealEngine/4.15/DerivedDataCache/Boot.ddc.
[2017.11.22-19.43.07:634][  0]LogDerivedDataCache:Display: Loaded Boot cache: C:/Users/leech/AppData/Local/UnrealEngine/4.15/DerivedDataCache/Boot.ddc
[2017.11.22-19.43.07:634][  0]LogDerivedDataCache: FDerivedDataBackendGraph:  Pak pak cache file D:/School/C++2/UE4HanoiSim/DerivedDataCache/DDC.ddp not found, will not use a pak cache.
[2017.11.22-19.43.07:634][  0]LogDerivedDataCache: Unable to find inner node Pak for hierarchical cache Hierarchy.
[2017.11.22-19.43.07:635][  0]LogDerivedDataCache: FDerivedDataBackendGraph:  CompressedPak pak cache file D:/School/C++2/UE4HanoiSim/DerivedDataCache/Compressed.ddp not found, will not use a pak cache.
[2017.11.22-19.43.07:635][  0]LogDerivedDataCache: Unable to find inner node CompressedPak for hierarchical cache Hierarchy.
[2017.11.22-19.43.07:650][  0]LogDerivedDataCache:Display: Pak cache opened for reading ../../../Engine/DerivedDataCache/Compressed.ddp.
[2017.11.22-19.43.07:662][  0]LogDerivedDataCache: Using Local data cache path C:/Users/leech/AppData/Local/UnrealEngine/Common/DerivedDataCache: Writable
[2017.11.22-19.43.07:670][  0]LogSlate: Using Freetype 2.6.0
[2017.11.22-19.43.07:671][  0]LogSlate: SlateFontCache - WITH_FREETYPE: 1, WITH_HARFBUZZ: 1
[2017.11.22-19.43.07:671][  0]LogSlate: SlateFontCache - WITH_FREETYPE: 1, WITH_HARFBUZZ: 1
[2017.11.22-19.43.08:163][  0]LogInit: Selected Device Profile: [Windows]
[2017.11.22-19.43.08:166][  0]LogContentStreaming: Texture pool size is 0.00 MB
[2017.11.22-19.43.08:438][  0]LogMeshUtilities: Using QuadricMeshReduction for automatic static mesh reduction
[2017.11.22-19.43.08:515][  0]LogSimplygon: Simplygon DLL not present - disabling.
[2017.11.22-19.43.08:595][  0]LogMeshUtilities: Using SimplygonSwarm for distributed automatic mesh merging
[2017.11.22-19.43.08:595][  0]LogMeshUtilities: No automatic skeletal mesh reduction module available
[2017.11.22-19.43.08:595][  0]LogMeshUtilities: No automatic mesh merging module available
[2017.11.22-19.43.09:258][  0]LogNetVersion: GetLocalNetworkVersion: CL: 3299760, ProjectName: ue4hanoisim, ProjectVersion: , EngineNetworkVersion: 2, GameNetworkVersion: 0, NetworkChecksum: 3064836195
[2017.11.22-19.43.09:327][  0]LogAssetRegistry: FAssetRegistry took 0.0225 seconds to start up
[2017.11.22-19.43.09:404][  0]LogPackageLocalizationCache: Processed 3 localized package path(s) for 2 prioritized culture(s) in 0.032024 seconds
[2017.11.22-19.43.09:409][  0]LogUObjectArray: 32493 objects as part of root set at end of initial load.
[2017.11.22-19.43.09:409][  0]LogUObjectAllocator: 7077032 out of 0 bytes used by permanent object pool.
[2017.11.22-19.43.09:409][  0]LogUObjectArray: CloseDisregardForGC: 0/0 objects in disregard for GC pool
[2017.11.22-19.43.09:530][  0]LogInit: WinSock: version 1.1 (2.2), MaxSocks=32767, MaxUdp=65467
[2017.11.22-19.43.12:239][  0]LogTcpMessaging: Initializing TcpMessaging bridge
[2017.11.22-19.43.12:310][  0]LogUdpMessaging: Initializing bridge on interface 0.0.0.0:0 to multicast group 230.0.0.1:6666.
[2017.11.22-19.43.13:231][  0]LogMaterial: Uniform references updated for custom material expression Custom.
[2017.11.22-19.43.13:858][  0]SourceControl: Info Source control is disabled
[2017.11.22-19.43.13:942][  0]SourceControl: Info Source control is disabled
[2017.11.22-19.43.14:029][  0]SourceControl: Info Source control is disabled
[2017.11.22-19.43.14:113][  0]SourceControl: Info Source control is disabled
[2017.11.22-19.43.14:670][  0]LogLinker:Warning: Can't find file '/Game/PuzzleBP/PuzzleOverview'
[2017.11.22-19.43.14:670][  0]LogLinker:Warning: Can't find file '/Game/PuzzleBP/PuzzleOverview'
[2017.11.22-19.43.14:670][  0]LogUObjectGlobals:Warning: Failed to find object 'Class /Game/PuzzleBP/PuzzleOverview.PuzzleOverview_C'
[2017.11.22-19.43.16:347][  0]LogEngine: Initializing Engine...
[2017.11.22-19.43.16:348][  0]LogHMD: Failed to initialize OpenVR with code 110
[2017.11.22-19.43.16:438][  0]LogStats: UGameplayTagsManager::ConstructGameplayTagTree: Construct from data asset -  0.000 s
[2017.11.22-19.43.16:438][  0]LogStats: UGameplayTagsManager::ConstructGameplayTagTree: GameplayTagTreeChangedEvent.Broadcast -  0.000 s
[2017.11.22-19.43.16:667][  0]LogAIModule: Creating AISystem for world Untitled
[2017.11.22-19.43.16:710][  0]LogInit: XAudio2 using 'HP Spectre 32-8 (NVIDIA High Definition Audio)' : 2 channels at 48 kHz using 16 bits per sample (channel mask 0x3)
[2017.11.22-19.43.16:730][  0]LogInit: FAudioDevice initialized.
[2017.11.22-19.43.16:759][  0]LogDerivedDataCache: Saved boot cache 0.03s 50MB C:/Users/leech/AppData/Local/UnrealEngine/4.15/DerivedDataCache/Boot.ddc.
[2017.11.22-19.43.16:766][  0]LogInit: Texture streaming: Enabled
[2017.11.22-19.43.16:950][  0]LogEngineSessionManager: EngineSessionManager initialized
[2017.11.22-19.43.17:119][  0]LogInit: Transaction tracking system initialized
[2017.11.22-19.43.17:781][  0]BlueprintLog: New page: Editor Load
[2017.11.22-19.43.19:458][  0]LocalizationService: Info Localization service is disabled
[2017.11.22-19.43.20:700][  0]LogConsoleResponse:Display: 
[2017.11.22-19.43.20:856][  0]LogCook:Display: Max memory allowance for cook 16384mb min free memory 0mb
[2017.11.22-19.43.20:856][  0]LogCook:Display: Mobile HDR setting 1
[2017.11.22-19.43.21:699][  0]LogFileCache: Scanning file cache for directory 'D:/School/C++2/UE4HanoiSim/Content/' took 0.01s
[2017.11.22-19.43.22:716][  0]SourceControl: Info Source control is disabled
[2017.11.22-19.43.22:716][  0]Cmd: MAP LOAD FILE="../../../Engine/Content/Maps/Templates/Template_Default.umap" TEMPLATE=1 SHOWPROGRESS=1 FEATURELEVEL=3
[2017.11.22-19.43.22:717][  0]LightingResults: New page: Lighting Build
[2017.11.22-19.43.22:790][  0]MapCheck: New page: Map Check
[2017.11.22-19.43.22:790][  0]LightingResults: New page: Lighting Build
[2017.11.22-19.43.22:961][  0]LogAIModule: Creating AISystem for world Untitled_1
[2017.11.22-19.43.22:975][  0]LogActorComponent: RegisterComponentWithWorld: (/Temp/Untitled_1.Untitled_1:PersistentLevel.WorldSettings_1.StaticMeshComponent0) Trying to register component with IsPendingKill() == true. Aborting.
[2017.11.22-19.43.22:980][  0]LogEditorServer: Finished looking for orphan Actors (0.000 secs)
[2017.11.22-19.43.22:985][  0]Cmd: MAP CHECKDEP NOCLEARLOG
[2017.11.22-19.43.23:047][  0]MapCheck: Info Map check complete: 0 Error(s), 0 Warning(s), took 62.338ms to complete.
[2017.11.22-19.43.23:047][  0]LogFileHelpers: Loading map 'Template_Default' took 0.332
[2017.11.22-19.43.23:279][  0]LogCollectionManager: Loaded 0 collections in 0.001567 seconds
[2017.11.22-19.43.23:396][  0]LogFileCache: Scanning file cache for directory 'D:/School/C++2/UE4HanoiSim/Saved/Collections/' took 0.01s
[2017.11.22-19.43.23:396][  0]LogFileCache: Scanning file cache for directory 'D:/School/C++2/UE4HanoiSim/Content/Developers/leech/Collections/' took 0.01s
[2017.11.22-19.43.23:396][  0]LogFileCache: Scanning file cache for directory 'D:/School/C++2/UE4HanoiSim/Content/Collections/' took 0.01s
[2017.11.22-19.43.23:396][  0]LogCollectionManager: Rebuilt the GUID cache for 0 collections in 0.000001 seconds
[2017.11.22-19.43.23:407][  0]LogContentBrowser: Native class hierarchy populated in 0.0098 seconds. Added 2247 classes and 455 folders.
[2017.11.22-19.43.23:533][  0]LogContentBrowser: Native class hierarchy updated for 'WidgetCarousel' in 0.0022 seconds. Added 0 classes and 0 folders.
[2017.11.22-19.43.23:658][  0]LogContentBrowser: Native class hierarchy updated for 'AddContentDialog' in 0.0022 seconds. Added 0 classes and 0 folders.
[2017.11.22-19.43.23:739][  0]LogContentBrowser: Native class hierarchy updated for 'SceneOutliner' in 0.0022 seconds. Added 1 classes and 2 folders.
[2017.11.22-19.43.23:828][  0]LogContentBrowser: Native class hierarchy updated for 'WorldBrowser' in 0.0022 seconds. Added 1 classes and 3 folders.
[2017.11.22-19.43.23:981][  0]LogCrashTracker: Crashtracker disabled due to settings.
[2017.11.22-19.43.23:994][  0]LogUObjectGlobals:Warning: Failed to find object 'Class None.'
[2017.11.22-19.43.24:091][  0]LogContentBrowser: Native class hierarchy updated for 'HierarchicalLODOutliner' in 0.0022 seconds. Added 1 classes and 2 folders.
[2017.11.22-19.43.24:091][  0]LogLoad: (Engine Initialization) Total time: 25.21 seconds
[2017.11.22-19.43.24:091][  0]LogLoad: (Engine Initialization) Total Blueprint compile time: 0.12 seconds
[2017.11.22-19.43.24:091][  0]LogExternalProfiler: Found external profiler: VSPerf
[2017.11.22-19.43.24:091][  0]LogExternalProfiler: Using external profiler: VSPerf
[2017.11.22-19.43.24:431][  0]LogOcInput: OculusInput pre-init called
[2017.11.22-19.43.24:469][  0]LogContentStreaming: Texture pool size now 1000 MB
[2017.11.22-19.43.24:471][  0]LogSlate: Took 0.000455 seconds to synchronously load lazily loaded font '../../../Engine/Content/Slate/Fonts/Roboto-Regular.ttf' (155K)
[2017.11.22-19.43.24:476][  0]LogSlate: Took 0.000459 seconds to synchronously load lazily loaded font '../../../Engine/Content/Slate/Fonts/Roboto-Bold.ttf' (160K)
[2017.11.22-19.43.24:484][  0]LogSlate: Took 0.001264 seconds to synchronously load lazily loaded font '../../../Engine/Content/Editor/Slate/Fonts/FontAwesome.ttf' (139K)
[2017.11.22-19.43.24:782][  1]LogRenderer: Reallocating scene render targets to support 816x372 NumSamples 1 (Frame:2).
[2017.11.22-19.43.24:783][  1]LogAssetRegistry: Asset discovery search completed in 15.4784 seconds
[2017.11.22-19.43.24:783][  1]LogCollectionManager: Rebuilt the object cache for 0 collections in 0.000007 seconds (found 0 objects)
[2017.11.22-19.43.24:783][  1]LogCollectionManager: Fixed up redirectors for 0 collections in 0.000027 seconds (updated 0 objects)
[2017.11.22-19.43.35:212][601]LogTemp: Repeting last play command: Selected Viewport
[2017.11.22-19.43.35:220][601]LogPlayLevel: PlayLevel: No blueprints needed recompiling
[2017.11.22-19.43.35:221][601]PIE: New page: PIE session: Untitled_1 (Nov 22, 2017, 7:43:35 AM)
[2017.11.22-19.43.35:222][601]LogPlayLevel: Creating play world package: /Temp/UEDPIE_0_Untitled_1
[2017.11.22-19.43.35:224][601]LogPlayLevel: PIE: StaticDuplicateObject took: (0.002324s)
[2017.11.22-19.43.35:224][601]LogAIModule: Creating AISystem for world Untitled_1
[2017.11.22-19.43.35:225][601]LogPlayLevel: PIE: World Init took: (0.000550s)
[2017.11.22-19.43.35:225][601]LogPlayLevel: PIE: Created PIE world by copying editor world from /Temp/Untitled_1.Untitled_1 to /Temp/UEDPIE_0_Untitled_1.Untitled_1 (0.003542s)
[2017.11.22-19.43.35:275][601]LogInit: XAudio2 using 'HP Spectre 32-8 (NVIDIA High Definition Audio)' : 2 channels at 48 kHz using 16 bits per sample (channel mask 0x3)
[2017.11.22-19.43.35:291][601]LogInit: FAudioDevice initialized.
[2017.11.22-19.43.35:340][601]LogLoad: Game class is 'GameModeBase'
[2017.11.22-19.43.35:346][601]LogWorld: Bringing World /Temp/UEDPIE_0_Untitled_1.Untitled_1 up for play (max tick rate 0) at 2017.11.22-13.43.35
[2017.11.22-19.43.35:346][601]LogWorld: Bringing up level for play took: 0.001317
[2017.11.22-19.43.35:429][601]LogContentBrowser: Native class hierarchy updated for 'MovieSceneCapture' in 0.0023 seconds. Added 11 classes and 0 folders.
[2017.11.22-19.43.35:433][601]PIE: Info Play in editor start time for /Temp/UEDPIE_0_Untitled_1 0.597
[2017.11.22-19.44.21:394][879]LogSlate: Only BGRA pngs, bmps or icos are supported in by External Image Picker
[2017.11.22-19.44.21:523][886]LogTemp:Display: Executing iPhonePackager certificates Engine -bundlename com.YourCompany.UE4HanoiSim

[2017.11.22-19.44.21:523][886]LogTemp:Display: CWD: C:\Program Files\Epic Games\UE_4.15\Engine\Binaries\DotNET\IOS

[2017.11.22-19.44.21:523][886]LogTemp:Display: Initial Dir: C:\Program Files\Epic Games\UE_4.15

[2017.11.22-19.44.21:523][886]LogTemp:Display: Env CWD: C:\Program Files\Epic Games\UE_4.15\Engine\Binaries\DotNET\IOS

[2017.11.22-19.44.21:531][887]LogTemp:Display: BranchPath = DESKTOP-B7QLANU/C/Program Files/Epic Games/UE_4.15/Engine/Binaries --- GameBranchPath = DESKTOP-B7QLANU/C/Program Files/Epic Games/UE_4.15/Engine/Binaries

[2017.11.22-19.44.21:571][891]LogTemp:Display: IPP ERROR: Application exception: System.IO.DirectoryNotFoundException: Could not find a part of the path 'C:\Users\leech\AppData\Local\Apple Computer\MobileDevice\Provisioning Profiles'.

[2017.11.22-19.44.21:571][891]LogTemp:Display:    at System.IO.__Error.WinIOError(Int32 errorCode, String maybeFullPath)

[2017.11.22-19.44.21:571][891]LogTemp:Display:    at System.IO.FileSystemEnumerableIterator`1.CommonInit()

[2017.11.22-19.44.21:571][891]LogTemp:Display:    at System.IO.Directory.EnumerateFiles(String path, String searchPattern)

[2017.11.22-19.44.21:571][891]LogTemp:Display:    at iPhonePackager.CodeSignatureBuilder.FindProvisions(String CFBundleIdentifier)

[2017.11.22-19.44.21:571][891]LogTemp:Display:    at iPhonePackager.Program.Main(String[] args)

[2017.11.22-19.45.21:632][772]LogSlate: Took 0.000833 seconds to synchronously load lazily loaded font '../../../Engine/Content/Slate/Fonts/Roboto-Light.ttf' (159K)
[2017.11.22-19.45.29:565][702]LogSlate:Warning: Prevented a slow task dialog from being summoned while a context menu was open
[2017.11.22-19.45.43:491][349]LogSlate: Took 0.000269 seconds to synchronously load lazily loaded font '../../../Engine/Content/Slate/Fonts/Roboto-Light.ttf' (159K)
[2017.11.22-19.45.45:505][349]LogTextFormatter:Warning: Failed to parse argument "ExistingAsset" as a number (using "0" as a fallback). Please check your format string for errors: "{ExistingAsset} already exists. Do you want to replace it?".
[2017.11.22-19.45.46:987][349]Cmd: OBJ SAVEPACKAGE PACKAGE="/Game/Hanoi" FILE="D:/School/C++2/UE4HanoiSim/Content/Hanoi.umap" SILENT=true AUTOSAVING=false KEEPDIRTY=false
[2017.11.22-19.45.47:050][349]LogSavePackage: Save=34.24ms
[2017.11.22-19.45.47:050][349]LogSavePackage: Moving 'D:/School/C++2/UE4HanoiSim/Saved/Hanoi480F427D4AA82891F279C0A5E6BE81AE.tmp' to 'D:/School/C++2/UE4HanoiSim/Content/Hanoi.umap'
[2017.11.22-19.45.47:054][349]LogSavePackage:Display: Finished SavePackage D:/School/C++2/UE4HanoiSim/Content/Hanoi.umap
[2017.11.22-19.45.47:079][349]LogFileHelpers: Saving map 'Hanoi' took 0.394
[2017.11.22-19.45.51:269][842]LogTemp: Repeting last play command: Selected Viewport
[2017.11.22-19.45.51:277][842]LogPlayLevel: PlayLevel: No blueprints needed recompiling
[2017.11.22-19.45.51:277][842]PIE: New page: PIE session: Hanoi (Nov 22, 2017, 7:45:51 AM)
[2017.11.22-19.45.51:278][842]LogPlayLevel: Creating play world package: /Game/UEDPIE_0_Hanoi
[2017.11.22-19.45.51:279][842]LogPlayLevel: PIE: StaticDuplicateObject took: (0.001372s)
[2017.11.22-19.45.51:279][842]LogAIModule: Creating AISystem for world Hanoi
[2017.11.22-19.45.51:279][842]LogPlayLevel: PIE: World Init took: (0.000491s)
[2017.11.22-19.45.51:280][842]LogPlayLevel: PIE: Created PIE world by copying editor world from /Game/Hanoi.Hanoi to /Game/UEDPIE_0_Hanoi.Hanoi (0.002001s)
[2017.11.22-19.45.51:320][842]LogInit: XAudio2 using 'HP Spectre 32-8 (NVIDIA High Definition Audio)' : 2 channels at 48 kHz using 16 bits per sample (channel mask 0x3)
[2017.11.22-19.45.51:333][842]LogInit: FAudioDevice initialized.
[2017.11.22-19.45.51:367][842]LogLoad: Game class is 'HanoiGameMode_C'
[2017.11.22-19.45.51:369][842]LogWorld: Bringing World /Game/UEDPIE_0_Hanoi.Hanoi up for play (max tick rate 0) at 2017.11.22-13.45.51
[2017.11.22-19.45.51:369][842]LogWorld: Bringing up level for play took: 0.000690
[2017.11.22-19.45.51:373][842]PIE: Info Play in editor start time for /Game/UEDPIE_0_Hanoi 0.537
[2017.11.22-19.49.45:911][339]LogSlate: Only BGRA pngs, bmps or icos are supported in by External Image Picker
[2017.11.22-19.49.46:007][343]LogTemp:Display: Executing iPhonePackager certificates Engine -bundlename com.YourCompany.UE4HanoiSim

[2017.11.22-19.49.46:007][343]LogTemp:Display: CWD: C:\Program Files\Epic Games\UE_4.15\Engine\Binaries\DotNET\IOS

[2017.11.22-19.49.46:007][343]LogTemp:Display: Initial Dir: C:\Program Files\Epic Games\UE_4.15

[2017.11.22-19.49.46:007][343]LogTemp:Display: Env CWD: C:\Program Files\Epic Games\UE_4.15\Engine\Binaries\DotNET\IOS

[2017.11.22-19.49.46:007][343]LogTemp:Display: BranchPath = DESKTOP-B7QLANU/C/Program Files/Epic Games/UE_4.15/Engine/Binaries --- GameBranchPath = DESKTOP-B7QLANU/C/Program Files/Epic Games/UE_4.15/Engine/Binaries

[2017.11.22-19.49.46:034][346]LogTemp:Display: IPP ERROR: Application exception: System.IO.DirectoryNotFoundException: Could not find a part of the path 'C:\Users\leech\AppData\Local\Apple Computer\MobileDevice\Provisioning Profiles'.

[2017.11.22-19.49.46:035][346]LogTemp:Display:    at System.IO.__Error.WinIOError(Int32 errorCode, String maybeFullPath)

[2017.11.22-19.49.46:035][346]LogTemp:Display:    at System.IO.FileSystemEnumerableIterator`1.CommonInit()

[2017.11.22-19.49.46:035][346]LogTemp:Display:    at System.IO.Directory.EnumerateFiles(String path, String searchPattern)

[2017.11.22-19.49.46:035][346]LogTemp:Display:    at iPhonePackager.CodeSignatureBuilder.FindProvisions(String CFBundleIdentifier)

[2017.11.22-19.49.46:035][346]LogTemp:Display:    at iPhonePackager.Program.Main(String[] args)

[2017.11.22-19.50.29:048][141]LogSourceControl:Error: 'D:/School/C++2/UE4HanoiSim/' is not part of a Git repository
[2017.11.22-19.52.32:052][385]SourceControl: Info On branch master
[2017.11.22-19.52.32:052][385]SourceControl: Info Untracked files:
[2017.11.22-19.52.32:052][385]SourceControl: Info   (use "git add <file>..." to include in what will be committed)
[2017.11.22-19.52.32:052][385]SourceControl: Info 	.vs/
[2017.11.22-19.52.32:052][385]SourceControl: Info nothing added to commit but untracked files present (use "git add" to track)
[2017.11.22-19.54.31:085][142]SourceControl: Info On branch master
[2017.11.22-19.54.31:085][142]SourceControl: Info Untracked files:
[2017.11.22-19.54.31:085][142]SourceControl: Info   (use "git add <file>..." to include in what will be committed)
[2017.11.22-19.54.31:085][142]SourceControl: Info 	.vs/
[2017.11.22-19.54.31:085][142]SourceControl: Info nothing added to commit but untracked files present (use "git add" to track)
[2017.11.22-19.54.44:003][670]SourceControl: Info On branch master
[2017.11.22-19.54.44:003][670]SourceControl: Info Untracked files:
[2017.11.22-19.54.44:003][670]SourceControl: Info   (use "git add <file>..." to include in what will be committed)
[2017.11.22-19.54.44:003][670]SourceControl: Info 	.vs/
[2017.11.22-19.54.44:003][670]SourceControl: Info nothing added to commit but untracked files present (use "git add" to track)
[2017.11.22-19.54.46:792][998]SourceControl: Info fatal: C:/Program Files/Epic Games/UE_4.15/Engine/Content/: 'C:/Program Files/Epic Games/UE_4.15/Engine/Content/' is outside repository
[2017.11.22-19.54.46:886][998]LogPackageName:Error: Illegal call to DoesPackageExist: 'D:/School/C++2/UE4HanoiSim/UE4HanoiSim.uproject' is not a standard unreal filename or a long path name. Reason: Path should be no less than 4 characters long.
[2017.11.22-19.54.47:076][998]LogStats: FPlatformStackWalk::StackWalkAndDump -  0.189 s
[2017.11.22-19.54.47:076][998]LogOutputDevice:Error: === Handled ensure: ===
[2017.11.22-19.54.47:076][998]LogOutputDevice:Error: 
[2017.11.22-19.54.47:076][998]LogOutputDevice:Error: Ensure condition failed: false [File:D:\Build\++UE4+Release-4.15+Compile\Sync\Engine\Source\Runtime\CoreUObject\Private\Misc\PackageName.cpp] [Line: 650]
[2017.11.22-19.54.47:076][998]LogOutputDevice:Error: Illegal call to DoesPackageExist: 'D:/School/C++2/UE4HanoiSim/UE4HanoiSim.uproject' is not a standard unreal filename or a long path name. Reason: Path should be no less than 4 characters long.
[2017.11.22-19.54.47:076][998]LogOutputDevice:Error: Stack: 
[2017.11.22-19.54.47:076][998]LogOutputDevice:Error: UE4Editor-Core.dll!0x00000000009095E6
[2017.11.22-19.54.47:076][998]LogOutputDevice:Error: UE4Editor-Core.dll!0x00000000006B9B82
[2017.11.22-19.54.47:076][998]LogOutputDevice:Error: UE4Editor-Core.dll!0x00000000006CB666
[2017.11.22-19.54.47:076][998]LogOutputDevice:Error: UE4Editor-CoreUObject.dll!0x000000000009A6E8
[2017.11.22-19.54.47:076][998]LogOutputDevice:Error: UE4Editor-SourceControl.dll!0x000000000DC23D22
[2017.11.22-19.54.47:076][998]LogOutputDevice:Error: UE4Editor-SourceControl.dll!0x000000000DC23EB9
[2017.11.22-19.54.47:076][998]LogOutputDevice:Error: UE4Editor-SourceControlWindows.dll!0x00000000D9731D2E
[2017.11.22-19.54.47:076][998]LogOutputDevice:Error: UE4Editor-SourceControlWindows.dll!0x00000000D96EB4B5
[2017.11.22-19.54.47:076][998]LogOutputDevice:Error: UE4Editor-SourceControlWindows.dll!0x00000000D96EAA8D
[2017.11.22-19.54.47:076][998]LogOutputDevice:Error: UE4Editor-SourceControlWindows.dll!0x00000000D96FF274
[2017.11.22-19.54.47:076][998]LogOutputDevice:Error: UE4Editor-GitSourceControl.dll!0x00000000CE3BB851
[2017.11.22-19.54.47:076][998]LogOutputDevice:Error: UE4Editor-GitSourceControl.dll!0x00000000CE3CD1ED
[2017.11.22-19.54.47:076][998]LogOutputDevice:Error: UE4Editor-SourceControl.dll!0x000000000DC29C5C
[2017.11.22-19.54.47:076][998]LogOutputDevice:Error: UE4Editor-UnrealEd.dll!0x00000000E7827517
[2017.11.22-19.54.47:076][998]LogOutputDevice:Error: UE4Editor-UnrealEd.dll!0x00000000E8032196
[2017.11.22-19.54.47:076][998]LogOutputDevice:Error: UE4Editor.exe!0x00000000C8FBDEE3
[2017.11.22-19.54.47:076][998]LogOutputDevice:Error: UE4Editor.exe!0x00000000C8FAEB40
[2017.11.22-19.54.47:076][998]LogOutputDevice:Error: UE4Editor.exe!0x00000000C8FAEBBA
[2017.11.22-19.54.47:076][998]LogOutputDevice:Error: UE4Editor.exe!0x00000000C8FC0A29
[2017.11.22-19.54.47:076][998]LogOutputDevice:Error: UE4Editor.exe!0x00000000C8FC22B6
[2017.11.22-19.54.47:076][998]LogOutputDevice:Error: KERNEL32.DLL!0x00000000472F1FE4
[2017.11.22-19.54.47:076][998]LogOutputDevice:Error: ntdll.dll!0x000000004979EF91
[2017.11.22-19.54.47:076][998]LogOutputDevice:Error: 
[2017.11.22-19.54.47:083][998]LogStats:                SubmitErrorReport -  0.000 s
[2017.11.22-19.54.47:996][998]LogStats:                    SendNewReport -  0.913 s
[2017.11.22-19.54.47:996][998]LogStats:             FDebug::EnsureFailed -  1.109 s
[2017.11.22-19.57.41:644][137]SourceControl: Info Source control is disabled
[2017.11.22-19.58.41:946][501]SourceControl: Info On branch master
[2017.11.22-19.58.41:946][501]SourceControl: Info Untracked files:
[2017.11.22-19.58.41:946][501]SourceControl: Info   (use "git add <file>..." to include in what will be committed)
[2017.11.22-19.58.41:946][501]SourceControl: Info 	.vs/
[2017.11.22-19.58.41:946][501]SourceControl: Info nothing added to commit but untracked files present (use "git add" to track)
[2017.11.22-19.58.45:762][948]SourceControl: Info Source control is disabled
