Log file open, 12/10/17 17:34:12
LogInit:Display: Running engine for game: UnrealHanoiSim
LogPlatformFile: Not using cached read wrapper
LogInit:Display: RandInit(-1645290474) SRandInit(-1645290474).
LogTaskGraph: Started task graph with 5 named threads and 10 total threads with 1 sets of task threads.
LogStats: Stats thread started at 0.099266
LogInit: Using libcurl 7.47.1
LogInit:  - built for x86_64-pc-win32
LogInit:  - supports SSL with OpenSSL/1.0.2g
LogInit:  - supports HTTP deflate (compression) using libz 1.2.8
LogInit:  - other features:
LogInit:      CURL_VERSION_SSL
LogInit:      CURL_VERSION_LIBZ
LogInit:      CURL_VERSION_IPV6
LogInit:      CURL_VERSION_ASYNCHDNS
LogInit:      CURL_VERSION_LARGEFILE
LogInit:      CURL_VERSION_IDN
LogInit:  CurlRequestOptions (configurable via config and command line):
LogInit:  - bVerifyPeer = false  - Libcurl will NOT verify peer certificate
LogInit:  - bUseHttpProxy = false  - Libcurl will NOT use HTTP proxy
LogInit:  - bDontReuseConnections = false  - Libcurl will reuse connections
LogInit:  - CertBundlePath = nullptr  - Libcurl will use whatever was configured at build time.
LogInit: Build: ++UE4+Release-4.15-CL-3450819
LogInit: Engine Version: 4.15.3-3450819+++UE4+Release-4.15
LogInit: Compatible Engine Version: 4.15.0-3299760+++UE4+Release-4.15
LogInit: Net CL: 3299760
LogDevObjectVersion: Number of dev versions registered: 14
LogDevObjectVersion:   Dev-Blueprints (B0D832E4-1F89-4F0D-ACCF-7EB736FD4AA2): 8
LogDevObjectVersion:   Dev-Build (E1C64328-A22C-4D53-A36C-8E866417BD8C): 0
LogDevObjectVersion:   Dev-Core (375EC13C-06E4-48FB-B500-84F0262A717E): 2
LogDevObjectVersion:   Dev-Editor (E4B068ED-F494-42E9-A231-DA0B2E46BB41): 14
LogDevObjectVersion:   Dev-Framework (CFFC743F-43B0-4480-9391-14DF171D2073): 22
LogDevObjectVersion:   Dev-Mobile (B02B49B5-BB20-44E9-A304-32B752E40360): 0
LogDevObjectVersion:   Dev-Networking (A4E4105C-59A1-49B5-A7C5-40C4547EDFEE): 0
LogDevObjectVersion:   Dev-Online (39C831C9-5AE6-47DC-9A44-9C173E1C8E7C): 0
LogDevObjectVersion:   Dev-Physics (78F01B33-EBEA-4F98-B9B4-84EACCB95AA2): 0
LogDevObjectVersion:   Dev-Platform (6631380F-2D4D-43E0-8009-CF276956A95A): 0
LogDevObjectVersion:   Dev-Rendering (12F88B9F-8875-4AFC-A67C-D90C383ABD29): 12
LogDevObjectVersion:   Dev-Sequencer (7B5AE74C-D270-4C10-A958-57980B212A5A): 3
LogDevObjectVersion:   Dev-VR (D7296918-1DD6-4BDD-9DE2-64A83CC13884): 0
LogDevObjectVersion:   Dev-LoadTimes (C2A15278-BFE7-4AFE-6C17-90FF531DF755): 1
LogInit: Compiled (64-bit): May 21 2017 11:02:34
LogInit: Compiled with Visual C++: 19.00.23026.00
LogInit: Build Configuration: Development
LogInit: Branch Name: ++UE4+Release-4.15
LogInit: Command line: 
LogInit: Base directory: C:/Program Files/Epic Games/UE_4.15/Engine/Binaries/Win64/
LogInit: Installed Engine Build: 1
LogInit: Presizing for max 8388607 objects, including 0 objects not considered by GC, pre-allocating 0 bytes for permanent pool.
LogInit: Object subsystem initialized
[2017.12.10-23.34.14:110][  0]LogInit: Selected Device Profile: [Windows]
[2017.12.10-23.34.14:110][  0]LogInit: Applying CVar settings loaded from the selected device profile: [Windows]
[2017.12.10-23.34.14:126][  0]LogInit: Computer: DESKTOP-B7QLANU
[2017.12.10-23.34.14:126][  0]LogInit: User: leech
[2017.12.10-23.34.14:126][  0]LogInit: CPU Page size=65536, Cores=6
[2017.12.10-23.34.14:126][  0]LogInit: High frequency timer resolution =3.318395 MHz
[2017.12.10-23.34.14:127][  0]LogMemory: Memory total: Physical=15.9GB (16GB approx)
[2017.12.10-23.34.14:127][  0]LogMemory: Platform Memory Stats for Windows
[2017.12.10-23.34.14:127][  0]LogMemory: Process Physical Memory: 264.84 MB used, 264.84 MB peak
[2017.12.10-23.34.14:127][  0]LogMemory: Process Virtual Memory: 270.15 MB used, 270.15 MB peak
[2017.12.10-23.34.14:127][  0]LogMemory: Physical Memory: 8118.96 MB used,  8175.93 MB free, 16294.88 MB total
[2017.12.10-23.34.14:127][  0]LogMemory: Virtual Memory: 679.05 MB used,  8175.93 MB free, 134217728.00 MB total
[2017.12.10-23.34.14:259][  0]LogTextLocalizationManager: No specific translations for ('en-US') exist, so ('en') translations will be used.
[2017.12.10-23.34.14:942][  0]LogD3D11RHI: D3D11 adapters:
[2017.12.10-23.34.14:997][  0]LogD3D11RHI:    0. 'NVIDIA GeForce GTX 1080' (Feature Level 11_0)
[2017.12.10-23.34.14:997][  0]LogD3D11RHI:       8086/0/8147 MB DedicatedVideo/DedicatedSystem/SharedSystem, Outputs:1, VendorId:0x10de
[2017.12.10-23.34.14:999][  0]LogD3D11RHI:    1. 'Microsoft Basic Render Driver' (Feature Level 11_0)
[2017.12.10-23.34.14:999][  0]LogD3D11RHI:       0/0/8147 MB DedicatedVideo/DedicatedSystem/SharedSystem, Outputs:0, VendorId:0x1414
[2017.12.10-23.34.14:999][  0]LogD3D11RHI: Chosen D3D11 Adapter: 0
[2017.12.10-23.34.15:008][  0]LogD3D11RHI: Creating new Direct3DDevice
[2017.12.10-23.34.15:008][  0]LogD3D11RHI:     GPU DeviceId: 0x1b80 (for the marketing name, search the web for "GPU Device Id")
[2017.12.10-23.34.15:008][  0]LogWindows: EnumDisplayDevices:
[2017.12.10-23.34.15:008][  0]LogWindows:    0. 'NVIDIA GeForce GTX 1080' (P:1 D:1)
[2017.12.10-23.34.15:009][  0]LogWindows:    1. 'NVIDIA GeForce GTX 1080' (P:0 D:0)
[2017.12.10-23.34.15:009][  0]LogWindows:    2. 'NVIDIA GeForce GTX 1080' (P:0 D:0)
[2017.12.10-23.34.15:009][  0]LogWindows:    3. 'NVIDIA GeForce GTX 1080' (P:0 D:0)
[2017.12.10-23.34.15:010][  0]LogWindows: DebugString: GetVideoDriverDetailsInvalid PrimaryIsNotTheChoosenAdapter GetVideoDriverDetailsInvalid PrimaryIsNotTheChoosenAdapter GetVideoDriverDetailsInvalid PrimaryIsNotTheChoosenAdapter GetVideoDriverDetailsInvalid PrimaryIsNotTheChoosenAdapter FoundDriverCount:0 
[2017.12.10-23.34.15:010][  0]LogD3D11RHI:     Adapter Name: NVIDIA GeForce GTX 1080
[2017.12.10-23.34.15:010][  0]LogD3D11RHI:   Driver Version: Unknown (internal:Unknown, unified:Unknown)
[2017.12.10-23.34.15:010][  0]LogD3D11RHI:      Driver Date: Unknown
[2017.12.10-23.34.15:010][  0]LogRHI: Texture pool is 1361 MB (70% of 1945 MB)
[2017.12.10-23.34.15:034][  0]LogD3D11RHI: Async texture creation enabled
[2017.12.10-23.34.15:085][  0]LogD3D11RHI: GPU Timing Frequency: 1000.000000 (Debug: 2 1)
[2017.12.10-23.34.15:129][  0]LogShaderCompilers: Guid format shader working directory is 17 characters bigger than the processId version (D:/School/C++2/UnrealHanoiSim/Intermediate/Shaders/WorkingDirectory/3432/).
[2017.12.10-23.34.15:129][  0]LogShaderCompilers: Cleaned the shader compiler working directory 'C:/Users/leech/AppData/Local/Temp/UnrealShaderWorkingDir/E9E9824641E1C7EA10C370A66837245C/'.
[2017.12.10-23.34.15:129][  0]LogShaderCompilers:Display: Using Local Shader Compiler.
[2017.12.10-23.34.16:397][  0]LogTemp:Display: Loaded TP AllDesktopTargetPlatform
[2017.12.10-23.34.16:466][  0]LogTemp:Display: Loaded TP MacClientTargetPlatform
[2017.12.10-23.34.16:533][  0]LogTemp:Display: Loaded TP MacNoEditorTargetPlatform
[2017.12.10-23.34.16:600][  0]LogTemp:Display: Loaded TP MacServerTargetPlatform
[2017.12.10-23.34.16:667][  0]LogTemp:Display: Loaded TP MacTargetPlatform
[2017.12.10-23.34.16:734][  0]LogTemp:Display: Loaded TP WindowsClientTargetPlatform
[2017.12.10-23.34.16:800][  0]LogTemp:Display: Loaded TP WindowsNoEditorTargetPlatform
[2017.12.10-23.34.16:867][  0]LogTemp:Display: Loaded TP WindowsServerTargetPlatform
[2017.12.10-23.34.16:926][  0]LogTemp:Display: Loaded TP WindowsTargetPlatform
[2017.12.10-23.34.16:991][  0]LogTemp:Display: Loaded TP AndroidTargetPlatform
[2017.12.10-23.34.17:057][  0]LogTemp:Display: Loaded TP Android_ASTCTargetPlatform
[2017.12.10-23.34.17:122][  0]LogTemp:Display: Loaded TP Android_ATCTargetPlatform
[2017.12.10-23.34.17:196][  0]LogTemp:Display: Loaded TP Android_DXTTargetPlatform
[2017.12.10-23.34.17:263][  0]LogTemp:Display: Loaded TP Android_ETC1TargetPlatform
[2017.12.10-23.34.17:329][  0]LogTemp:Display: Loaded TP Android_ETC2TargetPlatform
[2017.12.10-23.34.17:470][  0]LogTemp:Display: Loaded TP Android_MultiTargetPlatform
[2017.12.10-23.34.17:470][  0]LogTemp:Display: Loaded TP Android_PVRTCTargetPlatform
[2017.12.10-23.34.17:522][  0]LogTemp:Display: Loaded TP HTML5TargetPlatform
[2017.12.10-23.34.17:638][  0]LogTemp:Display: Loaded TP IOSTargetPlatform
[2017.12.10-23.34.17:679][  0]LogTemp:Display: Loaded TP TVOSTargetPlatform
[2017.12.10-23.34.17:745][  0]LogTemp:Display: Loaded TP LinuxClientTargetPlatform
[2017.12.10-23.34.17:810][  0]LogTemp:Display: Loaded TP LinuxNoEditorTargetPlatform
[2017.12.10-23.34.17:875][  0]LogTemp:Display: Loaded TP LinuxServerTargetPlatform
[2017.12.10-23.34.17:942][  0]LogTemp:Display: Loaded TP LinuxTargetPlatform
[2017.12.10-23.34.17:942][  0]LogTargetPlatformManager:Display: Building Assets For Windows
[2017.12.10-23.34.18:597][  0]LogDerivedDataCache:Display: Max Cache Size: 512 MB
[2017.12.10-23.34.18:646][  0]LogDerivedDataCache: Loaded boot cache 0.05s 50MB C:/Users/leech/AppData/Local/UnrealEngine/4.15/DerivedDataCache/Boot.ddc.
[2017.12.10-23.34.18:646][  0]LogDerivedDataCache:Display: Loaded Boot cache: C:/Users/leech/AppData/Local/UnrealEngine/4.15/DerivedDataCache/Boot.ddc
[2017.12.10-23.34.18:646][  0]LogDerivedDataCache: FDerivedDataBackendGraph:  Pak pak cache file D:/School/C++2/UnrealHanoiSim/DerivedDataCache/DDC.ddp not found, will not use a pak cache.
[2017.12.10-23.34.18:646][  0]LogDerivedDataCache: Unable to find inner node Pak for hierarchical cache Hierarchy.
[2017.12.10-23.34.18:646][  0]LogDerivedDataCache: FDerivedDataBackendGraph:  CompressedPak pak cache file D:/School/C++2/UnrealHanoiSim/DerivedDataCache/Compressed.ddp not found, will not use a pak cache.
[2017.12.10-23.34.18:646][  0]LogDerivedDataCache: Unable to find inner node CompressedPak for hierarchical cache Hierarchy.
[2017.12.10-23.34.18:664][  0]LogDerivedDataCache:Display: Pak cache opened for reading ../../../Engine/DerivedDataCache/Compressed.ddp.
[2017.12.10-23.34.18:677][  0]LogDerivedDataCache: Using Local data cache path C:/Users/leech/AppData/Local/UnrealEngine/Common/DerivedDataCache: Writable
[2017.12.10-23.34.18:685][  0]LogSlate: Using Freetype 2.6.0
[2017.12.10-23.34.18:685][  0]LogSlate: SlateFontCache - WITH_FREETYPE: 1, WITH_HARFBUZZ: 1
[2017.12.10-23.34.18:686][  0]LogSlate: SlateFontCache - WITH_FREETYPE: 1, WITH_HARFBUZZ: 1
[2017.12.10-23.34.18:958][  0]LogInit: Selected Device Profile: [Windows]
[2017.12.10-23.34.18:962][  0]LogContentStreaming: Texture pool size is 0.00 MB
[2017.12.10-23.34.19:203][  0]LogMeshUtilities: Using QuadricMeshReduction for automatic static mesh reduction
[2017.12.10-23.34.19:262][  0]LogSimplygon: Simplygon DLL not present - disabling.
[2017.12.10-23.34.19:323][  0]LogMeshUtilities: Using SimplygonSwarm for distributed automatic mesh merging
[2017.12.10-23.34.19:323][  0]LogMeshUtilities: No automatic skeletal mesh reduction module available
[2017.12.10-23.34.19:323][  0]LogMeshUtilities: No automatic mesh merging module available
[2017.12.10-23.34.19:905][  0]LogNetVersion: GetLocalNetworkVersion: CL: 3299760, ProjectName: unrealhanoisim, ProjectVersion: , EngineNetworkVersion: 2, GameNetworkVersion: 0, NetworkChecksum: 2797521926
[2017.12.10-23.34.19:959][  0]LogAssetRegistry: FAssetRegistry took 0.0213 seconds to start up
[2017.12.10-23.34.20:012][  0]LogPackageLocalizationCache: Processed 3 localized package path(s) for 2 prioritized culture(s) in 0.022437 seconds
[2017.12.10-23.34.20:016][  0]LogUObjectArray: 32493 objects as part of root set at end of initial load.
[2017.12.10-23.34.20:016][  0]LogUObjectAllocator: 7077032 out of 0 bytes used by permanent object pool.
[2017.12.10-23.34.20:016][  0]LogUObjectArray: CloseDisregardForGC: 0/0 objects in disregard for GC pool
[2017.12.10-23.34.20:104][  0]LogInit: WinSock: version 1.1 (2.2), MaxSocks=32767, MaxUdp=65467
[2017.12.10-23.34.22:120][  0]LogTcpMessaging: Initializing TcpMessaging bridge
[2017.12.10-23.34.22:170][  0]LogUdpMessaging: Initializing bridge on interface 0.0.0.0:0 to multicast group 230.0.0.1:6666.
[2017.12.10-23.34.22:828][  0]LogMaterial: Uniform references updated for custom material expression Custom.
[2017.12.10-23.34.23:323][  0]SourceControl: Info Source control is disabled
[2017.12.10-23.34.23:377][  0]SourceControl: Info Source control is disabled
[2017.12.10-23.34.23:441][  0]SourceControl: Info Source control is disabled
[2017.12.10-23.34.23:502][  0]SourceControl: Info Source control is disabled
[2017.12.10-23.34.25:158][  0]LogEngine: Initializing Engine...
[2017.12.10-23.34.25:159][  0]LogHMD: Failed to initialize OpenVR with code 110
[2017.12.10-23.34.25:255][  0]LogStats: UGameplayTagsManager::ConstructGameplayTagTree: Construct from data asset -  0.000 s
[2017.12.10-23.34.25:255][  0]LogStats: UGameplayTagsManager::ConstructGameplayTagTree: GameplayTagTreeChangedEvent.Broadcast -  0.000 s
[2017.12.10-23.34.25:421][  0]LogAIModule: Creating AISystem for world Untitled
[2017.12.10-23.34.25:467][  0]LogInit: XAudio2 using 'HP Spectre 32-8 (NVIDIA High Definition Audio)' : 2 channels at 48 kHz using 16 bits per sample (channel mask 0x3)
[2017.12.10-23.34.25:505][  0]LogInit: FAudioDevice initialized.
[2017.12.10-23.34.25:540][  0]LogDerivedDataCache: Saved boot cache 0.03s 50MB C:/Users/leech/AppData/Local/UnrealEngine/4.15/DerivedDataCache/Boot.ddc.
[2017.12.10-23.34.25:545][  0]LogInit: Texture streaming: Enabled
[2017.12.10-23.34.25:679][  0]LogEngineSessionManager: EngineSessionManager initialized
[2017.12.10-23.34.25:679][  0]LogEngineSessionManager: EngineSessionManager sent abnormal shutdown report. Type=Crashed, SessionId={A195719C-4C59-6CC4-62E5-D9B12351BE53}
[2017.12.10-23.34.25:800][  0]LogInit: Transaction tracking system initialized
[2017.12.10-23.34.26:271][  0]BlueprintLog: New page: Editor Load
[2017.12.10-23.34.27:473][  0]LocalizationService: Info Localization service is disabled
[2017.12.10-23.34.28:365][  0]LogConsoleResponse:Display: 
[2017.12.10-23.34.28:497][  0]LogCook:Display: Max memory allowance for cook 16384mb min free memory 0mb
[2017.12.10-23.34.28:497][  0]LogCook:Display: Mobile HDR setting 1
[2017.12.10-23.34.28:907][  0]LogFileCache: Scanning file cache for directory 'D:/School/C++2/UnrealHanoiSim/Content/' took 0.01s
[2017.12.10-23.34.29:938][  0]SourceControl: Info Source control is disabled
[2017.12.10-23.34.29:938][  0]Cmd: MAP LOAD FILE="D:/School/C++2/UnrealHanoiSim/Content/StarterContent/Maps/Minimal_Default.umap" TEMPLATE=0 SHOWPROGRESS=1 FEATURELEVEL=3
[2017.12.10-23.34.29:939][  0]LightingResults: New page: Lighting Build
[2017.12.10-23.34.29:999][  0]MapCheck: New page: Map Check
[2017.12.10-23.34.29:999][  0]LightingResults: New page: Lighting Build
[2017.12.10-23.34.30:334][  0]LogAIModule: Creating AISystem for world Minimal_Default
[2017.12.10-23.34.30:355][  0]LogEditorServer: Finished looking for orphan Actors (0.000 secs)
[2017.12.10-23.34.30:356][  0]Cmd: MAP CHECKDEP NOCLEARLOG
[2017.12.10-23.34.30:425][  0]MapCheck: Info Map check complete: 0 Error(s), 0 Warning(s), took 69.11ms to complete.
[2017.12.10-23.34.30:425][  0]LogFileHelpers: Loading map 'Minimal_Default' took 0.487
[2017.12.10-23.34.30:601][  0]LogCollectionManager: Loaded 0 collections in 0.001711 seconds
[2017.12.10-23.34.30:697][  0]LogFileCache: Scanning file cache for directory 'D:/School/C++2/UnrealHanoiSim/Saved/Collections/' took 0.01s
[2017.12.10-23.34.30:697][  0]LogFileCache: Scanning file cache for directory 'D:/School/C++2/UnrealHanoiSim/Content/Developers/leech/Collections/' took 0.01s
[2017.12.10-23.34.30:697][  0]LogFileCache: Scanning file cache for directory 'D:/School/C++2/UnrealHanoiSim/Content/Collections/' took 0.01s
[2017.12.10-23.34.30:697][  0]LogCollectionManager: Rebuilt the GUID cache for 0 collections in 0.000001 seconds
[2017.12.10-23.34.30:706][  0]LogContentBrowser: Native class hierarchy populated in 0.0094 seconds. Added 2249 classes and 455 folders.
[2017.12.10-23.34.30:812][  0]LogContentBrowser: Native class hierarchy updated for 'WidgetCarousel' in 0.0129 seconds. Added 0 classes and 0 folders.
[2017.12.10-23.34.30:870][  0]LogContentBrowser: Native class hierarchy updated for 'AddContentDialog' in 0.0031 seconds. Added 0 classes and 0 folders.
[2017.12.10-23.34.30:939][  0]LogContentBrowser: Native class hierarchy updated for 'SceneOutliner' in 0.0027 seconds. Added 1 classes and 2 folders.
[2017.12.10-23.34.31:012][  0]LogContentBrowser: Native class hierarchy updated for 'WorldBrowser' in 0.0022 seconds. Added 1 classes and 3 folders.
[2017.12.10-23.34.31:107][  0]LogCrashTracker: Crashtracker disabled due to settings.
[2017.12.10-23.34.31:113][  0]LogUObjectGlobals:Warning: Failed to find object 'Class None.'
[2017.12.10-23.34.31:202][  0]LogContentBrowser: Native class hierarchy updated for 'HierarchicalLODOutliner' in 0.0031 seconds. Added 1 classes and 2 folders.
[2017.12.10-23.34.31:202][  0]LogLoad: (Engine Initialization) Total time: 20.01 seconds
[2017.12.10-23.34.31:202][  0]LogLoad: (Engine Initialization) Total Blueprint compile time: 0.10 seconds
[2017.12.10-23.34.31:202][  0]LogExternalProfiler: Found external profiler: VSPerf
[2017.12.10-23.34.31:202][  0]LogExternalProfiler: Using external profiler: VSPerf
[2017.12.10-23.34.31:541][  0]LogOcInput: OculusInput pre-init called
[2017.12.10-23.34.31:560][  0]LogContentStreaming: Texture pool size now 1000 MB
[2017.12.10-23.34.31:562][  0]LogSlate: Took 0.000391 seconds to synchronously load lazily loaded font '../../../Engine/Content/Slate/Fonts/Roboto-Regular.ttf' (155K)
[2017.12.10-23.34.31:565][  0]LogSlate: Took 0.000353 seconds to synchronously load lazily loaded font '../../../Engine/Content/Slate/Fonts/Roboto-Bold.ttf' (160K)
[2017.12.10-23.34.31:572][  0]LogSlate: Took 0.000377 seconds to synchronously load lazily loaded font '../../../Engine/Content/Editor/Slate/Fonts/FontAwesome.ttf' (139K)
[2017.12.10-23.34.31:743][  0]LogRenderer: Reallocating scene render targets to support 1372x808 NumSamples 1 (Frame:2).
[2017.12.10-23.34.31:979][  1]LogAssetRegistry: Asset discovery search completed in 12.0412 seconds
[2017.12.10-23.34.31:979][  1]LogCollectionManager: Rebuilt the object cache for 0 collections in 0.000004 seconds (found 0 objects)
[2017.12.10-23.34.31:979][  1]LogCollectionManager: Fixed up redirectors for 0 collections in 0.000015 seconds (updated 0 objects)
[2017.12.10-23.34.59:084][243]Recompiling UnrealHanoiSim...
[2017.12.10-23.34.59:084][243]Launching UnrealBuildTool... [C:/Program Files/Epic Games/UE_4.15/Engine/Binaries/DotNET/UnrealBuildTool.exe UnrealHanoiSim -ModuleWithSuffix UnrealHanoiSim 4588 Win64 Development -editorrecompile -canskiplink "D:/School/C++2/UnrealHanoiSim/UnrealHanoiSim.uproject" ]
[2017.12.10-23.34.59:087][243]Warning: Starting HotReload took  0.0s.
[2017.12.10-23.35.09:245][442]CompilerResultsLog: New page: Compilation - Dec 10, 2017, 11:35:09 AM
[2017.12.10-23.35.09:245][442]CompilerResultsLog: Info Compiling game modules for hot reload
[2017.12.10-23.35.09:245][442]CompilerResultsLog: Info Parsing headers for UnrealHanoiSimEditor
[2017.12.10-23.35.09:245][442]CompilerResultsLog: Info   Running UnrealHeaderTool "D:\School\C++2\UnrealHanoiSim\UnrealHanoiSim.uproject" "D:\School\C++2\UnrealHanoiSim\Intermediate\Build\Win64\UnrealHanoiSimEditor\Development\UnrealHanoiSimEditor.uhtmanifest" -LogCmds="loginit warning, logexit warning, logdatabase error" -Unattended -WarningsAsErrors -installed
[2017.12.10-23.35.09:245][442]CompilerResultsLog: Info Reflection code generated for UnrealHanoiSimEditor in 3.7884371 seconds
[2017.12.10-23.35.09:245][442]CompilerResultsLog: Info Performing 3 actions (9 in parallel)
[2017.12.10-23.35.09:245][442]CompilerResultsLog: Info UnrealHanoiSimGameModeBase.cpp
[2017.12.10-23.35.09:245][442]CompilerResultsLog: Info [2/3] Link UE4Editor-UnrealHanoiSim-4588.dll
[2017.12.10-23.35.09:245][442]CompilerResultsLog: Info [3/3] Link UE4Editor-UnrealHanoiSim-4588.lib
[2017.12.10-23.35.09:245][442]CompilerResultsLog: Info    Creating library D:\School\C++2\UnrealHanoiSim\Intermediate\Build\Win64\UE4Editor\Development\UE4Editor-UnrealHanoiSim-4588.lib and object D:\School\C++2\UnrealHanoiSim\Intermediate\Build\Win64\UE4Editor\Development\UE4Editor-UnrealHanoiSim-4588.exp
[2017.12.10-23.35.09:245][442]CompilerResultsLog: Info    Creating library D:\School\C++2\UnrealHanoiSim\Intermediate\Build\Win64\UE4Editor\Development\UE4Editor-UnrealHanoiSim-4588.suppressed.lib and object D:\School\C++2\UnrealHanoiSim\Intermediate\Build\Win64\UE4Editor\Development\UE4Editor-UnrealHanoiSim-4588.suppressed.exp
[2017.12.10-23.35.09:245][442]CompilerResultsLog: Info Total build time: 9.82 seconds (Local executor: 3.35 seconds)
[2017.12.10-23.35.09:245][442]LogMainFrame: MainFrame: Module compiling took 10.167 seconds
[2017.12.10-23.35.09:325][442]LogContentBrowser: Native class hierarchy updated for 'UnrealHanoiSim' in 0.0021 seconds. Added 4 classes and 2 folders.
[2017.12.10-23.35.09:326][442]Display: HotReload successful (6 functions remapped  0 scriptstructs remapped)
[2017.12.10-23.35.09:424][442]LogContentBrowser: Native class hierarchy populated in 0.0254 seconds. Added 2252 classes and 462 folders.
[2017.12.10-23.35.09:424][442]Display: HotReload took 10.4s.
[2017.12.10-23.38.55:466][513]LogTemp: Repeting last play command: Selected Viewport
[2017.12.10-23.38.55:474][513]LogBlueprintUserMessages: Early PlayInEditor Detection: Level '/Game/StarterContent/Maps/Minimal_Default.Minimal_Default:PersistentLevel' has LevelScriptBlueprint '/Game/StarterContent/Maps/Minimal_Default.Minimal_Default:PersistentLevel.Minimal_Default' with GeneratedClass '/Game/StarterContent/Maps/Minimal_Default.Minimal_Default_C' with ClassGeneratedBy '/Game/StarterContent/Maps/Minimal_Default.Minimal_Default:PersistentLevel.Minimal_Default'
[2017.12.10-23.38.55:474][513]LogPlayLevel: PlayLevel: No blueprints needed recompiling
[2017.12.10-23.38.55:474][513]PIE: New page: PIE session: Minimal_Default (Dec 10, 2017, 11:38:55 AM)
[2017.12.10-23.38.55:474][513]LogPlayLevel: Creating play world package: /Game/StarterContent/Maps/UEDPIE_0_Minimal_Default
[2017.12.10-23.38.55:480][513]LogPlayLevel: PIE: StaticDuplicateObject took: (0.005806s)
[2017.12.10-23.38.55:481][513]LogAIModule: Creating AISystem for world Minimal_Default
[2017.12.10-23.38.55:481][513]LogPlayLevel: PIE: World Init took: (0.000761s)
[2017.12.10-23.38.55:481][513]LogPlayLevel: PIE: Created PIE world by copying editor world from /Game/StarterContent/Maps/Minimal_Default.Minimal_Default to /Game/StarterContent/Maps/UEDPIE_0_Minimal_Default.Minimal_Default (0.006808s)
[2017.12.10-23.38.55:537][513]LogInit: XAudio2 using 'HP Spectre 32-8 (NVIDIA High Definition Audio)' : 2 channels at 48 kHz using 16 bits per sample (channel mask 0x3)
[2017.12.10-23.38.55:554][513]LogInit: FAudioDevice initialized.
[2017.12.10-23.38.55:602][513]LogLoad: Game class is 'UnrealHanoiSimGameModeBase_BP_C'
[2017.12.10-23.38.55:604][513]LogWorld: Bringing World /Game/StarterContent/Maps/UEDPIE_0_Minimal_Default.Minimal_Default up for play (max tick rate 0) at 2017.12.10-17.38.55
[2017.12.10-23.38.55:604][513]LogWorld: Bringing up level for play took: 0.001204
[2017.12.10-23.38.55:678][513]LogContentBrowser: Native class hierarchy updated for 'MovieSceneCapture' in 0.0024 seconds. Added 11 classes and 0 folders.
[2017.12.10-23.38.55:680][513]PIE: Info Play in editor start time for /Game/StarterContent/Maps/UEDPIE_0_Minimal_Default 0.499
[2017.12.10-23.38.55:680][513]LogBlueprintUserMessages: Late PlayInEditor Detection: Level '/Game/StarterContent/Maps/Minimal_Default.Minimal_Default:PersistentLevel' has LevelScriptBlueprint '/Game/StarterContent/Maps/Minimal_Default.Minimal_Default:PersistentLevel.Minimal_Default' with GeneratedClass '/Game/StarterContent/Maps/Minimal_Default.Minimal_Default_C' with ClassGeneratedBy '/Game/StarterContent/Maps/Minimal_Default.Minimal_Default:PersistentLevel.Minimal_Default'
[2017.12.10-23.39.00:321][ 64]LogBlueprintUserMessages: Early EndPlayMap Detection: Level '/Game/StarterContent/Maps/Minimal_Default.Minimal_Default:PersistentLevel' has LevelScriptBlueprint '/Game/StarterContent/Maps/Minimal_Default.Minimal_Default:PersistentLevel.Minimal_Default' with GeneratedClass '/Game/StarterContent/Maps/Minimal_Default.Minimal_Default_C' with ClassGeneratedBy '/Game/StarterContent/Maps/Minimal_Default.Minimal_Default:PersistentLevel.Minimal_Default'
[2017.12.10-23.39.00:354][ 64]LogBlueprintUserMessages: Late EndPlayMap Detection: Level '/Game/StarterContent/Maps/Minimal_Default.Minimal_Default:PersistentLevel' has LevelScriptBlueprint '/Game/StarterContent/Maps/Minimal_Default.Minimal_Default:PersistentLevel.Minimal_Default' with GeneratedClass '/Game/StarterContent/Maps/Minimal_Default.Minimal_Default_C' with ClassGeneratedBy '/Game/StarterContent/Maps/Minimal_Default.Minimal_Default:PersistentLevel.Minimal_Default'
[2017.12.10-23.39.01:713][222]LogTemp: Repeting last play command: Selected Viewport
[2017.12.10-23.39.01:721][222]LogBlueprintUserMessages: Early PlayInEditor Detection: Level '/Game/StarterContent/Maps/Minimal_Default.Minimal_Default:PersistentLevel' has LevelScriptBlueprint '/Game/StarterContent/Maps/Minimal_Default.Minimal_Default:PersistentLevel.Minimal_Default' with GeneratedClass '/Game/StarterContent/Maps/Minimal_Default.Minimal_Default_C' with ClassGeneratedBy '/Game/StarterContent/Maps/Minimal_Default.Minimal_Default:PersistentLevel.Minimal_Default'
[2017.12.10-23.39.01:721][222]LogPlayLevel: PlayLevel: No blueprints needed recompiling
[2017.12.10-23.39.01:721][222]PIE: New page: PIE session: Minimal_Default (Dec 10, 2017, 11:39:01 AM)
[2017.12.10-23.39.01:721][222]LogPlayLevel: Creating play world package: /Game/StarterContent/Maps/UEDPIE_0_Minimal_Default
[2017.12.10-23.39.01:726][222]LogPlayLevel: PIE: StaticDuplicateObject took: (0.004494s)
[2017.12.10-23.39.01:727][222]LogAIModule: Creating AISystem for world Minimal_Default
[2017.12.10-23.39.01:727][222]LogPlayLevel: PIE: World Init took: (0.000786s)
[2017.12.10-23.39.01:727][222]LogPlayLevel: PIE: Created PIE world by copying editor world from /Game/StarterContent/Maps/Minimal_Default.Minimal_Default to /Game/StarterContent/Maps/UEDPIE_0_Minimal_Default.Minimal_Default (0.005440s)
[2017.12.10-23.39.01:769][222]LogInit: XAudio2 using 'HP Spectre 32-8 (NVIDIA High Definition Audio)' : 2 channels at 48 kHz using 16 bits per sample (channel mask 0x3)
[2017.12.10-23.39.01:782][222]LogInit: FAudioDevice initialized.
[2017.12.10-23.39.01:817][222]LogLoad: Game class is 'UnrealHanoiSimGameModeBase_BP_C'
[2017.12.10-23.39.01:819][222]LogWorld: Bringing World /Game/StarterContent/Maps/UEDPIE_0_Minimal_Default.Minimal_Default up for play (max tick rate 0) at 2017.12.10-17.39.01
[2017.12.10-23.39.01:819][222]LogWorld: Bringing up level for play took: 0.000877
[2017.12.10-23.39.01:821][222]PIE: Info Play in editor start time for /Game/StarterContent/Maps/UEDPIE_0_Minimal_Default 0.64
[2017.12.10-23.39.01:821][222]LogBlueprintUserMessages: Late PlayInEditor Detection: Level '/Game/StarterContent/Maps/Minimal_Default.Minimal_Default:PersistentLevel' has LevelScriptBlueprint '/Game/StarterContent/Maps/Minimal_Default.Minimal_Default:PersistentLevel.Minimal_Default' with GeneratedClass '/Game/StarterContent/Maps/Minimal_Default.Minimal_Default_C' with ClassGeneratedBy '/Game/StarterContent/Maps/Minimal_Default.Minimal_Default:PersistentLevel.Minimal_Default'
[2017.12.10-23.42.27:632][736]LogBlueprintUserMessages: Early EndPlayMap Detection: Level '/Game/StarterContent/Maps/Minimal_Default.Minimal_Default:PersistentLevel' has LevelScriptBlueprint '/Game/StarterContent/Maps/Minimal_Default.Minimal_Default:PersistentLevel.Minimal_Default' with GeneratedClass '/Game/StarterContent/Maps/Minimal_Default.Minimal_Default_C' with ClassGeneratedBy '/Game/StarterContent/Maps/Minimal_Default.Minimal_Default:PersistentLevel.Minimal_Default'
[2017.12.10-23.42.27:663][736]LogBlueprintUserMessages: Late EndPlayMap Detection: Level '/Game/StarterContent/Maps/Minimal_Default.Minimal_Default:PersistentLevel' has LevelScriptBlueprint '/Game/StarterContent/Maps/Minimal_Default.Minimal_Default:PersistentLevel.Minimal_Default' with GeneratedClass '/Game/StarterContent/Maps/Minimal_Default.Minimal_Default_C' with ClassGeneratedBy '/Game/StarterContent/Maps/Minimal_Default.Minimal_Default:PersistentLevel.Minimal_Default'
[2017.12.10-23.42.34:122][494]LogSlate: Took 0.000573 seconds to synchronously load lazily loaded font '../../../Engine/Content/Slate/Fonts/Roboto-Light.ttf' (159K)
[2017.12.10-23.42.34:667][494]LogContentBrowser: Native class hierarchy updated for 'BlueprintGraph' in 0.0051 seconds. Added 112 classes and 0 folders.
[2017.12.10-23.42.35:264][494]LogSlate: Took 0.000376 seconds to synchronously load lazily loaded font '../../../Engine/Content/Slate/Fonts/Roboto-Regular.ttf' (155K)
[2017.12.10-23.42.44:046][476]LogSlate: Took 0.000262 seconds to synchronously load lazily loaded font '../../../Engine/Content/Slate/Fonts/Roboto-Light.ttf' (159K)
[2017.12.10-23.42.58:150][ 73]BlueprintLog: New page: Compile Disk_BP
[2017.12.10-23.42.59:153][160]Cmd: OBJ SAVEPACKAGE PACKAGE="/Game/Disk_BP" FILE="D:/School/C++2/UnrealHanoiSim/Content/Disk_BP.uasset" SILENT=true
[2017.12.10-23.42.59:172][160]LogSavePackage: Save=14.29ms
[2017.12.10-23.42.59:172][160]LogSavePackage: Moving 'D:/School/C++2/UnrealHanoiSim/Saved/Disk_BPAA24076E4754358FC43254B4146B3AE6.tmp' to 'D:/School/C++2/UnrealHanoiSim/Content/Disk_BP.uasset'
[2017.12.10-23.42.59:174][160]LogSavePackage:Display: Finished SavePackage D:/School/C++2/UnrealHanoiSim/Content/Disk_BP.uasset
[2017.12.10-23.43.43:714][370]BlueprintLog: New page: Compile TowerManager_BP
[2017.12.10-23.43.43:725][370]LogUObjectGlobals:Warning: Guid referenced by SceneComponent /Game/StarterContent/Maps/Minimal_Default.Minimal_Default:PersistentLevel.TowerManager_BP_2.StartPosition is already used by SceneComponent /Game/StarterContent/Maps/Minimal_Default.Minimal_Default:PersistentLevel.REINST_TowerManager_BP_C_0.StartPosition, which should never happen in the editor but could happen at runtime with duplicate level loading or PIE
[2017.12.10-23.43.44:742][466]Cmd: OBJ SAVEPACKAGE PACKAGE="/Game/TowerManager_BP" FILE="D:/School/C++2/UnrealHanoiSim/Content/TowerManager_BP.uasset" SILENT=true
[2017.12.10-23.43.44:754][466]LogSavePackage: Save=8.05ms
[2017.12.10-23.43.44:754][466]LogSavePackage: Moving 'D:/School/C++2/UnrealHanoiSim/Saved/TowerManager_BP364614624AEF21C6DBB08CA721C156D6.tmp' to 'D:/School/C++2/UnrealHanoiSim/Content/TowerManager_BP.uasset'
[2017.12.10-23.43.44:757][466]LogSavePackage:Display: Finished SavePackage D:/School/C++2/UnrealHanoiSim/Content/TowerManager_BP.uasset
[2017.12.10-23.43.46:034][607]LogActorComponent: UnregisterComponent: (/Engine/Transient.EditorFloorComp) Not registered. Aborting.
[2017.12.10-23.43.46:088][607]LogActorComponent: UnregisterComponent: (/Engine/Transient.EditorFloorComp) Not registered. Aborting.
[2017.12.10-23.43.48:846][896]BlueprintLog: New page: Compile Tower_BP
[2017.12.10-23.43.49:559][960]Cmd: OBJ SAVEPACKAGE PACKAGE="/Game/Tower_BP" FILE="D:/School/C++2/UnrealHanoiSim/Content/Tower_BP.uasset" SILENT=true
[2017.12.10-23.43.49:571][960]LogSavePackage: Save=6.39ms
[2017.12.10-23.43.49:571][960]LogSavePackage: Moving 'D:/School/C++2/UnrealHanoiSim/Saved/Tower_BP63668BC544F675E4097840BD563DA1C9.tmp' to 'D:/School/C++2/UnrealHanoiSim/Content/Tower_BP.uasset'
[2017.12.10-23.43.49:573][960]LogSavePackage:Display: Finished SavePackage D:/School/C++2/UnrealHanoiSim/Content/Tower_BP.uasset
[2017.12.10-23.43.51:455][175]Recompiling UnrealHanoiSim...
[2017.12.10-23.43.51:455][175]Launching UnrealBuildTool... [C:/Program Files/Epic Games/UE_4.15/Engine/Binaries/DotNET/UnrealBuildTool.exe UnrealHanoiSim -ModuleWithSuffix UnrealHanoiSim 6669 Win64 Development -editorrecompile -canskiplink "D:/School/C++2/UnrealHanoiSim/UnrealHanoiSim.uproject" ]
[2017.12.10-23.43.51:458][175]Warning: Starting HotReload took  0.0s.
[2017.12.10-23.43.54:346][512]CompilerResultsLog: New page: Compilation - Dec 10, 2017, 11:43:54 AM
[2017.12.10-23.43.54:346][512]CompilerResultsLog: Info Compiling game modules for hot reload
[2017.12.10-23.43.54:346][512]CompilerResultsLog: Info Target is up to date
[2017.12.10-23.43.54:347][512]CompilerResultsLog: Info Total build time: 2.51 seconds (NoActionsToExecute executor: 0.00 seconds)
[2017.12.10-23.43.54:347][512]LogMainFrame: MainFrame: Module compiling took 2.897 seconds
[2017.12.10-23.43.54:585][512]LogContentBrowser: Native class hierarchy populated in 0.0097 seconds. Added 2252 classes and 462 folders.
[2017.12.10-23.43.54:586][512]Display: HotReload took  3.1s.
[2017.12.10-23.43.54:944][550]LogSlate:Warning: Prevented a slow task dialog from being summoned while a context menu was open
[2017.12.10-23.44.00:058][147]Recompiling UnrealHanoiSim...
[2017.12.10-23.44.00:058][147]Launching UnrealBuildTool... [C:/Program Files/Epic Games/UE_4.15/Engine/Binaries/DotNET/UnrealBuildTool.exe UnrealHanoiSim -ModuleWithSuffix UnrealHanoiSim 7305 Win64 Development -editorrecompile -canskiplink "D:/School/C++2/UnrealHanoiSim/UnrealHanoiSim.uproject" ]
[2017.12.10-23.44.00:062][147]Warning: Starting HotReload took  0.0s.
[2017.12.10-23.44.02:879][466]CompilerResultsLog: New page: Compilation - Dec 10, 2017, 11:44:02 AM
[2017.12.10-23.44.02:879][466]CompilerResultsLog: Info Compiling game modules for hot reload
[2017.12.10-23.44.02:879][466]CompilerResultsLog: Info Target is up to date
[2017.12.10-23.44.02:879][466]CompilerResultsLog: Info Total build time: 2.46 seconds (NoActionsToExecute executor: 0.00 seconds)
[2017.12.10-23.44.02:879][466]LogMainFrame: MainFrame: Module compiling took 2.826 seconds
[2017.12.10-23.44.03:107][466]LogContentBrowser: Native class hierarchy populated in 0.0094 seconds. Added 2252 classes and 462 folders.
[2017.12.10-23.44.03:107][466]Display: HotReload took  3.1s.
[2017.12.10-23.44.22:993][846]LogTemp: Repeting last play command: Selected Viewport
[2017.12.10-23.44.23:006][846]LogBlueprintUserMessages: Early PlayInEditor Detection: Level '/Game/StarterContent/Maps/Minimal_Default.Minimal_Default:PersistentLevel' has LevelScriptBlueprint '/Game/StarterContent/Maps/Minimal_Default.Minimal_Default:PersistentLevel.Minimal_Default' with GeneratedClass '/Game/StarterContent/Maps/Minimal_Default.Minimal_Default_C' with ClassGeneratedBy '/Game/StarterContent/Maps/Minimal_Default.Minimal_Default:PersistentLevel.Minimal_Default'
[2017.12.10-23.44.23:006][846]LogPlayLevel: PlayLevel: No blueprints needed recompiling
[2017.12.10-23.44.23:006][846]PIE: New page: PIE session: Minimal_Default (Dec 10, 2017, 11:44:23 AM)
[2017.12.10-23.44.23:006][846]LogPlayLevel: Creating play world package: /Game/StarterContent/Maps/UEDPIE_0_Minimal_Default
[2017.12.10-23.44.23:011][846]LogPlayLevel: PIE: StaticDuplicateObject took: (0.004624s)
[2017.12.10-23.44.23:011][846]LogAIModule: Creating AISystem for world Minimal_Default
[2017.12.10-23.44.23:011][846]LogPlayLevel: PIE: World Init took: (0.000634s)
[2017.12.10-23.44.23:011][846]LogPlayLevel: PIE: Created PIE world by copying editor world from /Game/StarterContent/Maps/Minimal_Default.Minimal_Default to /Game/StarterContent/Maps/UEDPIE_0_Minimal_Default.Minimal_Default (0.005429s)
[2017.12.10-23.44.23:106][846]LogInit: XAudio2 using 'HP Spectre 32-8 (NVIDIA High Definition Audio)' : 2 channels at 48 kHz using 16 bits per sample (channel mask 0x3)
[2017.12.10-23.44.23:123][846]LogInit: FAudioDevice initialized.
[2017.12.10-23.44.23:157][846]LogLoad: Game class is 'UnrealHanoiSimGameModeBase_BP_C'
[2017.12.10-23.44.23:159][846]LogWorld: Bringing World /Game/StarterContent/Maps/UEDPIE_0_Minimal_Default.Minimal_Default up for play (max tick rate 0) at 2017.12.10-17.44.23
[2017.12.10-23.44.23:159][846]LogWorld: Bringing up level for play took: 0.001184
[2017.12.10-23.50.51:391][846]PIE: Info Play in editor start time for /Game/StarterContent/Maps/UEDPIE_0_Minimal_Default 388.21
[2017.12.10-23.50.51:392][846]LogBlueprintUserMessages: Late PlayInEditor Detection: Level '/Game/StarterContent/Maps/Minimal_Default.Minimal_Default:PersistentLevel' has LevelScriptBlueprint '/Game/StarterContent/Maps/Minimal_Default.Minimal_Default:PersistentLevel.Minimal_Default' with GeneratedClass '/Game/StarterContent/Maps/Minimal_Default.Minimal_Default_C' with ClassGeneratedBy '/Game/StarterContent/Maps/Minimal_Default.Minimal_Default:PersistentLevel.Minimal_Default'
[2017.12.10-23.50.58:525][360]LogBlueprintUserMessages: Early EndPlayMap Detection: Level '/Game/StarterContent/Maps/Minimal_Default.Minimal_Default:PersistentLevel' has LevelScriptBlueprint '/Game/StarterContent/Maps/Minimal_Default.Minimal_Default:PersistentLevel.Minimal_Default' with GeneratedClass '/Game/StarterContent/Maps/Minimal_Default.Minimal_Default_C' with ClassGeneratedBy '/Game/StarterContent/Maps/Minimal_Default.Minimal_Default:PersistentLevel.Minimal_Default'
[2017.12.10-23.50.58:560][360]LogBlueprintUserMessages: Late EndPlayMap Detection: Level '/Game/StarterContent/Maps/Minimal_Default.Minimal_Default:PersistentLevel' has LevelScriptBlueprint '/Game/StarterContent/Maps/Minimal_Default.Minimal_Default:PersistentLevel.Minimal_Default' with GeneratedClass '/Game/StarterContent/Maps/Minimal_Default.Minimal_Default_C' with ClassGeneratedBy '/Game/StarterContent/Maps/Minimal_Default.Minimal_Default:PersistentLevel.Minimal_Default'
[2017.12.10-23.50.59:654][483]LogTemp: Repeting last play command: Selected Viewport
[2017.12.10-23.50.59:662][483]LogBlueprintUserMessages: Early PlayInEditor Detection: Level '/Game/StarterContent/Maps/Minimal_Default.Minimal_Default:PersistentLevel' has LevelScriptBlueprint '/Game/StarterContent/Maps/Minimal_Default.Minimal_Default:PersistentLevel.Minimal_Default' with GeneratedClass '/Game/StarterContent/Maps/Minimal_Default.Minimal_Default_C' with ClassGeneratedBy '/Game/StarterContent/Maps/Minimal_Default.Minimal_Default:PersistentLevel.Minimal_Default'
[2017.12.10-23.50.59:662][483]LogPlayLevel: PlayLevel: No blueprints needed recompiling
[2017.12.10-23.50.59:662][483]PIE: New page: PIE session: Minimal_Default (Dec 10, 2017, 11:50:59 AM)
[2017.12.10-23.50.59:662][483]LogPlayLevel: Creating play world package: /Game/StarterContent/Maps/UEDPIE_0_Minimal_Default
[2017.12.10-23.50.59:667][483]LogPlayLevel: PIE: StaticDuplicateObject took: (0.005189s)
[2017.12.10-23.50.59:668][483]LogAIModule: Creating AISystem for world Minimal_Default
[2017.12.10-23.50.59:668][483]LogPlayLevel: PIE: World Init took: (0.000654s)
[2017.12.10-23.50.59:668][483]LogPlayLevel: PIE: Created PIE world by copying editor world from /Game/StarterContent/Maps/Minimal_Default.Minimal_Default to /Game/StarterContent/Maps/UEDPIE_0_Minimal_Default.Minimal_Default (0.006059s)
[2017.12.10-23.50.59:725][483]LogInit: XAudio2 using 'HP Spectre 32-8 (NVIDIA High Definition Audio)' : 2 channels at 48 kHz using 16 bits per sample (channel mask 0x3)
[2017.12.10-23.50.59:744][483]LogInit: FAudioDevice initialized.
[2017.12.10-23.50.59:774][483]LogLoad: Game class is 'UnrealHanoiSimGameModeBase_BP_C'
[2017.12.10-23.50.59:776][483]LogWorld: Bringing World /Game/StarterContent/Maps/UEDPIE_0_Minimal_Default.Minimal_Default up for play (max tick rate 0) at 2017.12.10-17.50.59
[2017.12.10-23.50.59:777][483]LogWorld: Bringing up level for play took: 0.001218
[2017.12.10-23.50.59:778][483]PIE: Info Play in editor start time for /Game/StarterContent/Maps/UEDPIE_0_Minimal_Default 0.598
[2017.12.10-23.50.59:779][483]LogBlueprintUserMessages: Late PlayInEditor Detection: Level '/Game/StarterContent/Maps/Minimal_Default.Minimal_Default:PersistentLevel' has LevelScriptBlueprint '/Game/StarterContent/Maps/Minimal_Default.Minimal_Default:PersistentLevel.Minimal_Default' with GeneratedClass '/Game/StarterContent/Maps/Minimal_Default.Minimal_Default_C' with ClassGeneratedBy '/Game/StarterContent/Maps/Minimal_Default.Minimal_Default:PersistentLevel.Minimal_Default'
[2017.12.10-23.51.01:537][689]LogBlueprintUserMessages: Early EndPlayMap Detection: Level '/Game/StarterContent/Maps/Minimal_Default.Minimal_Default:PersistentLevel' has LevelScriptBlueprint '/Game/StarterContent/Maps/Minimal_Default.Minimal_Default:PersistentLevel.Minimal_Default' with GeneratedClass '/Game/StarterContent/Maps/Minimal_Default.Minimal_Default_C' with ClassGeneratedBy '/Game/StarterContent/Maps/Minimal_Default.Minimal_Default:PersistentLevel.Minimal_Default'
[2017.12.10-23.51.01:569][689]LogBlueprintUserMessages: Late EndPlayMap Detection: Level '/Game/StarterContent/Maps/Minimal_Default.Minimal_Default:PersistentLevel' has LevelScriptBlueprint '/Game/StarterContent/Maps/Minimal_Default.Minimal_Default:PersistentLevel.Minimal_Default' with GeneratedClass '/Game/StarterContent/Maps/Minimal_Default.Minimal_Default_C' with ClassGeneratedBy '/Game/StarterContent/Maps/Minimal_Default.Minimal_Default:PersistentLevel.Minimal_Default'
[2017.12.10-23.51.03:198][877]LogTemp: Repeting last play command: Selected Viewport
[2017.12.10-23.51.03:205][877]LogBlueprintUserMessages: Early PlayInEditor Detection: Level '/Game/StarterContent/Maps/Minimal_Default.Minimal_Default:PersistentLevel' has LevelScriptBlueprint '/Game/StarterContent/Maps/Minimal_Default.Minimal_Default:PersistentLevel.Minimal_Default' with GeneratedClass '/Game/StarterContent/Maps/Minimal_Default.Minimal_Default_C' with ClassGeneratedBy '/Game/StarterContent/Maps/Minimal_Default.Minimal_Default:PersistentLevel.Minimal_Default'
[2017.12.10-23.51.03:205][877]LogPlayLevel: PlayLevel: No blueprints needed recompiling
[2017.12.10-23.51.03:206][877]PIE: New page: PIE session: Minimal_Default (Dec 10, 2017, 11:51:03 AM)
[2017.12.10-23.51.03:206][877]LogPlayLevel: Creating play world package: /Game/StarterContent/Maps/UEDPIE_0_Minimal_Default
[2017.12.10-23.51.03:211][877]LogPlayLevel: PIE: StaticDuplicateObject took: (0.004978s)
[2017.12.10-23.51.03:211][877]LogAIModule: Creating AISystem for world Minimal_Default
[2017.12.10-23.51.03:211][877]LogPlayLevel: PIE: World Init took: (0.000690s)
[2017.12.10-23.51.03:211][877]LogPlayLevel: PIE: Created PIE world by copying editor world from /Game/StarterContent/Maps/Minimal_Default.Minimal_Default to /Game/StarterContent/Maps/UEDPIE_0_Minimal_Default.Minimal_Default (0.005878s)
[2017.12.10-23.51.03:267][877]LogInit: XAudio2 using 'HP Spectre 32-8 (NVIDIA High Definition Audio)' : 2 channels at 48 kHz using 16 bits per sample (channel mask 0x3)
[2017.12.10-23.51.03:280][877]LogInit: FAudioDevice initialized.
[2017.12.10-23.51.03:311][877]LogLoad: Game class is 'UnrealHanoiSimGameModeBase_BP_C'
[2017.12.10-23.51.03:313][877]LogWorld: Bringing World /Game/StarterContent/Maps/UEDPIE_0_Minimal_Default.Minimal_Default up for play (max tick rate 0) at 2017.12.10-17.51.03
[2017.12.10-23.51.03:313][877]LogWorld: Bringing up level for play took: 0.000879
[2017.12.10-23.51.03:315][877]PIE: Info Play in editor start time for /Game/StarterContent/Maps/UEDPIE_0_Minimal_Default 0.134
[2017.12.10-23.51.03:315][877]LogBlueprintUserMessages: Late PlayInEditor Detection: Level '/Game/StarterContent/Maps/Minimal_Default.Minimal_Default:PersistentLevel' has LevelScriptBlueprint '/Game/StarterContent/Maps/Minimal_Default.Minimal_Default:PersistentLevel.Minimal_Default' with GeneratedClass '/Game/StarterContent/Maps/Minimal_Default.Minimal_Default_C' with ClassGeneratedBy '/Game/StarterContent/Maps/Minimal_Default.Minimal_Default:PersistentLevel.Minimal_Default'
[2017.12.10-23.51.07:529][373]LogBlueprintUserMessages: Early EndPlayMap Detection: Level '/Game/StarterContent/Maps/Minimal_Default.Minimal_Default:PersistentLevel' has LevelScriptBlueprint '/Game/StarterContent/Maps/Minimal_Default.Minimal_Default:PersistentLevel.Minimal_Default' with GeneratedClass '/Game/StarterContent/Maps/Minimal_Default.Minimal_Default_C' with ClassGeneratedBy '/Game/StarterContent/Maps/Minimal_Default.Minimal_Default:PersistentLevel.Minimal_Default'
[2017.12.10-23.51.07:559][373]LogBlueprintUserMessages: Late EndPlayMap Detection: Level '/Game/StarterContent/Maps/Minimal_Default.Minimal_Default:PersistentLevel' has LevelScriptBlueprint '/Game/StarterContent/Maps/Minimal_Default.Minimal_Default:PersistentLevel.Minimal_Default' with GeneratedClass '/Game/StarterContent/Maps/Minimal_Default.Minimal_Default_C' with ClassGeneratedBy '/Game/StarterContent/Maps/Minimal_Default.Minimal_Default:PersistentLevel.Minimal_Default'
[2017.12.10-23.51.30:432][969]LogEditorViewport: Clicking on Actor (LMB): StaticMeshActor (Table)
[2017.12.10-23.51.36:410][624]LogEditorActor: Deleted Actor: StaticMeshActor
[2017.12.10-23.51.36:421][624]LogEditorActor: Deleted 1 Actors (0.012 secs)
[2017.12.10-23.51.37:082][697]LogEditorActor: Deleted Actor: StaticMeshActor
[2017.12.10-23.51.37:107][697]LogEditorActor: Deleted 1 Actors (0.025 secs)
[2017.12.10-23.51.38:090][808]LogEditorActor: Deleted Actor: StaticMeshActor
[2017.12.10-23.51.38:116][808]LogEditorActor: Deleted 1 Actors (0.026 secs)
[2017.12.10-23.51.39:204][933]LogEditorActor: Deleted Actor: StaticMeshActor
[2017.12.10-23.51.39:222][933]LogEditorActor: Deleted 1 Actors (0.018 secs)
[2017.12.10-23.52.24:515][ 37]LogTemp: Repeting last play command: Selected Viewport
[2017.12.10-23.52.24:523][ 37]LogBlueprintUserMessages: Early PlayInEditor Detection: Level '/Game/StarterContent/Maps/Minimal_Default.Minimal_Default:PersistentLevel' has LevelScriptBlueprint '/Game/StarterContent/Maps/Minimal_Default.Minimal_Default:PersistentLevel.Minimal_Default' with GeneratedClass '/Game/StarterContent/Maps/Minimal_Default.Minimal_Default_C' with ClassGeneratedBy '/Game/StarterContent/Maps/Minimal_Default.Minimal_Default:PersistentLevel.Minimal_Default'
[2017.12.10-23.52.24:523][ 37]LogPlayLevel: PlayLevel: No blueprints needed recompiling
[2017.12.10-23.52.24:523][ 37]PIE: New page: PIE session: Minimal_Default (Dec 10, 2017, 11:52:24 AM)
[2017.12.10-23.52.24:523][ 37]LogPlayLevel: Creating play world package: /Game/StarterContent/Maps/UEDPIE_0_Minimal_Default
[2017.12.10-23.52.24:528][ 37]LogPlayLevel: PIE: StaticDuplicateObject took: (0.004864s)
[2017.12.10-23.52.24:529][ 37]LogAIModule: Creating AISystem for world Minimal_Default
[2017.12.10-23.52.24:529][ 37]LogPlayLevel: PIE: World Init took: (0.000785s)
[2017.12.10-23.52.24:529][ 37]LogPlayLevel: PIE: Created PIE world by copying editor world from /Game/StarterContent/Maps/Minimal_Default.Minimal_Default to /Game/StarterContent/Maps/UEDPIE_0_Minimal_Default.Minimal_Default (0.005847s)
[2017.12.10-23.52.24:580][ 37]LogInit: XAudio2 using 'HP Spectre 32-8 (NVIDIA High Definition Audio)' : 2 channels at 48 kHz using 16 bits per sample (channel mask 0x3)
[2017.12.10-23.52.24:594][ 37]LogInit: FAudioDevice initialized.
[2017.12.10-23.52.24:628][ 37]LogLoad: Game class is 'UnrealHanoiSimGameModeBase_BP_C'
[2017.12.10-23.52.24:631][ 37]LogWorld: Bringing World /Game/StarterContent/Maps/UEDPIE_0_Minimal_Default.Minimal_Default up for play (max tick rate 0) at 2017.12.10-17.52.24
[2017.12.10-23.52.24:631][ 37]LogWorld: Bringing up level for play took: 0.001549
[2017.12.10-23.52.24:635][ 37]PIE: Info Play in editor start time for /Game/StarterContent/Maps/UEDPIE_0_Minimal_Default -0.546
[2017.12.10-23.52.24:636][ 37]LogBlueprintUserMessages: Late PlayInEditor Detection: Level '/Game/StarterContent/Maps/Minimal_Default.Minimal_Default:PersistentLevel' has LevelScriptBlueprint '/Game/StarterContent/Maps/Minimal_Default.Minimal_Default:PersistentLevel.Minimal_Default' with GeneratedClass '/Game/StarterContent/Maps/Minimal_Default.Minimal_Default_C' with ClassGeneratedBy '/Game/StarterContent/Maps/Minimal_Default.Minimal_Default:PersistentLevel.Minimal_Default'
[2017.12.10-23.52.28:969][547]LogBlueprintUserMessages: Early EndPlayMap Detection: Level '/Game/StarterContent/Maps/Minimal_Default.Minimal_Default:PersistentLevel' has LevelScriptBlueprint '/Game/StarterContent/Maps/Minimal_Default.Minimal_Default:PersistentLevel.Minimal_Default' with GeneratedClass '/Game/StarterContent/Maps/Minimal_Default.Minimal_Default_C' with ClassGeneratedBy '/Game/StarterContent/Maps/Minimal_Default.Minimal_Default:PersistentLevel.Minimal_Default'
[2017.12.10-23.52.29:014][547]LogBlueprintUserMessages: Late EndPlayMap Detection: Level '/Game/StarterContent/Maps/Minimal_Default.Minimal_Default:PersistentLevel' has LevelScriptBlueprint '/Game/StarterContent/Maps/Minimal_Default.Minimal_Default:PersistentLevel.Minimal_Default' with GeneratedClass '/Game/StarterContent/Maps/Minimal_Default.Minimal_Default_C' with ClassGeneratedBy '/Game/StarterContent/Maps/Minimal_Default.Minimal_Default:PersistentLevel.Minimal_Default'
[2017.12.10-23.52.30:539][723]Recompiling UnrealHanoiSim...
[2017.12.10-23.52.30:539][723]Launching UnrealBuildTool... [C:/Program Files/Epic Games/UE_4.15/Engine/Binaries/DotNET/UnrealBuildTool.exe UnrealHanoiSim -ModuleWithSuffix UnrealHanoiSim 1107 Win64 Development -editorrecompile -canskiplink "D:/School/C++2/UnrealHanoiSim/UnrealHanoiSim.uproject" ]
[2017.12.10-23.52.30:543][723]Warning: Starting HotReload took  0.0s.
[2017.12.10-23.52.33:366][ 53]CompilerResultsLog: New page: Compilation - Dec 10, 2017, 11:52:33 AM
[2017.12.10-23.52.33:366][ 53]CompilerResultsLog: Info Compiling game modules for hot reload
[2017.12.10-23.52.33:366][ 53]CompilerResultsLog: Info Target is up to date
[2017.12.10-23.52.33:366][ 53]CompilerResultsLog: Info Total build time: 2.47 seconds (NoActionsToExecute executor: 0.00 seconds)
[2017.12.10-23.52.33:366][ 53]LogMainFrame: MainFrame: Module compiling took 2.832 seconds
[2017.12.10-23.52.33:587][ 53]LogContentBrowser: Native class hierarchy populated in 0.0094 seconds. Added 2252 classes and 462 folders.
[2017.12.10-23.52.33:587][ 53]Display: HotReload took  3.1s.
[2017.12.10-23.52.36:263][373]LogEditorViewport: Clicking on Actor (LMB): StaticMeshActor (Floor)
[2017.12.10-23.52.37:129][472]LogEditorViewport: Clicking on Actor (LMB): StaticMeshActor (Floor)
[2017.12.10-23.52.55:464][608]LogEditorViewport: Clicking on Actor (LMB): SkyLight (SkyLight)
[2017.12.10-23.52.58:258][922]LogEditorViewport: Clicking on Actor (LMB): SphereReflectionCapture (SphereReflectionCapture)
[2017.12.10-23.53.41:362][254]Cmd: OBJ SAVEPACKAGE PACKAGE="/Game/StarterContent/Maps/Minimal_Default" FILE="D:/School/C++2/UnrealHanoiSim/Content/StarterContent/Maps/Minimal_Default.umap" SILENT=true AUTOSAVING=false KEEPDIRTY=false
[2017.12.10-23.53.41:586][254]LogSavePackage: Save=179.31ms
[2017.12.10-23.53.41:586][254]LogSavePackage: Moving 'D:/School/C++2/UnrealHanoiSim/Saved/Minimal_DefaultA9670F40466E2C3F162DB5B6FEA5E9C9.tmp' to 'D:/School/C++2/UnrealHanoiSim/Content/StarterContent/Maps/Minimal_Default.umap'
[2017.12.10-23.53.41:593][254]LogSavePackage:Display: Finished SavePackage D:/School/C++2/UnrealHanoiSim/Content/StarterContent/Maps/Minimal_Default.umap
[2017.12.10-23.53.41:629][254]Cmd: OBJ SAVEPACKAGE PACKAGE="/Game/StarterContent/Maps/Minimal_Default_BuiltData" FILE="D:/School/C++2/UnrealHanoiSim/Content/StarterContent/Maps/Minimal_Default_BuiltData.uasset" SILENT=true
[2017.12.10-23.53.41:683][254]LogSavePackage: Save=49.08ms
[2017.12.10-23.53.41:683][254]LogSavePackage: Moving 'D:/School/C++2/UnrealHanoiSim/Saved/Minimal_Default_BuiltData3E0F7B824C232898999DEFA29EDF2CF3.tmp' to 'D:/School/C++2/UnrealHanoiSim/Content/StarterContent/Maps/Minimal_Default_BuiltData.uasset'
[2017.12.10-23.53.41:685][254]LogSavePackage:Display: Finished SavePackage D:/School/C++2/UnrealHanoiSim/Content/StarterContent/Maps/Minimal_Default_BuiltData.uasset
[2017.12.10-23.53.46:049][724]LogWindowsTextInputMethodSystem:Display: IME system now deactivated.
[2017.12.10-23.53.46:316][725]Cmd: QUIT_EDITOR
[2017.12.10-23.53.46:950][725]LogExit: Preparing to exit.
[2017.12.10-23.53.47:566][725]LogExit: Editor shut down
[2017.12.10-23.53.47:566][725]LogExit: Transaction tracking system shut down
[2017.12.10-23.53.47:667][725]LogObj: Freed 0b from 0 cluster array pools.
[2017.12.10-23.53.47:667][725]LogExit: Object subsystem successfully closed.
[2017.12.10-23.53.47:685][725]LogD3D11RHI: Shutdown
[2017.12.10-23.53.47:685][725]LogD3D11RHI: CleanupD3DDevice
[2017.12.10-23.53.47:734][725]LogD3D11RHI: ~FD3D11DynamicRHI
[2017.12.10-23.53.47:765][725]LogModuleManager: Shutting down and abandoning module HierarchicalLODUtilities (511)
[2017.12.10-23.53.47:765][725]LogModuleManager: Shutting down and abandoning module BlueprintGraph (509)
[2017.12.10-23.53.47:765][725]LogModuleManager: Shutting down and abandoning module BlueprintProfiler (507)
[2017.12.10-23.53.47:766][725]LogModuleManager: Shutting down and abandoning module MovieSceneCapture (505)
[2017.12.10-23.53.47:766][725]LogModuleManager: Shutting down and abandoning module UnrealHanoiSim (503)
[2017.12.10-23.53.47:766][725]LogModuleManager: Shutting down and abandoning module HierarchicalLODOutliner (502)
[2017.12.10-23.53.47:767][725]LogModuleManager: Shutting down and abandoning module CrashTracker (500)
[2017.12.10-23.53.47:767][725]LogModuleManager: Shutting down and abandoning module WorldBrowser (498)
[2017.12.10-23.53.47:767][725]LogModuleManager: Shutting down and abandoning module SceneOutliner (496)
[2017.12.10-23.53.47:767][725]LogModuleManager: Shutting down and abandoning module AddContentDialog (494)
[2017.12.10-23.53.47:767][725]LogDirectoryWatcher: A directory notification for 'C:/Program Files/Epic Games/UE_4.15/FeaturePacks/' was aborted.
[2017.12.10-23.53.47:768][725]LogModuleManager: Shutting down and abandoning module WidgetCarousel (493)
[2017.12.10-23.53.47:768][725]LogModuleManager: Shutting down and abandoning module EditorWidgets (490)
[2017.12.10-23.53.47:768][725]LogModuleManager: Shutting down and abandoning module CollectionManager (488)
[2017.12.10-23.53.47:768][725]LogDirectoryWatcher: A directory notification for 'D:/School/C++2/UnrealHanoiSim/Content/Collections/' was aborted.
[2017.12.10-23.53.47:769][725]LogDirectoryWatcher: A directory notification for 'D:/School/C++2/UnrealHanoiSim/Content/Developers/leech/Collections/' was aborted.
[2017.12.10-23.53.47:769][725]LogDirectoryWatcher: A directory notification for 'D:/School/C++2/UnrealHanoiSim/Saved/Collections/' was aborted.
[2017.12.10-23.53.47:769][725]LogModuleManager: Shutting down and abandoning module StatsViewer (486)
[2017.12.10-23.53.47:769][725]LogModuleManager: Shutting down and abandoning module FoliageEdit (484)
[2017.12.10-23.53.47:769][725]LogModuleManager: Shutting down and abandoning module LandscapeEditor (482)
[2017.12.10-23.53.47:769][725]LogModuleManager: Shutting down and abandoning module SceneDepthPickerMode (480)
[2017.12.10-23.53.47:769][725]LogModuleManager: Shutting down and abandoning module ActorPickerMode (478)
[2017.12.10-23.53.47:769][725]LogModuleManager: Shutting down and abandoning module GeometryMode (476)
[2017.12.10-23.53.47:769][725]LogModuleManager: Shutting down and abandoning module TextureAlignMode (474)
[2017.12.10-23.53.47:769][725]LogModuleManager: Shutting down and abandoning module BspMode (472)
[2017.12.10-23.53.47:769][725]LogModuleManager: Shutting down and abandoning module HardwareSurvey (470)
[2017.12.10-23.53.47:769][725]LogModuleManager: Shutting down and abandoning module SequenceRecorderSections (468)
[2017.12.10-23.53.47:769][725]LogModuleManager: Shutting down and abandoning module AutomationWorker (466)
[2017.12.10-23.53.47:769][725]LogModuleManager: Shutting down and abandoning module MatineeToLevelSequence (464)
[2017.12.10-23.53.47:769][725]LogModuleManager: Shutting down and abandoning module LevelSequenceEditor (462)
[2017.12.10-23.53.47:770][725]LogModuleManager: Shutting down and abandoning module PlacementMode (461)
[2017.12.10-23.53.47:770][725]LogModuleManager: Shutting down and abandoning module WmfMediaFactory (458)
[2017.12.10-23.53.47:770][725]LogModuleManager: Shutting down and abandoning module WmfMediaEditor (456)
[2017.12.10-23.53.47:770][725]LogModuleManager: Shutting down and abandoning module MfMediaFactory (454)
[2017.12.10-23.53.47:770][725]LogModuleManager: Shutting down and abandoning module MfMediaEditor (452)
[2017.12.10-23.53.47:770][725]LogModuleManager: Shutting down and abandoning module AvfMediaFactory (450)
[2017.12.10-23.53.47:770][725]LogModuleManager: Shutting down and abandoning module AvfMediaEditor (448)
[2017.12.10-23.53.47:770][725]LogModuleManager: Shutting down and abandoning module AndroidMediaFactory (446)
[2017.12.10-23.53.47:770][725]LogModuleManager: Shutting down and abandoning module Media (445)
[2017.12.10-23.53.47:770][725]LogModuleManager: Shutting down and abandoning module AndroidMediaEditor (442)
[2017.12.10-23.53.47:770][725]LogModuleManager: Shutting down and abandoning module CharacterAI (440)
[2017.12.10-23.53.47:770][725]LogModuleManager: Shutting down and abandoning module AudioCapture (438)
[2017.12.10-23.53.47:770][725]LogModuleManager: Shutting down and abandoning module SequenceRecorder (437)
[2017.12.10-23.53.47:771][725]LogModuleManager: Shutting down and abandoning module SmartSnapping (434)
[2017.12.10-23.53.47:771][725]LogModuleManager: Shutting down and abandoning module SessionServices (432)
[2017.12.10-23.53.47:771][725]LogModuleManager: Shutting down and abandoning module ViewportSnapping (430)
[2017.12.10-23.53.47:771][725]LogModuleManager: Shutting down and abandoning module ViewportInteraction (428)
[2017.12.10-23.53.47:771][725]LogModuleManager: Shutting down and abandoning module LogVisualizer (426)
[2017.12.10-23.53.47:772][725]LogModuleManager: Shutting down and abandoning module IntroTutorials (424)
[2017.12.10-23.53.47:772][725]LogModuleManager: Shutting down and abandoning module GameProjectGeneration (423)
[2017.12.10-23.53.47:772][725]LogModuleManager: Shutting down and abandoning module EditorLiveStreaming (420)
[2017.12.10-23.53.47:772][725]LogModuleManager: Shutting down and abandoning module IOSPlatformEditor (418)
[2017.12.10-23.53.47:772][725]LogModuleManager: Shutting down and abandoning module HTML5PlatformEditor (416)
[2017.12.10-23.53.47:772][725]LogModuleManager: Shutting down and abandoning module AndroidPlatformEditor (414)
[2017.12.10-23.53.47:772][725]LogModuleManager: Shutting down and abandoning module AndroidDeviceDetection (413)
[2017.12.10-23.53.48:416][725]LogModuleManager: Shutting down and abandoning module IOSRuntimeSettings (410)
[2017.12.10-23.53.48:416][725]LogModuleManager: Shutting down and abandoning module AndroidRuntimeSettings (408)
[2017.12.10-23.53.48:416][725]LogModuleManager: Shutting down and abandoning module InputBindingEditor (406)
[2017.12.10-23.53.48:416][725]LogModuleManager: Shutting down and abandoning module NiagaraEditor (404)
[2017.12.10-23.53.48:417][725]LogModuleManager: Shutting down and abandoning module MergeActors (402)
[2017.12.10-23.53.48:417][725]LogModuleManager: Shutting down and abandoning module SizeMap (400)
[2017.12.10-23.53.48:417][725]LogModuleManager: Shutting down and abandoning module TreeMap (398)
[2017.12.10-23.53.48:418][725]LogModuleManager: Shutting down and abandoning module ReferenceViewer (396)
[2017.12.10-23.53.48:418][725]LogModuleManager: Shutting down and abandoning module LocalizationDashboard (394)
[2017.12.10-23.53.48:418][725]LogModuleManager: Shutting down and abandoning module LocalizationService (393)
[2017.12.10-23.53.48:418][725]LogModuleManager: Shutting down and abandoning module HardwareTargeting (390)
[2017.12.10-23.53.48:419][725]LogModuleManager: Shutting down and abandoning module DeviceProfileEditor (388)
[2017.12.10-23.53.48:419][725]LogModuleManager: Shutting down and abandoning module UndoHistory (386)
[2017.12.10-23.53.48:419][725]LogModuleManager: Shutting down and abandoning module UserFeedback (384)
[2017.12.10-23.53.48:419][725]LogModuleManager: Shutting down and abandoning module XmlParser (382)
[2017.12.10-23.53.48:419][725]LogModuleManager: Shutting down and abandoning module Blutility (380)
[2017.12.10-23.53.48:419][725]LogModuleManager: Shutting down and abandoning module ProjectSettingsViewer (378)
[2017.12.10-23.53.48:419][725]LogModuleManager: Shutting down and abandoning module ProjectTargetPlatformEditor (377)
[2017.12.10-23.53.48:419][725]LogModuleManager: Shutting down and abandoning module EditorSettingsViewer (374)
[2017.12.10-23.53.48:420][725]LogModuleManager: Shutting down and abandoning module SettingsEditor (372)
[2017.12.10-23.53.48:420][725]LogModuleManager: Shutting down and abandoning module ProjectLauncher (370)
[2017.12.10-23.53.48:420][725]LogModuleManager: Shutting down and abandoning module SessionFrontend (368)
[2017.12.10-23.53.48:421][725]LogModuleManager: Shutting down and abandoning module ProfilerClient (366)
[2017.12.10-23.53.48:421][725]LogModuleManager: Shutting down and abandoning module DeviceManager (364)
[2017.12.10-23.53.48:421][725]LogModuleManager: Shutting down and abandoning module TargetDeviceServices (363)
[2017.12.10-23.53.48:463][725]LogModuleManager: Shutting down and abandoning module AutomationController (360)
[2017.12.10-23.53.48:464][725]LogModuleManager: Shutting down and abandoning module AutomationWindow (358)
[2017.12.10-23.53.48:464][725]LogModuleManager: Shutting down and abandoning module Layers (356)
[2017.12.10-23.53.48:465][725]LogModuleManager: Shutting down and abandoning module ComponentVisualizers (354)
[2017.12.10-23.53.48:465][725]LogModuleManager: Shutting down and abandoning module DetailCustomizations (352)
[2017.12.10-23.53.48:465][725]LogModuleManager: Shutting down and abandoning module PackagesDialog (350)
[2017.12.10-23.53.48:466][725]LogModuleManager: Shutting down and abandoning module Persona (348)
[2017.12.10-23.53.48:466][725]LogModuleManager: Shutting down and abandoning module AnimGraph (347)
[2017.12.10-23.53.48:466][725]LogModuleManager: Shutting down and abandoning module Kismet (344)
[2017.12.10-23.53.48:476][725]LogModuleManager: Shutting down and abandoning module GraphEditor (342)
[2017.12.10-23.53.48:476][725]LogModuleManager: Shutting down and abandoning module ClassViewer (340)
[2017.12.10-23.53.48:478][725]LogModuleManager: Shutting down and abandoning module Toolbox (338)
[2017.12.10-23.53.48:478][725]LogModuleManager: Shutting down and abandoning module ModuleUI (336)
[2017.12.10-23.53.48:479][725]LogModuleManager: Shutting down and abandoning module MovieSceneTools (334)
[2017.12.10-23.53.48:479][725]LogModuleManager: Shutting down and abandoning module OutputLog (332)
[2017.12.10-23.53.48:479][725]LogModuleManager: Shutting down and abandoning module GammaUI (330)
[2017.12.10-23.53.48:479][725]LogModuleManager: Shutting down and abandoning module Documentation (328)
[2017.12.10-23.53.48:479][725]LogModuleManager: Shutting down and abandoning module Niagara (326)
[2017.12.10-23.53.48:479][725]LogModuleManager: Shutting down and abandoning module StreamingPauseRendering (324)
[2017.12.10-23.53.48:479][725]LogModuleManager: Shutting down and abandoning module AnalyticsET (322)
[2017.12.10-23.53.48:479][725]LogModuleManager: Shutting down and abandoning module PortalServices (320)
[2017.12.10-23.53.48:480][725]LogModuleManager: Shutting down and abandoning module PortalRpc (318)
[2017.12.10-23.53.48:480][725]LogModuleManager: Shutting down and abandoning module MessagingRpc (316)
[2017.12.10-23.53.48:480][725]LogModuleManager: Shutting down and abandoning module AIModule (314)
[2017.12.10-23.53.48:480][725]LogModuleManager: Shutting down and abandoning module GameplayDebugger (313)
[2017.12.10-23.53.48:480][725]LogModuleManager: Shutting down and abandoning module AITestSuite (311)
[2017.12.10-23.53.48:480][725]LogModuleManager: Shutting down and abandoning module ProfilerService (308)
[2017.12.10-23.53.48:670][725]LogModuleManager: Shutting down and abandoning module TaskGraph (306)
[2017.12.10-23.53.48:671][725]LogModuleManager: Shutting down and abandoning module SteamVRController (304)
[2017.12.10-23.53.48:671][725]LogModuleManager: Shutting down and abandoning module SteamVR (302)
[2017.12.10-23.53.48:671][725]LogModuleManager: Shutting down and abandoning module ProceduralMeshComponentEditor (300)
[2017.12.10-23.53.48:671][725]LogModuleManager: Shutting down and abandoning module ProceduralMeshComponent (298)
[2017.12.10-23.53.48:671][725]LogModuleManager: Shutting down and abandoning module OculusLibrary (296)
[2017.12.10-23.53.48:671][725]LogModuleManager: Shutting down and abandoning module OculusInput (294)
[2017.12.10-23.53.48:671][725]LogModuleManager: Shutting down and abandoning module MobilePatchingUtils (292)
[2017.12.10-23.53.48:671][725]LogModuleManager: Shutting down and abandoning module CustomMeshComponent (290)
[2017.12.10-23.53.48:671][725]LogModuleManager: Shutting down and abandoning module CableComponent (288)
[2017.12.10-23.53.48:671][725]LogModuleManager: Shutting down and abandoning module ArchVisCharacter (286)
[2017.12.10-23.53.48:671][725]LogModuleManager: Shutting down and abandoning module MediaPlayerEditor (282)
[2017.12.10-23.53.48:672][725]LogModuleManager: Shutting down and abandoning module HTML5Networking (280)
[2017.12.10-23.53.48:672][725]LogModuleManager: Shutting down and abandoning module AlembicImporter (278)
[2017.12.10-23.53.48:672][725]LogModuleManager: Shutting down and abandoning module AlembicLibrary (277)
[2017.12.10-23.53.48:672][725]LogModuleManager: Shutting down and abandoning module GeometryCache (276)
[2017.12.10-23.53.48:672][725]LogModuleManager: Shutting down and abandoning module GeometryCacheEd (275)
[2017.12.10-23.53.48:672][725]LogModuleManager: Shutting down and abandoning module SuperSearchEditor (270)
[2017.12.10-23.53.48:672][725]LogModuleManager: Shutting down and abandoning module SuperSearch (269)
[2017.12.10-23.53.48:672][725]LogModuleManager: Shutting down and abandoning module SpeedTreeImporter (266)
[2017.12.10-23.53.48:672][725]LogModuleManager: Shutting down and abandoning module PluginBrowser (264)
[2017.12.10-23.53.48:673][725]LogModuleManager: Shutting down and abandoning module MobileLauncherProfileWizard (262)
[2017.12.10-23.53.48:674][725]LogModuleManager: Shutting down and abandoning module EpicSurvey (260)
[2017.12.10-23.53.48:674][725]LogModuleManager: Shutting down and abandoning module VisualStudioSourceCodeAccess (258)
[2017.12.10-23.53.48:674][725]LogModuleManager: Shutting down and abandoning module DesktopPlatform (257)
[2017.12.10-23.53.48:674][725]LogModuleManager: Shutting down and abandoning module UObjectPlugin (254)
[2017.12.10-23.53.48:674][725]LogModuleManager: Shutting down and abandoning module SubversionSourceControl (252)
[2017.12.10-23.53.48:674][725]LogModuleManager: Shutting down and abandoning module PerforceSourceControl (250)
[2017.12.10-23.53.48:675][725]LogModuleManager: Shutting down and abandoning module GitSourceControl (248)
[2017.12.10-23.53.48:675][725]LogModuleManager: Shutting down and abandoning module SourceControl (247)
[2017.12.10-23.53.48:675][725]LogModuleManager: Shutting down and abandoning module LightPropagationVolumeEditor (244)
[2017.12.10-23.53.48:675][725]LogModuleManager: Shutting down and abandoning module PaperTiledImporter (242)
[2017.12.10-23.53.48:675][725]LogModuleManager: Shutting down and abandoning module PaperSpriteSheetImporter (240)
[2017.12.10-23.53.48:675][725]LogModuleManager: Shutting down and abandoning module Paper2DEditor (238)
[2017.12.10-23.53.48:675][725]LogModuleManager: Shutting down and abandoning module MeshPaint (237)
[2017.12.10-23.53.48:676][725]LogModuleManager: Shutting down and abandoning module LevelEditor (235)
[2017.12.10-23.53.48:676][725]LogModuleManager: Shutting down and abandoning module PixelInspectorModule (234)
[2017.12.10-23.53.48:677][725]LogModuleManager: Shutting down and abandoning module MainFrame (232)
[2017.12.10-23.53.48:677][725]LogModuleManager: Shutting down and abandoning module HotReload (231)
[2017.12.10-23.53.48:677][725]LogDirectoryWatcher: A directory notification for 'D:/School/C++2/UnrealHanoiSim/Binaries/Win64' was aborted.
[2017.12.10-23.53.48:678][725]LogModuleManager: Shutting down and abandoning module ContentBrowser (227)
[2017.12.10-23.53.48:679][725]LogModuleManager: Shutting down and abandoning module PhysXVehiclesEditor (222)
[2017.12.10-23.53.48:679][725]LogModuleManager: Shutting down and abandoning module PhysXVehicles (220)
[2017.12.10-23.53.48:679][725]LogModuleManager: Shutting down and abandoning module LocationServicesBPLibrary (218)
[2017.12.10-23.53.48:679][725]LogModuleManager: Shutting down and abandoning module UdpMessaging (216)
[2017.12.10-23.53.48:780][725]LogModuleManager: Shutting down and abandoning module TcpMessaging (214)
[2017.12.10-23.53.48:881][725]LogModuleManager: Shutting down and abandoning module GameplayTagsEditor (212)
[2017.12.10-23.53.48:881][725]LogModuleManager: Shutting down and abandoning module FacialAnimationEditor (210)
[2017.12.10-23.53.48:881][725]LogModuleManager: Shutting down and abandoning module FacialAnimation (208)
[2017.12.10-23.53.48:881][725]LogModuleManager: Shutting down and abandoning module LightPropagationVolumeRuntime (206)
[2017.12.10-23.53.48:881][725]LogModuleManager: Shutting down and abandoning module Paper2D (204)
[2017.12.10-23.53.48:881][725]LogModuleManager: Shutting down and abandoning module WindowsMoviePlayer (202)
[2017.12.10-23.53.48:881][725]LogModuleManager: Shutting down and abandoning module WmfMedia (200)
[2017.12.10-23.53.48:883][725]LogModuleManager: Shutting down and abandoning module MfMedia (198)
[2017.12.10-23.53.48:883][725]LogModuleManager: Shutting down and abandoning module MediaAssets (196)
[2017.12.10-23.53.48:883][725]LogModuleManager: Shutting down and abandoning module GameLiveStreaming (194)
[2017.12.10-23.53.48:883][725]LogModuleManager: Shutting down and abandoning module VREditor (192)
[2017.12.10-23.53.48:883][725]LogModuleManager: Shutting down and abandoning module GameplayTasksEditor (190)
[2017.12.10-23.53.48:883][725]LogModuleManager: Shutting down and abandoning module BehaviorTreeEditor (188)
[2017.12.10-23.53.48:884][725]LogModuleManager: Shutting down and abandoning module FunctionalTesting (186)
[2017.12.10-23.53.48:884][725]LogModuleManager: Shutting down and abandoning module CollisionAnalyzer (184)
[2017.12.10-23.53.48:885][725]LogModuleManager: Shutting down and abandoning module UMG (182)
[2017.12.10-23.53.48:885][725]LogModuleManager: Shutting down and abandoning module UMGEditor (181)
[2017.12.10-23.53.48:885][725]LogModuleManager: Shutting down and abandoning module Sequencer (180)
[2017.12.10-23.53.48:885][725]LogModuleManager: Shutting down and abandoning module AssetTools (178)
[2017.12.10-23.53.48:886][725]LogModuleManager: Shutting down and abandoning module MessageLog (177)
[2017.12.10-23.53.48:886][725]LogModuleManager: Shutting down and abandoning module WorkspaceMenuStructure (176)
[2017.12.10-23.53.48:886][725]LogModuleManager: Shutting down and abandoning module SlateReflector (170)
[2017.12.10-23.53.48:887][725]LogModuleManager: Shutting down and abandoning module Slate (168)
[2017.12.10-23.53.48:887][725]LogModuleManager: Shutting down and abandoning module EditorStyle (166)
[2017.12.10-23.53.48:890][725]LogModuleManager: Shutting down and abandoning module SourceCodeAccess (164)
[2017.12.10-23.53.48:890][725]LogModuleManager: Shutting down and abandoning module HeadMountedDisplay (162)
[2017.12.10-23.53.48:890][725]LogModuleManager: Shutting down and abandoning module XAudio2 (160)
[2017.12.10-23.53.48:890][725]LogModuleManager: Shutting down and abandoning module Networking (158)
[2017.12.10-23.53.48:890][725]LogModuleManager: Shutting down and abandoning module Core (154)
[2017.12.10-23.53.48:890][725]LogModuleManager: Shutting down and abandoning module AssetRegistry (152)
[2017.12.10-23.53.49:026][725]LogDirectoryWatcher: A directory notification for '../../../Engine/Content/' was aborted.
[2017.12.10-23.53.49:026][725]LogDirectoryWatcher: A directory notification for 'D:/School/C++2/UnrealHanoiSim/Content/' was aborted.
[2017.12.10-23.53.49:026][725]LogDirectoryWatcher: A directory notification for '../../../Engine/Plugins/2D/Paper2D/Content/' was aborted.
[2017.12.10-23.53.49:026][725]LogModuleManager: Shutting down and abandoning module DirectoryWatcher (151)
[2017.12.10-23.53.49:027][725]LogModuleManager: Shutting down and abandoning module KismetCompiler (148)
[2017.12.10-23.53.49:027][725]LogModuleManager: Shutting down and abandoning module PhysXFormats (146)
[2017.12.10-23.53.49:027][725]LogModuleManager: Shutting down and abandoning module MeshUtilities (144)
[2017.12.10-23.53.49:028][725]LogModuleManager: Shutting down and abandoning module SimplygonSwarm (143)
[2017.12.10-23.53.49:028][725]LogModuleManager: Shutting down and abandoning module SimplygonMeshReduction (141)
[2017.12.10-23.53.49:028][725]LogModuleManager: Shutting down and abandoning module QuadricMeshReduction (139)
[2017.12.10-23.53.49:028][725]LogModuleManager: Shutting down and abandoning module PropertyEditor (137)
[2017.12.10-23.53.49:028][725]LogModuleManager: Shutting down and abandoning module DerivedDataCache (134)
[2017.12.10-23.53.49:103][725]LogDerivedDataCache: Shutdown
[2017.12.10-23.53.49:103][725]LogModuleManager: Shutting down and abandoning module TargetPlatform (132)
[2017.12.10-23.53.49:103][725]LogModuleManager: Shutting down and abandoning module VulkanShaderFormat (131)
[2017.12.10-23.53.49:103][725]LogModuleManager: Shutting down and abandoning module ShaderFormatOpenGL (129)
[2017.12.10-23.53.49:104][725]LogModuleManager: Shutting down and abandoning module ShaderFormatD3D (127)
[2017.12.10-23.53.49:104][725]LogModuleManager: Shutting down and abandoning module MetalShaderFormat (125)
[2017.12.10-23.53.49:104][725]LogModuleManager: Shutting down and abandoning module TextureFormatUncompressed (123)
[2017.12.10-23.53.49:104][725]LogModuleManager: Shutting down and abandoning module TextureFormatPVR (121)
[2017.12.10-23.53.49:104][725]LogModuleManager: Shutting down and abandoning module TextureFormatDXT (119)
[2017.12.10-23.53.49:104][725]LogModuleManager: Shutting down and abandoning module TextureFormatIntelISPCTexComp (117)
[2017.12.10-23.53.49:104][725]LogModuleManager: Shutting down and abandoning module TextureFormatASTC (115)
[2017.12.10-23.53.49:104][725]LogModuleManager: Shutting down and abandoning module ImageWrapper (114)
[2017.12.10-23.53.49:104][725]LogModuleManager: Shutting down and abandoning module TextureFormatAndroid (111)
[2017.12.10-23.53.49:104][725]LogModuleManager: Shutting down and abandoning module AudioFormatOpus (109)
[2017.12.10-23.53.49:104][725]LogModuleManager: Shutting down and abandoning module AudioFormatOgg (107)
[2017.12.10-23.53.49:104][725]LogModuleManager: Shutting down and abandoning module AudioFormatADPCM (105)
[2017.12.10-23.53.49:104][725]LogModuleManager: Shutting down and abandoning module LinuxTargetPlatform (103)
[2017.12.10-23.53.49:104][725]LogModuleManager: Shutting down and abandoning module LinuxServerTargetPlatform (101)
[2017.12.10-23.53.49:104][725]LogModuleManager: Shutting down and abandoning module LinuxNoEditorTargetPlatform (99)
[2017.12.10-23.53.49:104][725]LogModuleManager: Shutting down and abandoning module LinuxClientTargetPlatform (97)
[2017.12.10-23.53.49:104][725]LogModuleManager: Shutting down and abandoning module TVOSTargetPlatform (95)
[2017.12.10-23.53.49:104][725]LogModuleManager: Shutting down and abandoning module Messaging (93)
[2017.12.10-23.53.49:104][725]LogModuleManager: Shutting down and abandoning module IOSTargetPlatform (91)
[2017.12.10-23.53.49:104][725]LogModuleManager: Shutting down and abandoning module HTML5TargetPlatform (89)
[2017.12.10-23.53.49:104][725]LogModuleManager: Shutting down and abandoning module Android_PVRTCTargetPlatform (87)
[2017.12.10-23.53.49:104][725]LogModuleManager: Shutting down and abandoning module Android_MultiTargetPlatform (85)
[2017.12.10-23.53.49:104][725]LogModuleManager: Shutting down and abandoning module Android_ETC2TargetPlatform (83)
[2017.12.10-23.53.49:104][725]LogModuleManager: Shutting down and abandoning module Android_ETC1TargetPlatform (81)
[2017.12.10-23.53.49:104][725]LogModuleManager: Shutting down and abandoning module Android_DXTTargetPlatform (79)
[2017.12.10-23.53.49:104][725]LogModuleManager: Shutting down and abandoning module Android_ATCTargetPlatform (77)
[2017.12.10-23.53.49:104][725]LogModuleManager: Shutting down and abandoning module Android_ASTCTargetPlatform (75)
[2017.12.10-23.53.49:104][725]LogModuleManager: Shutting down and abandoning module AndroidTargetPlatform (73)
[2017.12.10-23.53.49:104][725]LogModuleManager: Shutting down and abandoning module WindowsTargetPlatform (71)
[2017.12.10-23.53.49:104][725]LogModuleManager: Shutting down and abandoning module WindowsServerTargetPlatform (69)
[2017.12.10-23.53.49:104][725]LogModuleManager: Shutting down and abandoning module WindowsNoEditorTargetPlatform (67)
[2017.12.10-23.53.49:105][725]LogModuleManager: Shutting down and abandoning module WindowsClientTargetPlatform (65)
[2017.12.10-23.53.49:105][725]LogModuleManager: Shutting down and abandoning module MacTargetPlatform (63)
[2017.12.10-23.53.49:105][725]LogModuleManager: Shutting down and abandoning module MacServerTargetPlatform (61)
[2017.12.10-23.53.49:105][725]LogModuleManager: Shutting down and abandoning module MacNoEditorTargetPlatform (59)
[2017.12.10-23.53.49:105][725]LogModuleManager: Shutting down and abandoning module MacClientTargetPlatform (57)
[2017.12.10-23.53.49:105][725]LogModuleManager: Shutting down and abandoning module AllDesktopTargetPlatform (55)
[2017.12.10-23.53.49:105][725]LogModuleManager: Shutting down and abandoning module InputCore (52)
[2017.12.10-23.53.49:105][725]LogModuleManager: Shutting down and abandoning module Settings (50)
[2017.12.10-23.53.49:105][725]LogModuleManager: Shutting down and abandoning module OculusRift (48)
[2017.12.10-23.53.49:105][725]LogModuleManager: Shutting down and abandoning module GearVR (46)
[2017.12.10-23.53.49:105][725]LogModuleManager: Shutting down and abandoning module ExampleDeviceProfileSelector (44)
[2017.12.10-23.53.49:105][725]LogModuleManager: Shutting down and abandoning module OnlineBlueprintSupport (42)
[2017.12.10-23.53.49:105][725]LogModuleManager: Shutting down and abandoning module OnlineSubsystem (38)
[2017.12.10-23.53.49:105][725]LogOnline:Display: Unloading online subsystem: NULL
[2017.12.10-23.53.49:105][725]LogModuleManager: Shutting down and abandoning module XMPP (37)
[2017.12.10-23.53.49:106][725]LogModuleManager: Shutting down and abandoning module HTTP (35)
[2017.12.10-23.53.49:106][725]LogHttp:Display: Http module shutting down, but needs to wait on 1 outstanding Http requests:
[2017.12.10-23.53.49:106][725]LogHttp:Display: 	verb=[POST] url=[https://datarouter.ol.epicgames.com/datarouter/api/v1/public/data?SessionID=%7B98A8C129-4DC1-EBBC-F461-3B9588D50CC8%7D&AppID=UEEditor.Rocket.Release&AppVersion=4.15.3-3450819%2B%2B%2BUE4%2BRelease-4.15&UserID=ff47dd8a46ffa315cfdd14ad83809b94%7C025038b0caa74891b73e07a52b525ae0%7C31a0a85b-69e5-462b-9385-51ce0fda30fb&AppEnvironment=datacollector-binary&UploadType=eteventstream] status=Processing
[2017.12.10-23.53.49:131][725]LogModuleManager: Shutting down and abandoning module SSL (34)
[2017.12.10-23.53.49:133][725]LogModuleManager: Shutting down and abandoning module AudioEditor (30)
[2017.12.10-23.53.49:133][725]LogModuleManager: Shutting down and abandoning module TextureCompressor (28)
[2017.12.10-23.53.49:133][725]LogModuleManager: Shutting down and abandoning module ShaderCore (26)
[2017.12.10-23.53.49:133][725]LogModuleManager: Shutting down and abandoning module Landscape (24)
[2017.12.10-23.53.49:133][725]LogModuleManager: Shutting down and abandoning module SlateRHIRenderer (22)
[2017.12.10-23.53.49:135][725]LogModuleManager: Shutting down and abandoning module OpenGLDrv (20)
[2017.12.10-23.53.49:135][725]LogModuleManager: Shutting down and abandoning module D3D11RHI (18)
[2017.12.10-23.53.49:135][725]LogModuleManager: Shutting down and abandoning module AnimGraphRuntime (16)
[2017.12.10-23.53.49:135][725]LogModuleManager: Shutting down and abandoning module Renderer (14)
[2017.12.10-23.53.49:135][725]LogModuleManager: Shutting down and abandoning module Engine (12)
[2017.12.10-23.53.49:135][725]LogModuleManager: Shutting down and abandoning module CoreUObject (10)
[2017.12.10-23.53.49:135][725]LogModuleManager: Shutting down and abandoning module NetworkFile (8)
[2017.12.10-23.53.49:135][725]LogModuleManager: Shutting down and abandoning module StreamingFile (6)
[2017.12.10-23.53.49:135][725]LogModuleManager: Shutting down and abandoning module SandboxFile (4)
[2017.12.10-23.53.49:135][725]LogModuleManager: Shutting down and abandoning module PakFile (2)
[2017.12.10-23.53.49:137][725]LogExit: Exiting.
[2017.12.10-23.53.49:146][725]Log file closed, 12/10/17 17:53:49
