Log file open, 12/10/17 17:22:32
LogInit:Display: Running engine for game: UnrealHanoiSim
LogPlatformFile: Not using cached read wrapper
LogInit:Display: RandInit(327006010) SRandInit(327006010).
LogTaskGraph: Started task graph with 5 named threads and 10 total threads with 1 sets of task threads.
LogStats: Stats thread started at 0.102648
LogInit: Using libcurl 7.47.1
LogInit:  - built for x86_64-pc-win32
LogInit:  - supports SSL with OpenSSL/1.0.2g
LogInit:  - supports HTTP deflate (compression) using libz 1.2.8
LogInit:  - other features:
LogInit:      CURL_VERSION_SSL
LogInit:      CURL_VERSION_LIBZ
LogInit:      CURL_VERSION_IPV6
LogInit:      CURL_VERSION_ASYNCHDNS
LogInit:      CURL_VERSION_LARGEFILE
LogInit:      CURL_VERSION_IDN
LogInit:  CurlRequestOptions (configurable via config and command line):
LogInit:  - bVerifyPeer = false  - Libcurl will NOT verify peer certificate
LogInit:  - bUseHttpProxy = false  - Libcurl will NOT use HTTP proxy
LogInit:  - bDontReuseConnections = false  - Libcurl will reuse connections
LogInit:  - CertBundlePath = nullptr  - Libcurl will use whatever was configured at build time.
LogInit: Build: ++UE4+Release-4.15-CL-3450819
LogInit: Engine Version: 4.15.3-3450819+++UE4+Release-4.15
LogInit: Compatible Engine Version: 4.15.0-3299760+++UE4+Release-4.15
LogInit: Net CL: 3299760
LogDevObjectVersion: Number of dev versions registered: 14
LogDevObjectVersion:   Dev-Blueprints (B0D832E4-1F89-4F0D-ACCF-7EB736FD4AA2): 8
LogDevObjectVersion:   Dev-Build (E1C64328-A22C-4D53-A36C-8E866417BD8C): 0
LogDevObjectVersion:   Dev-Core (375EC13C-06E4-48FB-B500-84F0262A717E): 2
LogDevObjectVersion:   Dev-Editor (E4B068ED-F494-42E9-A231-DA0B2E46BB41): 14
LogDevObjectVersion:   Dev-Framework (CFFC743F-43B0-4480-9391-14DF171D2073): 22
LogDevObjectVersion:   Dev-Mobile (B02B49B5-BB20-44E9-A304-32B752E40360): 0
LogDevObjectVersion:   Dev-Networking (A4E4105C-59A1-49B5-A7C5-40C4547EDFEE): 0
LogDevObjectVersion:   Dev-Online (39C831C9-5AE6-47DC-9A44-9C173E1C8E7C): 0
LogDevObjectVersion:   Dev-Physics (78F01B33-EBEA-4F98-B9B4-84EACCB95AA2): 0
LogDevObjectVersion:   Dev-Platform (6631380F-2D4D-43E0-8009-CF276956A95A): 0
LogDevObjectVersion:   Dev-Rendering (12F88B9F-8875-4AFC-A67C-D90C383ABD29): 12
LogDevObjectVersion:   Dev-Sequencer (7B5AE74C-D270-4C10-A958-57980B212A5A): 3
LogDevObjectVersion:   Dev-VR (D7296918-1DD6-4BDD-9DE2-64A83CC13884): 0
LogDevObjectVersion:   Dev-LoadTimes (C2A15278-BFE7-4AFE-6C17-90FF531DF755): 1
LogInit: Compiled (64-bit): May 21 2017 11:02:34
LogInit: Compiled with Visual C++: 19.00.23026.00
LogInit: Build Configuration: Development
LogInit: Branch Name: ++UE4+Release-4.15
LogInit: Command line: 
LogInit: Base directory: C:/Program Files/Epic Games/UE_4.15/Engine/Binaries/Win64/
LogInit: Installed Engine Build: 1
LogInit: Presizing for max 8388607 objects, including 0 objects not considered by GC, pre-allocating 0 bytes for permanent pool.
LogInit: Object subsystem initialized
[2017.12.10-23.22.34:198][  0]LogInit: Selected Device Profile: [Windows]
[2017.12.10-23.22.34:198][  0]LogInit: Applying CVar settings loaded from the selected device profile: [Windows]
[2017.12.10-23.22.34:206][  0]LogInit: Computer: DESKTOP-B7QLANU
[2017.12.10-23.22.34:206][  0]LogInit: User: leech
[2017.12.10-23.22.34:206][  0]LogInit: CPU Page size=65536, Cores=6
[2017.12.10-23.22.34:206][  0]LogInit: High frequency timer resolution =3.318395 MHz
[2017.12.10-23.22.34:207][  0]LogMemory: Memory total: Physical=15.9GB (16GB approx)
[2017.12.10-23.22.34:207][  0]LogMemory: Platform Memory Stats for Windows
[2017.12.10-23.22.34:207][  0]LogMemory: Process Physical Memory: 264.85 MB used, 264.85 MB peak
[2017.12.10-23.22.34:207][  0]LogMemory: Process Virtual Memory: 270.18 MB used, 270.18 MB peak
[2017.12.10-23.22.34:207][  0]LogMemory: Physical Memory: 8586.31 MB used,  7708.57 MB free, 16294.88 MB total
[2017.12.10-23.22.34:207][  0]LogMemory: Virtual Memory: 679.05 MB used,  7708.57 MB free, 134217728.00 MB total
[2017.12.10-23.22.34:343][  0]LogTextLocalizationManager: No specific translations for ('en-US') exist, so ('en') translations will be used.
[2017.12.10-23.22.35:009][  0]LogD3D11RHI: D3D11 adapters:
[2017.12.10-23.22.35:067][  0]LogD3D11RHI:    0. 'NVIDIA GeForce GTX 1080' (Feature Level 11_0)
[2017.12.10-23.22.35:067][  0]LogD3D11RHI:       8086/0/8147 MB DedicatedVideo/DedicatedSystem/SharedSystem, Outputs:1, VendorId:0x10de
[2017.12.10-23.22.35:070][  0]LogD3D11RHI:    1. 'Microsoft Basic Render Driver' (Feature Level 11_0)
[2017.12.10-23.22.35:070][  0]LogD3D11RHI:       0/0/8147 MB DedicatedVideo/DedicatedSystem/SharedSystem, Outputs:0, VendorId:0x1414
[2017.12.10-23.22.35:070][  0]LogD3D11RHI: Chosen D3D11 Adapter: 0
[2017.12.10-23.22.35:078][  0]LogD3D11RHI: Creating new Direct3DDevice
[2017.12.10-23.22.35:078][  0]LogD3D11RHI:     GPU DeviceId: 0x1b80 (for the marketing name, search the web for "GPU Device Id")
[2017.12.10-23.22.35:078][  0]LogWindows: EnumDisplayDevices:
[2017.12.10-23.22.35:078][  0]LogWindows:    0. 'NVIDIA GeForce GTX 1080' (P:1 D:1)
[2017.12.10-23.22.35:078][  0]LogWindows:    1. 'NVIDIA GeForce GTX 1080' (P:0 D:0)
[2017.12.10-23.22.35:079][  0]LogWindows:    2. 'NVIDIA GeForce GTX 1080' (P:0 D:0)
[2017.12.10-23.22.35:079][  0]LogWindows:    3. 'NVIDIA GeForce GTX 1080' (P:0 D:0)
[2017.12.10-23.22.35:079][  0]LogWindows: DebugString: GetVideoDriverDetailsInvalid PrimaryIsNotTheChoosenAdapter GetVideoDriverDetailsInvalid PrimaryIsNotTheChoosenAdapter GetVideoDriverDetailsInvalid PrimaryIsNotTheChoosenAdapter GetVideoDriverDetailsInvalid PrimaryIsNotTheChoosenAdapter FoundDriverCount:0 
[2017.12.10-23.22.35:079][  0]LogD3D11RHI:     Adapter Name: NVIDIA GeForce GTX 1080
[2017.12.10-23.22.35:079][  0]LogD3D11RHI:   Driver Version: Unknown (internal:Unknown, unified:Unknown)
[2017.12.10-23.22.35:079][  0]LogD3D11RHI:      Driver Date: Unknown
[2017.12.10-23.22.35:079][  0]LogRHI: Texture pool is 1361 MB (70% of 1945 MB)
[2017.12.10-23.22.35:106][  0]LogD3D11RHI: Async texture creation enabled
[2017.12.10-23.22.35:158][  0]LogD3D11RHI: GPU Timing Frequency: 1000.000000 (Debug: 2 1)
[2017.12.10-23.22.35:202][  0]LogShaderCompilers: Guid format shader working directory is 16 characters bigger than the processId version (D:/School/C++2/UnrealHanoiSim/Intermediate/Shaders/WorkingDirectory/17608/).
[2017.12.10-23.22.35:202][  0]LogShaderCompilers: Cleaned the shader compiler working directory 'C:/Users/leech/AppData/Local/Temp/UnrealShaderWorkingDir/438D27694FFA93462C7E9A93FBD33ACE/'.
[2017.12.10-23.22.35:202][  0]LogShaderCompilers:Display: Using Local Shader Compiler.
[2017.12.10-23.22.36:400][  0]LogTemp:Display: Loaded TP AllDesktopTargetPlatform
[2017.12.10-23.22.36:467][  0]LogTemp:Display: Loaded TP MacClientTargetPlatform
[2017.12.10-23.22.36:535][  0]LogTemp:Display: Loaded TP MacNoEditorTargetPlatform
[2017.12.10-23.22.36:602][  0]LogTemp:Display: Loaded TP MacServerTargetPlatform
[2017.12.10-23.22.36:669][  0]LogTemp:Display: Loaded TP MacTargetPlatform
[2017.12.10-23.22.36:736][  0]LogTemp:Display: Loaded TP WindowsClientTargetPlatform
[2017.12.10-23.22.36:803][  0]LogTemp:Display: Loaded TP WindowsNoEditorTargetPlatform
[2017.12.10-23.22.36:871][  0]LogTemp:Display: Loaded TP WindowsServerTargetPlatform
[2017.12.10-23.22.36:930][  0]LogTemp:Display: Loaded TP WindowsTargetPlatform
[2017.12.10-23.22.36:996][  0]LogTemp:Display: Loaded TP AndroidTargetPlatform
[2017.12.10-23.22.37:066][  0]LogTemp:Display: Loaded TP Android_ASTCTargetPlatform
[2017.12.10-23.22.37:144][  0]LogTemp:Display: Loaded TP Android_ATCTargetPlatform
[2017.12.10-23.22.37:223][  0]LogTemp:Display: Loaded TP Android_DXTTargetPlatform
[2017.12.10-23.22.37:292][  0]LogTemp:Display: Loaded TP Android_ETC1TargetPlatform
[2017.12.10-23.22.37:358][  0]LogTemp:Display: Loaded TP Android_ETC2TargetPlatform
[2017.12.10-23.22.37:488][  0]LogTemp:Display: Loaded TP Android_MultiTargetPlatform
[2017.12.10-23.22.37:488][  0]LogTemp:Display: Loaded TP Android_PVRTCTargetPlatform
[2017.12.10-23.22.37:540][  0]LogTemp:Display: Loaded TP HTML5TargetPlatform
[2017.12.10-23.22.37:657][  0]LogTemp:Display: Loaded TP IOSTargetPlatform
[2017.12.10-23.22.37:699][  0]LogTemp:Display: Loaded TP TVOSTargetPlatform
[2017.12.10-23.22.37:764][  0]LogTemp:Display: Loaded TP LinuxClientTargetPlatform
[2017.12.10-23.22.37:829][  0]LogTemp:Display: Loaded TP LinuxNoEditorTargetPlatform
[2017.12.10-23.22.37:895][  0]LogTemp:Display: Loaded TP LinuxServerTargetPlatform
[2017.12.10-23.22.37:987][  0]LogTemp:Display: Loaded TP LinuxTargetPlatform
[2017.12.10-23.22.37:987][  0]LogTargetPlatformManager:Display: Building Assets For Windows
[2017.12.10-23.22.38:683][  0]LogDerivedDataCache:Display: Max Cache Size: 512 MB
[2017.12.10-23.22.38:735][  0]LogDerivedDataCache: Loaded boot cache 0.05s 50MB C:/Users/leech/AppData/Local/UnrealEngine/4.15/DerivedDataCache/Boot.ddc.
[2017.12.10-23.22.38:735][  0]LogDerivedDataCache:Display: Loaded Boot cache: C:/Users/leech/AppData/Local/UnrealEngine/4.15/DerivedDataCache/Boot.ddc
[2017.12.10-23.22.38:735][  0]LogDerivedDataCache: FDerivedDataBackendGraph:  Pak pak cache file D:/School/C++2/UnrealHanoiSim/DerivedDataCache/DDC.ddp not found, will not use a pak cache.
[2017.12.10-23.22.38:735][  0]LogDerivedDataCache: Unable to find inner node Pak for hierarchical cache Hierarchy.
[2017.12.10-23.22.38:735][  0]LogDerivedDataCache: FDerivedDataBackendGraph:  CompressedPak pak cache file D:/School/C++2/UnrealHanoiSim/DerivedDataCache/Compressed.ddp not found, will not use a pak cache.
[2017.12.10-23.22.38:735][  0]LogDerivedDataCache: Unable to find inner node CompressedPak for hierarchical cache Hierarchy.
[2017.12.10-23.22.38:758][  0]LogDerivedDataCache:Display: Pak cache opened for reading ../../../Engine/DerivedDataCache/Compressed.ddp.
[2017.12.10-23.22.38:770][  0]LogDerivedDataCache: Using Local data cache path C:/Users/leech/AppData/Local/UnrealEngine/Common/DerivedDataCache: Writable
[2017.12.10-23.22.38:789][  0]LogSlate: Using Freetype 2.6.0
[2017.12.10-23.22.38:790][  0]LogSlate: SlateFontCache - WITH_FREETYPE: 1, WITH_HARFBUZZ: 1
[2017.12.10-23.22.38:790][  0]LogSlate: SlateFontCache - WITH_FREETYPE: 1, WITH_HARFBUZZ: 1
[2017.12.10-23.22.39:087][  0]LogInit: Selected Device Profile: [Windows]
[2017.12.10-23.22.39:091][  0]LogContentStreaming: Texture pool size is 0.00 MB
[2017.12.10-23.22.39:354][  0]LogMeshUtilities: Using QuadricMeshReduction for automatic static mesh reduction
[2017.12.10-23.22.39:428][  0]LogSimplygon: Simplygon DLL not present - disabling.
[2017.12.10-23.22.39:502][  0]LogMeshUtilities: Using SimplygonSwarm for distributed automatic mesh merging
[2017.12.10-23.22.39:502][  0]LogMeshUtilities: No automatic skeletal mesh reduction module available
[2017.12.10-23.22.39:502][  0]LogMeshUtilities: No automatic mesh merging module available
[2017.12.10-23.22.40:078][  0]LogNetVersion: GetLocalNetworkVersion: CL: 3299760, ProjectName: unrealhanoisim, ProjectVersion: , EngineNetworkVersion: 2, GameNetworkVersion: 0, NetworkChecksum: 2797521926
[2017.12.10-23.22.40:131][  0]LogAssetRegistry: FAssetRegistry took 0.0214 seconds to start up
[2017.12.10-23.22.40:187][  0]LogPackageLocalizationCache: Processed 3 localized package path(s) for 2 prioritized culture(s) in 0.021013 seconds
[2017.12.10-23.22.40:192][  0]LogUObjectArray: 32493 objects as part of root set at end of initial load.
[2017.12.10-23.22.40:192][  0]LogUObjectAllocator: 7077032 out of 0 bytes used by permanent object pool.
[2017.12.10-23.22.40:192][  0]LogUObjectArray: CloseDisregardForGC: 0/0 objects in disregard for GC pool
[2017.12.10-23.22.40:277][  0]LogInit: WinSock: version 1.1 (2.2), MaxSocks=32767, MaxUdp=65467
[2017.12.10-23.22.42:220][  0]LogTcpMessaging: Initializing TcpMessaging bridge
[2017.12.10-23.22.42:267][  0]LogUdpMessaging: Initializing bridge on interface 0.0.0.0:0 to multicast group 230.0.0.1:6666.
[2017.12.10-23.22.42:921][  0]LogMaterial: Uniform references updated for custom material expression Custom.
[2017.12.10-23.22.43:392][  0]SourceControl: Info Source control is disabled
[2017.12.10-23.22.43:459][  0]SourceControl: Info Source control is disabled
[2017.12.10-23.22.43:522][  0]SourceControl: Info Source control is disabled
[2017.12.10-23.22.43:582][  0]SourceControl: Info Source control is disabled
[2017.12.10-23.22.45:203][  0]LogEngine: Initializing Engine...
[2017.12.10-23.22.45:203][  0]LogHMD: Failed to initialize OpenVR with code 110
[2017.12.10-23.22.45:299][  0]LogStats: UGameplayTagsManager::ConstructGameplayTagTree: Construct from data asset -  0.000 s
[2017.12.10-23.22.45:299][  0]LogStats: UGameplayTagsManager::ConstructGameplayTagTree: GameplayTagTreeChangedEvent.Broadcast -  0.000 s
[2017.12.10-23.22.45:467][  0]LogAIModule: Creating AISystem for world Untitled
[2017.12.10-23.22.45:514][  0]LogInit: XAudio2 using 'HP Spectre 32-8 (NVIDIA High Definition Audio)' : 2 channels at 48 kHz using 16 bits per sample (channel mask 0x3)
[2017.12.10-23.22.45:544][  0]LogInit: FAudioDevice initialized.
[2017.12.10-23.22.45:578][  0]LogDerivedDataCache: Saved boot cache 0.03s 50MB C:/Users/leech/AppData/Local/UnrealEngine/4.15/DerivedDataCache/Boot.ddc.
[2017.12.10-23.22.45:584][  0]LogInit: Texture streaming: Enabled
[2017.12.10-23.22.45:711][  0]LogEngineSessionManager: EngineSessionManager initialized
[2017.12.10-23.22.45:711][  0]LogEngineSessionManager: EngineSessionManager sent abnormal shutdown report. Type=Crashed, SessionId={EAE498A6-449D-0A38-1EB5-4FB1DF8A1D26}
[2017.12.10-23.22.45:825][  0]LogInit: Transaction tracking system initialized
[2017.12.10-23.22.46:271][  0]BlueprintLog: New page: Editor Load
[2017.12.10-23.22.47:426][  0]LocalizationService: Info Localization service is disabled
[2017.12.10-23.22.48:313][  0]LogConsoleResponse:Display: 
[2017.12.10-23.22.48:439][  0]LogCook:Display: Max memory allowance for cook 16384mb min free memory 0mb
[2017.12.10-23.22.48:439][  0]LogCook:Display: Mobile HDR setting 1
[2017.12.10-23.22.48:843][  0]LogFileCache: Scanning file cache for directory 'D:/School/C++2/UnrealHanoiSim/Content/' took 0.01s
[2017.12.10-23.22.49:798][  0]SourceControl: Info Source control is disabled
[2017.12.10-23.22.49:798][  0]Cmd: MAP LOAD FILE="D:/School/C++2/UnrealHanoiSim/Content/StarterContent/Maps/Minimal_Default.umap" TEMPLATE=0 SHOWPROGRESS=1 FEATURELEVEL=3
[2017.12.10-23.22.49:799][  0]LightingResults: New page: Lighting Build
[2017.12.10-23.22.49:853][  0]MapCheck: New page: Map Check
[2017.12.10-23.22.49:854][  0]LightingResults: New page: Lighting Build
[2017.12.10-23.22.50:131][  0]LogAIModule: Creating AISystem for world Minimal_Default
[2017.12.10-23.22.50:150][  0]LogEditorServer: Finished looking for orphan Actors (0.000 secs)
[2017.12.10-23.22.50:151][  0]Cmd: MAP CHECKDEP NOCLEARLOG
[2017.12.10-23.22.50:235][  0]MapCheck: Info Map check complete: 0 Error(s), 0 Warning(s), took 84.356ms to complete.
[2017.12.10-23.22.50:235][  0]LogFileHelpers: Loading map 'Minimal_Default' took 0.437
[2017.12.10-23.22.50:303][  0]LogWindowsTextInputMethodSystem:Display: IME system now deactivated.
[2017.12.10-23.22.50:418][  0]LogCollectionManager: Loaded 0 collections in 0.001525 seconds
[2017.12.10-23.22.50:511][  0]LogFileCache: Scanning file cache for directory 'D:/School/C++2/UnrealHanoiSim/Saved/Collections/' took 0.01s
[2017.12.10-23.22.50:511][  0]LogFileCache: Scanning file cache for directory 'D:/School/C++2/UnrealHanoiSim/Content/Developers/leech/Collections/' took 0.01s
[2017.12.10-23.22.50:511][  0]LogFileCache: Scanning file cache for directory 'D:/School/C++2/UnrealHanoiSim/Content/Collections/' took 0.01s
[2017.12.10-23.22.50:511][  0]LogCollectionManager: Rebuilt the GUID cache for 0 collections in 0.000001 seconds
[2017.12.10-23.22.50:520][  0]LogContentBrowser: Native class hierarchy populated in 0.0091 seconds. Added 2249 classes and 455 folders.
[2017.12.10-23.22.50:608][  0]LogContentBrowser: Native class hierarchy updated for 'WidgetCarousel' in 0.0020 seconds. Added 0 classes and 0 folders.
[2017.12.10-23.22.50:656][  0]LogContentBrowser: Native class hierarchy updated for 'AddContentDialog' in 0.0021 seconds. Added 0 classes and 0 folders.
[2017.12.10-23.22.50:713][  0]LogContentBrowser: Native class hierarchy updated for 'SceneOutliner' in 0.0021 seconds. Added 1 classes and 2 folders.
[2017.12.10-23.22.50:777][  0]LogContentBrowser: Native class hierarchy updated for 'WorldBrowser' in 0.0021 seconds. Added 1 classes and 3 folders.
[2017.12.10-23.22.50:871][  0]LogCrashTracker: Crashtracker disabled due to settings.
[2017.12.10-23.22.50:877][  0]LogUObjectGlobals:Warning: Failed to find object 'Class None.'
[2017.12.10-23.22.50:956][  0]LogContentBrowser: Native class hierarchy updated for 'HierarchicalLODOutliner' in 0.0021 seconds. Added 1 classes and 2 folders.
[2017.12.10-23.22.50:957][  0]LogLoad: (Engine Initialization) Total time: 19.71 seconds
[2017.12.10-23.22.50:957][  0]LogLoad: (Engine Initialization) Total Blueprint compile time: 0.09 seconds
[2017.12.10-23.22.50:957][  0]LogExternalProfiler: Found external profiler: VSPerf
[2017.12.10-23.22.50:957][  0]LogExternalProfiler: Using external profiler: VSPerf
[2017.12.10-23.22.50:966][  0]LogOcInput: OculusInput pre-init called
[2017.12.10-23.22.50:980][  0]LogAssetRegistry: Asset discovery search completed in 10.8711 seconds
[2017.12.10-23.22.50:980][  0]LogCollectionManager: Rebuilt the object cache for 0 collections in 0.000004 seconds (found 0 objects)
[2017.12.10-23.22.50:981][  0]LogCollectionManager: Fixed up redirectors for 0 collections in 0.000014 seconds (updated 0 objects)
[2017.12.10-23.22.50:982][  0]LogContentStreaming: Texture pool size now 1000 MB
[2017.12.10-23.22.50:990][  0]LogSlate: Took 0.000252 seconds to synchronously load lazily loaded font '../../../Engine/Content/Slate/Fonts/Roboto-Regular.ttf' (155K)
[2017.12.10-23.22.50:992][  0]LogSlate: Took 0.000238 seconds to synchronously load lazily loaded font '../../../Engine/Content/Slate/Fonts/Roboto-Bold.ttf' (160K)
[2017.12.10-23.22.50:997][  0]LogSlate: Took 0.000250 seconds to synchronously load lazily loaded font '../../../Engine/Content/Editor/Slate/Fonts/FontAwesome.ttf' (139K)
[2017.12.10-23.22.51:118][  0]LogRenderer: Reallocating scene render targets to support 1372x808 NumSamples 1 (Frame:2).
[2017.12.10-23.24.59:565][575]LogHotReload: New module detected: UE4Editor-UnrealHanoiSim-6742.dll
[2017.12.10-23.25.00:243][578]LogHotReload: Starting Hot-Reload from IDE
[2017.12.10-23.25.00:249][578]LogSlate: Took 0.000791 seconds to synchronously load lazily loaded font '../../../Engine/Content/Slate/Fonts/Roboto-Light.ttf' (159K)
[2017.12.10-23.25.00:366][578]LogContentBrowser: Native class hierarchy updated for 'UnrealHanoiSim' in 0.0023 seconds. Added 4 classes and 2 folders.
[2017.12.10-23.25.00:367][578]Display: HotReload successful (6 functions remapped  0 scriptstructs remapped)
[2017.12.10-23.25.00:480][578]LogContentBrowser: Native class hierarchy populated in 0.0254 seconds. Added 2252 classes and 462 folders.
[2017.12.10-23.25.00:491][578]Display: HotReload took  0.2s.
[2017.12.10-23.25.18:710][909]Recompiling UnrealHanoiSim...
[2017.12.10-23.25.18:710][909]Launching UnrealBuildTool... [C:/Program Files/Epic Games/UE_4.15/Engine/Binaries/DotNET/UnrealBuildTool.exe UnrealHanoiSim -ModuleWithSuffix UnrealHanoiSim 8083 Win64 Development -editorrecompile -canskiplink "D:/School/C++2/UnrealHanoiSim/UnrealHanoiSim.uproject" ]
[2017.12.10-23.25.18:714][909]Warning: Starting HotReload took  0.0s.
[2017.12.10-23.25.21:558][244]CompilerResultsLog: New page: Compilation - Dec 10, 2017, 11:25:21 AM
[2017.12.10-23.25.21:558][244]CompilerResultsLog: Info Compiling game modules for hot reload
[2017.12.10-23.25.21:558][244]CompilerResultsLog: Info Target is up to date
[2017.12.10-23.25.21:558][244]CompilerResultsLog: Info Total build time: 2.49 seconds (NoActionsToExecute executor: 0.00 seconds)
[2017.12.10-23.25.21:558][244]LogMainFrame: MainFrame: Module compiling took 2.853 seconds
[2017.12.10-23.25.21:579][244]LogContentBrowser: Native class hierarchy populated in 0.0117 seconds. Added 2252 classes and 462 folders.
[2017.12.10-23.25.21:579][244]Display: HotReload took  2.9s.
[2017.12.10-23.25.32:717][562]LogTemp: Repeting last play command: Selected Viewport
[2017.12.10-23.25.32:725][562]LogBlueprintUserMessages: Early PlayInEditor Detection: Level '/Game/StarterContent/Maps/Minimal_Default.Minimal_Default:PersistentLevel' has LevelScriptBlueprint '/Game/StarterContent/Maps/Minimal_Default.Minimal_Default:PersistentLevel.Minimal_Default' with GeneratedClass '/Game/StarterContent/Maps/Minimal_Default.Minimal_Default_C' with ClassGeneratedBy '/Game/StarterContent/Maps/Minimal_Default.Minimal_Default:PersistentLevel.Minimal_Default'
[2017.12.10-23.25.32:725][562]LogPlayLevel: PlayLevel: No blueprints needed recompiling
[2017.12.10-23.25.32:725][562]PIE: New page: PIE session: Minimal_Default (Dec 10, 2017, 11:25:32 AM)
[2017.12.10-23.25.32:726][562]LogPlayLevel: Creating play world package: /Game/StarterContent/Maps/UEDPIE_0_Minimal_Default
[2017.12.10-23.25.32:731][562]LogPlayLevel: PIE: StaticDuplicateObject took: (0.005633s)
[2017.12.10-23.25.32:732][562]LogAIModule: Creating AISystem for world Minimal_Default
[2017.12.10-23.25.32:732][562]LogPlayLevel: PIE: World Init took: (0.000676s)
[2017.12.10-23.25.32:732][562]LogPlayLevel: PIE: Created PIE world by copying editor world from /Game/StarterContent/Maps/Minimal_Default.Minimal_Default to /Game/StarterContent/Maps/UEDPIE_0_Minimal_Default.Minimal_Default (0.006493s)
[2017.12.10-23.25.32:785][562]LogInit: XAudio2 using 'HP Spectre 32-8 (NVIDIA High Definition Audio)' : 2 channels at 48 kHz using 16 bits per sample (channel mask 0x3)
[2017.12.10-23.25.32:800][562]LogInit: FAudioDevice initialized.
[2017.12.10-23.25.32:848][562]LogLoad: Game class is 'UnrealHanoiSimGameModeBase_BP_C'
[2017.12.10-23.25.32:851][562]LogWorld: Bringing World /Game/StarterContent/Maps/UEDPIE_0_Minimal_Default.Minimal_Default up for play (max tick rate 0) at 2017.12.10-17.25.32
[2017.12.10-23.25.32:851][562]LogWorld: Bringing up level for play took: 0.001490
[2017.12.10-23.25.32:924][562]LogContentBrowser: Native class hierarchy updated for 'MovieSceneCapture' in 0.0023 seconds. Added 11 classes and 0 folders.
[2017.12.10-23.25.32:935][562]LogWindows: Windows GetLastError: The operation completed successfully. (0)
[2017.12.10-23.25.33:635][562]LogCrashTracker: 


[2017.12.10-23.25.33:635][562]LogCrashTracker: 


[2017.12.10-23.25.33:636][562]LogWindows:Error: === Critical error: ===
[2017.12.10-23.25.33:636][562]LogWindows:Error: 
[2017.12.10-23.25.33:636][562]LogWindows:Error: Assertion failed: (Index >= 0) & (Index < ArrayNum) [File:c:\program files\epic games\ue_4.15\engine\source\runtime\core\public\Containers/Array.h] [Line: 633] 
[2017.12.10-23.25.33:636][562]LogWindows:Error: Array index out of bounds: 7 from an array of size 3
[2017.12.10-23.25.33:636][562]LogWindows:Error: 
[2017.12.10-23.25.33:636][562]LogWindows:Error: 
[2017.12.10-23.25.33:636][562]LogWindows:Error: KERNELBASE.dll!0x0000000070673FB8
[2017.12.10-23.25.33:636][562]LogWindows:Error: UE4Editor-Core.dll!0x000000001FD664EE
[2017.12.10-23.25.33:636][562]LogWindows:Error: UE4Editor-Core.dll!0x000000001FB8CEEE
[2017.12.10-23.25.33:636][562]LogWindows:Error: UE4Editor-Core.dll!0x000000001FB12729
[2017.12.10-23.25.33:636][562]LogWindows:Error: UE4Editor-UnrealHanoiSim-6742.dll!ATowerManager::ChangeTower() [d:\school\c++2\unrealhanoisim\source\unrealhanoisim\towermanager.cpp:67]
[2017.12.10-23.25.33:636][562]LogWindows:Error: UE4Editor-UnrealHanoiSim-6742.dll!AUnrealHanoiSimGameModeBase::DequeueMoveCall() [d:\school\c++2\unrealhanoisim\source\unrealhanoisim\unrealhanoisimgamemodebase.cpp:77]
[2017.12.10-23.25.33:636][562]LogWindows:Error: UE4Editor-UnrealHanoiSim-6742.dll!AUnrealHanoiSimGameModeBase::BeginPlay() [d:\school\c++2\unrealhanoisim\source\unrealhanoisim\unrealhanoisimgamemodebase.cpp:28]
[2017.12.10-23.25.33:636][562]LogWindows:Error: UE4Editor-Engine.dll!0x000000001C5BFE2B
[2017.12.10-23.25.33:636][562]LogWindows:Error: UE4Editor-Engine.dll!0x000000001D6F58A4
[2017.12.10-23.25.33:636][562]LogWindows:Error: UE4Editor-Engine.dll!0x000000001CCAD5F1
[2017.12.10-23.25.33:636][562]LogWindows:Error: UE4Editor-Engine.dll!0x000000001D6E314E
[2017.12.10-23.25.33:636][562]LogWindows:Error: UE4Editor-Engine.dll!0x000000001CCCC0E3
[2017.12.10-23.25.33:636][562]LogWindows:Error: UE4Editor-UnrealEd.dll!0x000000001AF38BE7
[2017.12.10-23.25.33:636][562]LogWindows:Error: UE4Editor-UnrealEd.dll!0x000000001AF653ED
[2017.12.10-23.25.33:636][562]LogWindows:Error: UE4Editor-UnrealEd.dll!0x000000001AF81874
[2017.12.10-23.25.33:636][562]LogWindows:Error: UE4Editor-UnrealEd.dll!0x000000001AA6626B
[2017.12.10-23.25.33:636][562]LogWindows:Error: UE4Editor-UnrealEd.dll!0x000000001B272196
[2017.12.10-23.25.33:636][562]LogWindows:Error: UE4Editor.exe!0x00000000298BDEE3
[2017.12.10-23.25.33:636][562]LogWindows:Error: UE4Editor.exe!0x00000000298AEB40
[2017.12.10-23.25.33:636][562]LogWindows:Error: UE4Editor.exe!0x00000000298AEBBA
[2017.12.10-23.25.33:636][562]LogWindows:Error: UE4Editor.exe!0x00000000298C0A29
[2017.12.10-23.25.33:636][562]LogWindows:Error: UE4Editor.exe!0x00000000298C22B6
[2017.12.10-23.25.33:636][562]LogWindows:Error: KERNEL32.DLL!0x00000000711E1FE4
[2017.12.10-23.25.33:636][562]LogWindows:Error: ntdll.dll!0x0000000073D3EF91
[2017.12.10-23.25.33:636][562]LogWindows:Error: ntdll.dll!0x0000000073D3EF91
[2017.12.10-23.25.33:636][562]LogWindows:Error: 
[2017.12.10-23.25.33:671][562]LogExit: Executing StaticShutdownAfterError
[2017.12.10-23.25.33:673][562]LogWindows: FPlatformMisc::RequestExit(1)
[2017.12.10-23.25.33:673][562]Log file closed, 12/10/17 17:25:33
