Log file open, 12/10/17 19:34:02
LogInit:Display: Running engine for game: UnrealHanoiSim
LogPlatformFile: Not using cached read wrapper
LogInit:Display: RandInit(737814996) SRandInit(737814996).
LogTaskGraph: Started task graph with 5 named threads and 10 total threads with 1 sets of task threads.
LogStats: Stats thread started at 0.337788
LogInit: Using libcurl 7.47.1
LogInit:  - built for x86_64-pc-win32
LogInit:  - supports SSL with OpenSSL/1.0.2g
LogInit:  - supports HTTP deflate (compression) using libz 1.2.8
LogInit:  - other features:
LogInit:      CURL_VERSION_SSL
LogInit:      CURL_VERSION_LIBZ
LogInit:      CURL_VERSION_IPV6
LogInit:      CURL_VERSION_ASYNCHDNS
LogInit:      CURL_VERSION_LARGEFILE
LogInit:      CURL_VERSION_IDN
LogInit:  CurlRequestOptions (configurable via config and command line):
LogInit:  - bVerifyPeer = false  - Libcurl will NOT verify peer certificate
LogInit:  - bUseHttpProxy = false  - Libcurl will NOT use HTTP proxy
LogInit:  - bDontReuseConnections = false  - Libcurl will reuse connections
LogInit:  - CertBundlePath = nullptr  - Libcurl will use whatever was configured at build time.
LogInit: Build: ++UE4+Release-4.15-CL-3450819
LogInit: Engine Version: 4.15.3-3450819+++UE4+Release-4.15
LogInit: Compatible Engine Version: 4.15.0-3299760+++UE4+Release-4.15
LogInit: Net CL: 3299760
LogDevObjectVersion: Number of dev versions registered: 14
LogDevObjectVersion:   Dev-Blueprints (B0D832E4-1F89-4F0D-ACCF-7EB736FD4AA2): 8
LogDevObjectVersion:   Dev-Build (E1C64328-A22C-4D53-A36C-8E866417BD8C): 0
LogDevObjectVersion:   Dev-Core (375EC13C-06E4-48FB-B500-84F0262A717E): 2
LogDevObjectVersion:   Dev-Editor (E4B068ED-F494-42E9-A231-DA0B2E46BB41): 14
LogDevObjectVersion:   Dev-Framework (CFFC743F-43B0-4480-9391-14DF171D2073): 22
LogDevObjectVersion:   Dev-Mobile (B02B49B5-BB20-44E9-A304-32B752E40360): 0
LogDevObjectVersion:   Dev-Networking (A4E4105C-59A1-49B5-A7C5-40C4547EDFEE): 0
LogDevObjectVersion:   Dev-Online (39C831C9-5AE6-47DC-9A44-9C173E1C8E7C): 0
LogDevObjectVersion:   Dev-Physics (78F01B33-EBEA-4F98-B9B4-84EACCB95AA2): 0
LogDevObjectVersion:   Dev-Platform (6631380F-2D4D-43E0-8009-CF276956A95A): 0
LogDevObjectVersion:   Dev-Rendering (12F88B9F-8875-4AFC-A67C-D90C383ABD29): 12
LogDevObjectVersion:   Dev-Sequencer (7B5AE74C-D270-4C10-A958-57980B212A5A): 3
LogDevObjectVersion:   Dev-VR (D7296918-1DD6-4BDD-9DE2-64A83CC13884): 0
LogDevObjectVersion:   Dev-LoadTimes (C2A15278-BFE7-4AFE-6C17-90FF531DF755): 1
LogInit: Compiled (64-bit): May 21 2017 11:02:34
LogInit: Compiled with Visual C++: 19.00.23026.00
LogInit: Build Configuration: Development
LogInit: Branch Name: ++UE4+Release-4.15
LogInit: Command line:  
LogInit: Base directory: C:/Program Files/Epic Games/UE_4.15/Engine/Binaries/Win64/
LogInit: Installed Engine Build: 1
LogInit: Presizing for max 8388607 objects, including 0 objects not considered by GC, pre-allocating 0 bytes for permanent pool.
LogInit: Object subsystem initialized
[2017.12.11-01.34.04:086][  0]LogInit: Selected Device Profile: [Windows]
[2017.12.11-01.34.04:086][  0]LogInit: Applying CVar settings loaded from the selected device profile: [Windows]
[2017.12.11-01.34.04:096][  0]LogInit: Computer: DESKTOP-B7QLANU
[2017.12.11-01.34.04:096][  0]LogInit: User: leech
[2017.12.11-01.34.04:096][  0]LogInit: CPU Page size=65536, Cores=6
[2017.12.11-01.34.04:096][  0]LogInit: High frequency timer resolution =3.318395 MHz
[2017.12.11-01.34.04:096][  0]LogMemory: Memory total: Physical=15.9GB (16GB approx)
[2017.12.11-01.34.04:096][  0]LogMemory: Platform Memory Stats for Windows
[2017.12.11-01.34.04:096][  0]LogMemory: Process Physical Memory: 265.34 MB used, 265.34 MB peak
[2017.12.11-01.34.04:096][  0]LogMemory: Process Virtual Memory: 267.16 MB used, 267.16 MB peak
[2017.12.11-01.34.04:096][  0]LogMemory: Physical Memory: 6937.38 MB used,  9357.50 MB free, 16294.88 MB total
[2017.12.11-01.34.04:096][  0]LogMemory: Virtual Memory: 675.98 MB used,  9357.50 MB free, 134217728.00 MB total
[2017.12.11-01.34.04:273][  0]LogTextLocalizationManager: No specific translations for ('en-US') exist, so ('en') translations will be used.
[2017.12.11-01.34.05:026][  0]LogD3D11RHI: D3D11 adapters:
[2017.12.11-01.34.05:110][  0]LogD3D11RHI:    0. 'NVIDIA GeForce GTX 1080' (Feature Level 11_0)
[2017.12.11-01.34.05:110][  0]LogD3D11RHI:       8086/0/8147 MB DedicatedVideo/DedicatedSystem/SharedSystem, Outputs:1, VendorId:0x10de
[2017.12.11-01.34.05:112][  0]LogD3D11RHI:    1. 'Microsoft Basic Render Driver' (Feature Level 11_0)
[2017.12.11-01.34.05:112][  0]LogD3D11RHI:       0/0/8147 MB DedicatedVideo/DedicatedSystem/SharedSystem, Outputs:0, VendorId:0x1414
[2017.12.11-01.34.05:112][  0]LogD3D11RHI: Chosen D3D11 Adapter: 0
[2017.12.11-01.34.05:122][  0]LogD3D11RHI: Creating new Direct3DDevice
[2017.12.11-01.34.05:122][  0]LogD3D11RHI:     GPU DeviceId: 0x1b80 (for the marketing name, search the web for "GPU Device Id")
[2017.12.11-01.34.05:122][  0]LogWindows: EnumDisplayDevices:
[2017.12.11-01.34.05:123][  0]LogWindows:    0. 'NVIDIA GeForce GTX 1080' (P:1 D:1)
[2017.12.11-01.34.05:123][  0]LogWindows:    1. 'NVIDIA GeForce GTX 1080' (P:0 D:0)
[2017.12.11-01.34.05:124][  0]LogWindows:    2. 'NVIDIA GeForce GTX 1080' (P:0 D:0)
[2017.12.11-01.34.05:124][  0]LogWindows:    3. 'NVIDIA GeForce GTX 1080' (P:0 D:0)
[2017.12.11-01.34.05:124][  0]LogWindows: DebugString: GetVideoDriverDetailsInvalid PrimaryIsNotTheChoosenAdapter GetVideoDriverDetailsInvalid PrimaryIsNotTheChoosenAdapter GetVideoDriverDetailsInvalid PrimaryIsNotTheChoosenAdapter GetVideoDriverDetailsInvalid PrimaryIsNotTheChoosenAdapter FoundDriverCount:0 
[2017.12.11-01.34.05:124][  0]LogD3D11RHI:     Adapter Name: NVIDIA GeForce GTX 1080
[2017.12.11-01.34.05:124][  0]LogD3D11RHI:   Driver Version: Unknown (internal:Unknown, unified:Unknown)
[2017.12.11-01.34.05:124][  0]LogD3D11RHI:      Driver Date: Unknown
[2017.12.11-01.34.05:124][  0]LogRHI: Texture pool is 1361 MB (70% of 1945 MB)
[2017.12.11-01.34.05:155][  0]LogD3D11RHI: Async texture creation enabled
[2017.12.11-01.34.05:310][  0]LogD3D11RHI: GPU Timing Frequency: 1000.000000 (Debug: 2 1)
[2017.12.11-01.34.05:358][  0]LogShaderCompilers: Guid format shader working directory is 26 characters bigger than the processId version (D:/Git/UE4/HanoiSim/Intermediate/Shaders/WorkingDirectory/13916/).
[2017.12.11-01.34.05:358][  0]LogShaderCompilers: Cleaned the shader compiler working directory 'C:/Users/leech/AppData/Local/Temp/UnrealShaderWorkingDir/45BDCE5D43392164342FB2A0768E4066/'.
[2017.12.11-01.34.05:359][  0]LogShaderCompilers:Display: Using Local Shader Compiler.
[2017.12.11-01.34.06:808][  0]LogTemp:Display: Loaded TP AllDesktopTargetPlatform
[2017.12.11-01.34.06:884][  0]LogTemp:Display: Loaded TP MacClientTargetPlatform
[2017.12.11-01.34.06:958][  0]LogTemp:Display: Loaded TP MacNoEditorTargetPlatform
[2017.12.11-01.34.07:042][  0]LogTemp:Display: Loaded TP MacServerTargetPlatform
[2017.12.11-01.34.07:120][  0]LogTemp:Display: Loaded TP MacTargetPlatform
[2017.12.11-01.34.07:191][  0]LogTemp:Display: Loaded TP WindowsClientTargetPlatform
[2017.12.11-01.34.07:262][  0]LogTemp:Display: Loaded TP WindowsNoEditorTargetPlatform
[2017.12.11-01.34.07:332][  0]LogTemp:Display: Loaded TP WindowsServerTargetPlatform
[2017.12.11-01.34.07:400][  0]LogTemp:Display: Loaded TP WindowsTargetPlatform
[2017.12.11-01.34.07:482][  0]LogTemp:Display: Loaded TP AndroidTargetPlatform
[2017.12.11-01.34.07:557][  0]LogTemp:Display: Loaded TP Android_ASTCTargetPlatform
[2017.12.11-01.34.07:629][  0]LogTemp:Display: Loaded TP Android_ATCTargetPlatform
[2017.12.11-01.34.07:709][  0]LogTemp:Display: Loaded TP Android_DXTTargetPlatform
[2017.12.11-01.34.07:781][  0]LogTemp:Display: Loaded TP Android_ETC1TargetPlatform
[2017.12.11-01.34.07:853][  0]LogTemp:Display: Loaded TP Android_ETC2TargetPlatform
[2017.12.11-01.34.08:003][  0]LogTemp:Display: Loaded TP Android_MultiTargetPlatform
[2017.12.11-01.34.08:003][  0]LogTemp:Display: Loaded TP Android_PVRTCTargetPlatform
[2017.12.11-01.34.08:070][  0]LogTemp:Display: Loaded TP HTML5TargetPlatform
[2017.12.11-01.34.08:203][  0]LogTemp:Display: Loaded TP IOSTargetPlatform
[2017.12.11-01.34.08:247][  0]LogTemp:Display: Loaded TP TVOSTargetPlatform
[2017.12.11-01.34.08:327][  0]LogTemp:Display: Loaded TP LinuxClientTargetPlatform
[2017.12.11-01.34.08:408][  0]LogTemp:Display: Loaded TP LinuxNoEditorTargetPlatform
[2017.12.11-01.34.08:492][  0]LogTemp:Display: Loaded TP LinuxServerTargetPlatform
[2017.12.11-01.34.08:571][  0]LogTemp:Display: Loaded TP LinuxTargetPlatform
[2017.12.11-01.34.08:571][  0]LogTargetPlatformManager:Display: Building Assets For Windows
[2017.12.11-01.34.09:336][  0]LogDerivedDataCache:Display: Max Cache Size: 512 MB
[2017.12.11-01.34.09:463][  0]LogDerivedDataCache: Loaded boot cache 0.13s 50MB C:/Users/leech/AppData/Local/UnrealEngine/4.15/DerivedDataCache/Boot.ddc.
[2017.12.11-01.34.09:463][  0]LogDerivedDataCache:Display: Loaded Boot cache: C:/Users/leech/AppData/Local/UnrealEngine/4.15/DerivedDataCache/Boot.ddc
[2017.12.11-01.34.09:463][  0]LogDerivedDataCache: FDerivedDataBackendGraph:  Pak pak cache file D:/Git/UE4/HanoiSim/DerivedDataCache/DDC.ddp not found, will not use a pak cache.
[2017.12.11-01.34.09:463][  0]LogDerivedDataCache: Unable to find inner node Pak for hierarchical cache Hierarchy.
[2017.12.11-01.34.09:463][  0]LogDerivedDataCache: FDerivedDataBackendGraph:  CompressedPak pak cache file D:/Git/UE4/HanoiSim/DerivedDataCache/Compressed.ddp not found, will not use a pak cache.
[2017.12.11-01.34.09:463][  0]LogDerivedDataCache: Unable to find inner node CompressedPak for hierarchical cache Hierarchy.
[2017.12.11-01.34.09:481][  0]LogDerivedDataCache:Display: Pak cache opened for reading ../../../Engine/DerivedDataCache/Compressed.ddp.
[2017.12.11-01.34.09:492][  0]LogDerivedDataCache: Using Local data cache path C:/Users/leech/AppData/Local/UnrealEngine/Common/DerivedDataCache: Writable
[2017.12.11-01.34.09:507][  0]LogSlate: Using Freetype 2.6.0
[2017.12.11-01.34.09:510][  0]LogSlate: SlateFontCache - WITH_FREETYPE: 1, WITH_HARFBUZZ: 1
[2017.12.11-01.34.09:510][  0]LogSlate: SlateFontCache - WITH_FREETYPE: 1, WITH_HARFBUZZ: 1
[2017.12.11-01.34.10:183][  0]LogInit: Selected Device Profile: [Windows]
[2017.12.11-01.34.10:190][  0]LogContentStreaming: Texture pool size is 0.00 MB
[2017.12.11-01.34.10:449][  0]LogMeshUtilities: Using QuadricMeshReduction for automatic static mesh reduction
[2017.12.11-01.34.10:512][  0]LogSimplygon: Simplygon DLL not present - disabling.
[2017.12.11-01.34.10:578][  0]LogMeshUtilities: Using SimplygonSwarm for distributed automatic mesh merging
[2017.12.11-01.34.10:578][  0]LogMeshUtilities: No automatic skeletal mesh reduction module available
[2017.12.11-01.34.10:578][  0]LogMeshUtilities: No automatic mesh merging module available
[2017.12.11-01.34.11:377][  0]LogNetVersion: GetLocalNetworkVersion: CL: 3299760, ProjectName: unrealhanoisim, ProjectVersion: , EngineNetworkVersion: 2, GameNetworkVersion: 0, NetworkChecksum: 2797521926
[2017.12.11-01.34.11:439][  0]LogAssetRegistry: FAssetRegistry took 0.0224 seconds to start up
[2017.12.11-01.34.11:499][  0]LogPackageLocalizationCache: Processed 3 localized package path(s) for 2 prioritized culture(s) in 0.026292 seconds
[2017.12.11-01.34.11:504][  0]LogUObjectArray: 32493 objects as part of root set at end of initial load.
[2017.12.11-01.34.11:504][  0]LogUObjectAllocator: 7077024 out of 0 bytes used by permanent object pool.
[2017.12.11-01.34.11:504][  0]LogUObjectArray: CloseDisregardForGC: 0/0 objects in disregard for GC pool
[2017.12.11-01.34.11:603][  0]LogInit: WinSock: version 1.1 (2.2), MaxSocks=32767, MaxUdp=65467
[2017.12.11-01.34.14:656][  0]LogTcpMessaging: Initializing TcpMessaging bridge
[2017.12.11-01.34.14:716][  0]LogUdpMessaging: Initializing bridge on interface 0.0.0.0:0 to multicast group 230.0.0.1:6666.
[2017.12.11-01.34.15:541][  0]LogMaterial: Uniform references updated for custom material expression Custom.
[2017.12.11-01.34.16:160][  0]SourceControl: Info Source control is disabled
[2017.12.11-01.34.16:220][  0]SourceControl: Info Source control is disabled
[2017.12.11-01.34.16:302][  0]SourceControl: Info Source control is disabled
[2017.12.11-01.34.16:375][  0]SourceControl: Info Source control is disabled
[2017.12.11-01.34.18:357][  0]LogEngine: Initializing Engine...
[2017.12.11-01.34.18:358][  0]LogHMD: Failed to initialize OpenVR with code 110
[2017.12.11-01.34.18:459][  0]LogStats: UGameplayTagsManager::ConstructGameplayTagTree: Construct from data asset -  0.000 s
[2017.12.11-01.34.18:460][  0]LogStats: UGameplayTagsManager::ConstructGameplayTagTree: GameplayTagTreeChangedEvent.Broadcast -  0.000 s
[2017.12.11-01.34.18:681][  0]LogAIModule: Creating AISystem for world Untitled
[2017.12.11-01.34.18:736][  0]LogInit: XAudio2 using 'HP Spectre 32-8 (NVIDIA High Definition Audio)' : 2 channels at 48 kHz using 16 bits per sample (channel mask 0x3)
[2017.12.11-01.34.18:773][  0]LogInit: FAudioDevice initialized.
[2017.12.11-01.34.18:804][  0]LogDerivedDataCache: Saved boot cache 0.03s 50MB C:/Users/leech/AppData/Local/UnrealEngine/4.15/DerivedDataCache/Boot.ddc.
[2017.12.11-01.34.18:812][  0]LogInit: Texture streaming: Enabled
[2017.12.11-01.34.18:975][  0]LogEngineSessionManager: EngineSessionManager initialized
[2017.12.11-01.34.19:117][  0]LogInit: Transaction tracking system initialized
[2017.12.11-01.34.19:671][  0]BlueprintLog: New page: Editor Load
[2017.12.11-01.34.21:188][  0]LocalizationService: Info Localization service is disabled
[2017.12.11-01.34.22:214][  0]LogConsoleResponse:Display: 
[2017.12.11-01.34.22:355][  0]LogCook:Display: Max memory allowance for cook 16384mb min free memory 0mb
[2017.12.11-01.34.22:355][  0]LogCook:Display: Mobile HDR setting 1
[2017.12.11-01.34.23:264][  0]LogFileCache: Scanning file cache for directory 'D:/Git/UE4/HanoiSim/Content/' took 0.01s
[2017.12.11-01.34.23:922][  0]SourceControl: Info Source control is disabled
[2017.12.11-01.34.23:923][  0]Cmd: MAP LOAD FILE="D:/Git/UE4/HanoiSim/Content/StarterContent/Maps/Minimal_Default.umap" TEMPLATE=0 SHOWPROGRESS=1 FEATURELEVEL=3
[2017.12.11-01.34.23:924][  0]LightingResults: New page: Lighting Build
[2017.12.11-01.34.23:988][  0]MapCheck: New page: Map Check
[2017.12.11-01.34.23:988][  0]LightingResults: New page: Lighting Build
[2017.12.11-01.34.24:367][  0]LogAIModule: Creating AISystem for world Minimal_Default
[2017.12.11-01.34.24:410][  0]LogEditorServer: Finished looking for orphan Actors (0.000 secs)
[2017.12.11-01.34.24:412][  0]Cmd: MAP CHECKDEP NOCLEARLOG
[2017.12.11-01.34.24:473][  0]MapCheck: Info Map check complete: 0 Error(s), 0 Warning(s), took 61.436ms to complete.
[2017.12.11-01.34.24:473][  0]LogFileHelpers: Loading map 'Minimal_Default' took 0.551
[2017.12.11-01.34.24:554][  0]LogWindowsTextInputMethodSystem:Display: IME system now deactivated.
[2017.12.11-01.34.24:705][  0]LogCollectionManager: Loaded 0 collections in 0.001646 seconds
[2017.12.11-01.34.24:815][  0]LogFileCache: Scanning file cache for directory 'D:/Git/UE4/HanoiSim/Saved/Collections/' took 0.01s
[2017.12.11-01.34.24:815][  0]LogFileCache: Scanning file cache for directory 'D:/Git/UE4/HanoiSim/Content/Developers/leech/Collections/' took 0.01s
[2017.12.11-01.34.24:815][  0]LogFileCache: Scanning file cache for directory 'D:/Git/UE4/HanoiSim/Content/Collections/' took 0.01s
[2017.12.11-01.34.24:815][  0]LogCollectionManager: Rebuilt the GUID cache for 0 collections in 0.000002 seconds
[2017.12.11-01.34.24:827][  0]LogContentBrowser: Native class hierarchy populated in 0.0104 seconds. Added 2249 classes and 455 folders.
[2017.12.11-01.34.24:925][  0]LogContentBrowser: Native class hierarchy updated for 'WidgetCarousel' in 0.0021 seconds. Added 0 classes and 0 folders.
[2017.12.11-01.34.25:017][  0]LogContentBrowser: Native class hierarchy updated for 'AddContentDialog' in 0.0022 seconds. Added 0 classes and 0 folders.
[2017.12.11-01.34.25:086][  0]LogContentBrowser: Native class hierarchy updated for 'SceneOutliner' in 0.0021 seconds. Added 1 classes and 2 folders.
[2017.12.11-01.34.25:162][  0]LogContentBrowser: Native class hierarchy updated for 'WorldBrowser' in 0.0021 seconds. Added 1 classes and 3 folders.
[2017.12.11-01.34.25:327][  0]LogCrashTracker: Crashtracker disabled due to settings.
[2017.12.11-01.34.25:342][  0]LogUObjectGlobals:Warning: Failed to find object 'Class None.'
[2017.12.11-01.34.25:439][  0]LogContentBrowser: Native class hierarchy updated for 'HierarchicalLODOutliner' in 0.0021 seconds. Added 1 classes and 2 folders.
[2017.12.11-01.34.25:439][  0]LogLoad: (Engine Initialization) Total time: 24.88 seconds
[2017.12.11-01.34.25:439][  0]LogLoad: (Engine Initialization) Total Blueprint compile time: 0.13 seconds
[2017.12.11-01.34.25:439][  0]LogExternalProfiler: Found external profiler: VSPerf
[2017.12.11-01.34.25:439][  0]LogExternalProfiler: Using external profiler: VSPerf
[2017.12.11-01.34.25:449][  0]LogOcInput: OculusInput pre-init called
[2017.12.11-01.34.25:476][  0]LogContentStreaming: Texture pool size now 1000 MB
[2017.12.11-01.34.25:491][  0]LogSlate: Took 0.000793 seconds to synchronously load lazily loaded font '../../../Engine/Content/Slate/Fonts/Roboto-Regular.ttf' (155K)
[2017.12.11-01.34.25:494][  0]LogSlate: Took 0.000801 seconds to synchronously load lazily loaded font '../../../Engine/Content/Slate/Fonts/Roboto-Bold.ttf' (160K)
[2017.12.11-01.34.25:501][  0]LogSlate: Took 0.001343 seconds to synchronously load lazily loaded font '../../../Engine/Content/Editor/Slate/Fonts/FontAwesome.ttf' (139K)
[2017.12.11-01.34.25:614][  0]LogRenderer: Reallocating scene render targets to support 1372x808 NumSamples 1 (Frame:2).
[2017.12.11-01.34.25:799][  1]LogAssetRegistry: Asset discovery search completed in 14.3816 seconds
[2017.12.11-01.34.25:799][  1]LogCollectionManager: Rebuilt the object cache for 0 collections in 0.000012 seconds (found 0 objects)
[2017.12.11-01.34.25:799][  1]LogCollectionManager: Fixed up redirectors for 0 collections in 0.000033 seconds (updated 0 objects)
[2017.12.11-01.36.12:492][206]LogEditor: Attempting to add actor of class 'TowerManager' to level at -40.00,340.00,-160.00
[2017.12.11-01.36.37:855][539]LogSlate: Took 0.000695 seconds to synchronously load lazily loaded font '../../../Engine/Content/Editor/Slate/Fonts/Roboto-Italic.ttf' (157K)
[2017.12.11-01.36.49:719][954]LogSlate: Took 0.000809 seconds to synchronously load lazily loaded font '../../../Engine/Content/Slate/Fonts/Roboto-Light.ttf' (159K)
[2017.12.11-01.41.50:129][635]LogWindows: LaunchFileInExternalEditor D:/Git/UE4/HanoiSim/Source/UnrealHanoiSim/Tower.h 
[2017.12.11-01.41.50:714][635]LogWindows: Launch application code for D:/Git/UE4/HanoiSim/Source/UnrealHanoiSim/Tower.h : 42
[2017.12.11-01.41.50:714][635]LogWindows: LaunchFileInExternalEditor D:/Git/UE4/HanoiSim/Source/UnrealHanoiSim/Tower.cpp 
[2017.12.11-01.41.51:095][635]LogWindows: Launch application code for D:/Git/UE4/HanoiSim/Source/UnrealHanoiSim/Tower.cpp : 42
[2017.12.11-01.41.51:096][635]LogVSAccessor:Warning: Couldn't access Visual Studio
[2017.12.11-01.41.51:101][635]LogVSAccessor:Warning: Couldn't access module table
[2017.12.11-01.41.51:102][635]LogVSAccessor:Warning: Couldn't access module table
[2017.12.11-01.41.51:102][635]LogVSAccessor:Warning: Couldn't access module table
[2017.12.11-01.41.51:102][635]LogVSAccessor:Warning: Couldn't access module table
[2017.12.11-01.41.51:102][635]LogVSAccessor:Warning: Couldn't access module table
[2017.12.11-01.41.51:102][635]LogVSAccessor:Warning: Couldn't access module table
[2017.12.11-01.41.51:103][635]LogVSAccessor:Warning: Couldn't access module table
[2017.12.11-01.41.51:103][635]LogVSAccessor:Warning: Couldn't access module table
[2017.12.11-01.41.51:103][635]LogVSAccessor:Warning: Couldn't access module table
[2017.12.11-01.41.51:103][635]LogVSAccessor:Warning: Couldn't access module table
[2017.12.11-01.41.51:104][635]LogVSAccessor:Warning: Couldn't access module table
[2017.12.11-01.41.51:104][635]LogVSAccessor:Warning: Couldn't access module table
[2017.12.11-01.41.51:104][635]LogVSAccessor:Warning: Couldn't access module table
[2017.12.11-01.41.51:105][635]LogVSAccessor:Warning: Couldn't access module table
[2017.12.11-01.41.51:105][635]LogVSAccessor:Warning: Couldn't access module table
[2017.12.11-01.41.51:106][635]LogVSAccessor:Warning: Couldn't access module table
[2017.12.11-01.41.51:106][635]LogVSAccessor:Warning: Couldn't access module table
[2017.12.11-01.41.51:106][635]LogVSAccessor:Warning: Couldn't access module table
[2017.12.11-01.41.51:107][635]LogVSAccessor:Warning: Couldn't access module table
[2017.12.11-01.41.51:107][635]LogVSAccessor:Warning: Couldn't access module table
[2017.12.11-01.41.51:107][635]LogVSAccessor:Warning: Couldn't access module table
[2017.12.11-01.41.51:107][635]LogVSAccessor:Warning: Couldn't access module table
[2017.12.11-01.41.51:107][635]LogVSAccessor:Warning: Couldn't access module table
[2017.12.11-01.41.51:108][635]LogVSAccessor:Warning: Couldn't access module table
[2017.12.11-01.41.51:108][635]LogVSAccessor:Warning: Couldn't access module table
[2017.12.11-01.41.51:108][635]LogVSAccessor:Warning: Couldn't access module table
[2017.12.11-01.41.51:108][635]LogVSAccessor:Warning: Couldn't access module table
[2017.12.11-01.41.51:108][635]LogVSAccessor:Warning: Couldn't access module table
[2017.12.11-01.41.51:109][635]LogVSAccessor:Warning: Couldn't access module table
[2017.12.11-01.41.51:109][635]LogVSAccessor:Warning: Couldn't access module table
[2017.12.11-01.41.51:109][635]LogVSAccessor:Warning: Couldn't access module table
[2017.12.11-01.41.51:109][635]LogVSAccessor:Warning: Couldn't access module table
[2017.12.11-01.41.51:110][635]LogVSAccessor:Warning: Couldn't access module table
[2017.12.11-01.41.51:110][635]LogVSAccessor:Warning: Couldn't access module table
[2017.12.11-01.41.51:110][635]LogVSAccessor:Warning: Couldn't access module table
[2017.12.11-01.41.51:110][635]LogVSAccessor:Warning: Couldn't access module table
[2017.12.11-01.41.51:110][635]LogVSAccessor:Warning: Couldn't access module table
[2017.12.11-01.41.51:111][635]LogVSAccessor:Warning: Couldn't access module table
[2017.12.11-01.41.51:111][635]LogVSAccessor:Warning: Couldn't access module table
[2017.12.11-01.41.51:111][635]LogVSAccessor:Warning: Couldn't access module table
[2017.12.11-01.41.51:111][635]LogVSAccessor:Warning: Couldn't access module table
[2017.12.11-01.41.51:111][635]LogVSAccessor:Warning: Couldn't access module table
[2017.12.11-01.41.51:112][635]LogVSAccessor:Warning: Couldn't access module table
[2017.12.11-01.41.51:112][635]LogVSAccessor:Warning: Couldn't access module table
[2017.12.11-01.41.51:112][635]LogVSAccessor:Warning: Couldn't access module table
[2017.12.11-01.41.51:112][635]LogVSAccessor:Warning: Couldn't access module table
[2017.12.11-01.41.51:113][635]LogVSAccessor:Warning: Couldn't access module table
[2017.12.11-01.41.51:113][635]LogVSAccessor:Warning: Couldn't access module table
[2017.12.11-01.41.51:113][635]LogVSAccessor:Warning: Couldn't access module table
[2017.12.11-01.41.51:114][635]LogVSAccessor:Warning: Couldn't access module table
[2017.12.11-01.41.51:114][635]LogVSAccessor:Warning: Couldn't access module table
[2017.12.11-01.41.51:114][635]LogVSAccessor:Warning: Couldn't access module table
[2017.12.11-01.41.51:114][635]LogVSAccessor:Warning: Couldn't access module table
[2017.12.11-01.41.51:115][635]LogVSAccessor:Warning: Couldn't access module table
[2017.12.11-01.41.51:115][635]LogVSAccessor:Warning: Couldn't access module table
[2017.12.11-01.41.51:115][635]LogVSAccessor:Warning: Couldn't access module table
[2017.12.11-01.41.51:115][635]LogVSAccessor:Warning: Couldn't access module table
[2017.12.11-01.41.51:115][635]LogVSAccessor:Warning: Couldn't access module table
[2017.12.11-01.41.51:116][635]LogVSAccessor:Warning: Couldn't access module table
[2017.12.11-01.41.51:116][635]LogVSAccessor:Warning: Couldn't access module table
[2017.12.11-01.41.51:116][635]LogVSAccessor:Warning: Couldn't access module table
[2017.12.11-01.41.51:116][635]LogVSAccessor:Warning: Couldn't access module table
[2017.12.11-01.41.51:117][635]LogVSAccessor:Warning: Couldn't access module table
[2017.12.11-01.41.51:117][635]LogVSAccessor:Warning: Couldn't access module table
[2017.12.11-01.41.51:117][635]LogVSAccessor:Warning: Couldn't access module table
[2017.12.11-01.41.51:117][635]LogVSAccessor:Warning: Couldn't access module table
[2017.12.11-01.41.51:117][635]LogVSAccessor:Warning: Couldn't access module table
[2017.12.11-01.41.51:118][635]LogVSAccessor:Warning: Couldn't access module table
[2017.12.11-01.41.51:118][635]LogVSAccessor:Warning: Couldn't access module table
[2017.12.11-01.41.51:118][635]LogVSAccessor:Warning: Couldn't access module table
[2017.12.11-01.41.51:118][635]LogVSAccessor:Warning: Couldn't access module table
[2017.12.11-01.41.51:119][635]LogVSAccessor:Warning: Couldn't access module table
[2017.12.11-01.41.51:119][635]LogVSAccessor:Warning: Couldn't access module table
[2017.12.11-01.41.51:119][635]LogVSAccessor:Warning: Couldn't access module table
[2017.12.11-01.41.51:119][635]LogVSAccessor:Warning: Couldn't access module table
[2017.12.11-01.41.51:119][635]LogVSAccessor:Warning: Couldn't access module table
[2017.12.11-01.41.51:120][635]LogVSAccessor:Warning: Couldn't access module table
[2017.12.11-01.41.51:120][635]LogVSAccessor:Warning: Couldn't access module table
[2017.12.11-01.41.51:120][635]LogVSAccessor:Warning: Couldn't access module table
[2017.12.11-01.41.51:120][635]LogVSAccessor:Warning: Couldn't access module table
[2017.12.11-01.41.51:121][635]LogVSAccessor:Warning: Couldn't access module table
[2017.12.11-01.41.51:121][635]LogVSAccessor:Warning: Couldn't access module table
[2017.12.11-01.41.51:121][635]LogVSAccessor:Warning: Couldn't access module table
[2017.12.11-01.41.51:121][635]LogVSAccessor:Warning: Couldn't access module table
[2017.12.11-01.41.51:121][635]LogVSAccessor:Warning: Couldn't access module table
[2017.12.11-01.41.51:122][635]LogVSAccessor:Warning: Couldn't access module table
[2017.12.11-01.41.51:122][635]LogVSAccessor:Warning: Couldn't access module table
[2017.12.11-01.41.51:122][635]LogVSAccessor:Warning: Couldn't access module table
[2017.12.11-01.41.51:122][635]LogVSAccessor:Warning: Couldn't access module table
[2017.12.11-01.41.51:122][635]LogVSAccessor:Warning: Couldn't access module table
[2017.12.11-01.41.51:123][635]LogVSAccessor:Warning: Couldn't access module table
[2017.12.11-01.41.51:123][635]LogVSAccessor:Warning: Couldn't access module table
[2017.12.11-01.41.51:123][635]LogVSAccessor:Warning: Couldn't access module table
[2017.12.11-01.41.51:123][635]LogVSAccessor:Warning: Couldn't access module table
[2017.12.11-01.41.51:124][635]LogVSAccessor:Warning: Couldn't access module table
[2017.12.11-01.41.51:124][635]LogVSAccessor:Warning: Couldn't access module table
[2017.12.11-01.41.51:124][635]LogVSAccessor:Warning: Couldn't access module table
[2017.12.11-01.41.51:124][635]LogVSAccessor:Warning: Couldn't access module table
[2017.12.11-01.41.51:124][635]LogVSAccessor:Warning: Couldn't access module table
[2017.12.11-01.41.51:125][635]LogVSAccessor:Warning: Couldn't access module table
[2017.12.11-01.41.51:125][635]LogVSAccessor:Warning: Couldn't access module table
[2017.12.11-01.41.51:125][635]LogVSAccessor:Warning: Couldn't access module table
[2017.12.11-01.41.51:125][635]LogVSAccessor:Warning: Couldn't access module table
[2017.12.11-01.41.51:125][635]LogVSAccessor:Warning: Couldn't access module table
[2017.12.11-01.41.51:126][635]LogVSAccessor:Warning: Couldn't access module table
[2017.12.11-01.41.51:126][635]LogVSAccessor:Warning: Couldn't access module table
[2017.12.11-01.41.51:126][635]LogVSAccessor:Warning: Couldn't access module table
[2017.12.11-01.41.51:126][635]LogVSAccessor:Warning: Couldn't access module table
[2017.12.11-01.41.51:126][635]LogVSAccessor:Warning: Couldn't access module table
[2017.12.11-01.41.51:127][635]LogVSAccessor:Warning: Couldn't access module table
[2017.12.11-01.41.51:127][635]LogVSAccessor:Warning: Couldn't access module table
[2017.12.11-01.41.51:127][635]LogVSAccessor:Warning: Couldn't access module table
[2017.12.11-01.41.51:127][635]LogVSAccessor:Warning: Couldn't access module table
[2017.12.11-01.41.51:128][635]LogVSAccessor:Warning: Couldn't access module table
[2017.12.11-01.41.51:128][635]LogVSAccessor:Warning: Couldn't access module table
[2017.12.11-01.41.51:128][635]LogVSAccessor:Warning: Couldn't access module table
[2017.12.11-01.41.51:128][635]LogVSAccessor:Warning: Couldn't access module table
[2017.12.11-01.41.51:135][635]LogVSAccessor:Warning: Couldn't access module table
[2017.12.11-01.41.51:135][635]LogVSAccessor:Warning: Couldn't access module table
[2017.12.11-01.41.51:135][635]LogVSAccessor:Warning: Couldn't access module table
[2017.12.11-01.41.51:156][635]LogVSAccessor:Warning: Couldn't access module table
[2017.12.11-01.41.51:160][635]LogVSAccessor:Warning: Couldn't access module table
[2017.12.11-01.41.51:163][635]LogVSAccessor:Warning: Couldn't access module table
[2017.12.11-01.41.51:166][635]LogVSAccessor:Warning: Couldn't access module table
[2017.12.11-01.41.51:166][635]LogVSAccessor:Warning: Couldn't access module table
[2017.12.11-01.41.51:167][635]LogVSAccessor:Warning: Couldn't access module table
[2017.12.11-01.41.51:167][635]LogVSAccessor:Warning: Couldn't access module table
[2017.12.11-01.41.51:167][635]LogVSAccessor:Warning: Couldn't access module table
[2017.12.11-01.41.51:174][635]LogVSAccessor:Warning: Couldn't access module table
[2017.12.11-01.41.51:175][635]LogVSAccessor:Warning: Couldn't access module table
[2017.12.11-01.41.51:175][635]LogVSAccessor:Warning: Couldn't access module table
[2017.12.11-01.41.51:175][635]LogVSAccessor:Warning: Couldn't access module table
[2017.12.11-01.41.51:176][635]LogVSAccessor:Warning: Couldn't access module table
[2017.12.11-01.41.51:176][635]LogVSAccessor:Warning: Couldn't access module table
[2017.12.11-01.41.51:176][635]LogVSAccessor:Warning: Couldn't access module table
[2017.12.11-01.41.51:176][635]LogVSAccessor:Warning: Couldn't access module table
[2017.12.11-01.41.51:199][635]LogVSAccessor:Warning: Couldn't access module table
[2017.12.11-01.41.51:205][635]LogVSAccessor:Warning: Couldn't access module table
[2017.12.11-01.41.51:207][635]LogVSAccessor:Warning: Couldn't access module table
[2017.12.11-01.41.51:214][635]LogVSAccessor:Warning: Couldn't access module table
[2017.12.11-01.41.51:214][635]LogVSAccessor:Warning: Couldn't access module table
[2017.12.11-01.41.51:217][635]LogVSAccessor:Warning: Couldn't access module table
[2017.12.11-01.41.51:221][635]LogVSAccessor:Warning: Couldn't access module table
[2017.12.11-01.41.51:221][635]LogVSAccessor:Warning: Couldn't access module table
[2017.12.11-01.41.51:222][635]LogVSAccessor:Warning: Couldn't access module table
[2017.12.11-01.41.51:222][635]LogVSAccessor:Warning: Couldn't access module table
[2017.12.11-01.41.51:222][635]LogVSAccessor:Warning: Couldn't access module table
[2017.12.11-01.41.51:222][635]LogVSAccessor:Warning: Couldn't access module table
[2017.12.11-01.41.51:222][635]LogVSAccessor:Warning: Couldn't access module table
[2017.12.11-01.41.51:223][635]LogVSAccessor:Warning: Couldn't access module table
[2017.12.11-01.41.51:223][635]LogVSAccessor:Warning: Couldn't access module table
[2017.12.11-01.41.51:223][635]LogVSAccessor:Warning: Couldn't access module table
[2017.12.11-01.41.51:223][635]LogVSAccessor:Warning: Couldn't access module table
[2017.12.11-01.41.51:223][635]LogVSAccessor:Warning: Couldn't access module table
[2017.12.11-01.41.51:224][635]LogVSAccessor:Warning: Couldn't access module table
[2017.12.11-01.41.51:225][635]LogVSAccessor:Warning: Couldn't access module table
[2017.12.11-01.41.51:226][635]LogVSAccessor:Warning: Couldn't access module table
[2017.12.11-01.41.51:228][635]LogVSAccessor:Warning: Couldn't access module table
[2017.12.11-01.41.51:228][635]LogVSAccessor:Warning: Couldn't access module table
[2017.12.11-01.41.51:228][635]LogVSAccessor:Warning: Couldn't access module table
[2017.12.11-01.41.51:228][635]LogVSAccessor:Warning: Couldn't access module table
[2017.12.11-01.41.51:229][635]LogVSAccessor:Warning: Couldn't access module table
[2017.12.11-01.41.51:229][635]LogVSAccessor:Warning: Couldn't access module table
[2017.12.11-01.41.51:229][635]LogVSAccessor:Warning: Couldn't access module table
[2017.12.11-01.41.51:229][635]LogVSAccessor:Warning: Couldn't access module table
[2017.12.11-01.41.51:229][635]LogVSAccessor:Warning: Couldn't access module table
[2017.12.11-01.41.51:230][635]LogVSAccessor:Warning: Couldn't access module table
[2017.12.11-01.41.51:230][635]LogVSAccessor:Warning: Couldn't access module table
[2017.12.11-01.41.51:230][635]LogVSAccessor:Warning: Couldn't access module table
[2017.12.11-01.41.51:230][635]LogVSAccessor:Warning: Couldn't access module table
[2017.12.11-01.41.51:230][635]LogVSAccessor:Warning: Couldn't access module table
[2017.12.11-01.41.51:231][635]LogVSAccessor:Warning: Couldn't access module table
[2017.12.11-01.41.51:231][635]LogVSAccessor:Warning: Couldn't access module table
[2017.12.11-01.41.51:231][635]LogVSAccessor:Warning: Couldn't access module table
[2017.12.11-01.41.51:231][635]LogVSAccessor:Warning: Couldn't access module table
[2017.12.11-01.41.51:231][635]LogVSAccessor:Warning: Couldn't access module table
[2017.12.11-01.41.51:232][635]LogVSAccessor:Warning: Couldn't access module table
[2017.12.11-01.41.51:232][635]LogVSAccessor:Warning: Couldn't access module table
[2017.12.11-01.41.51:232][635]LogVSAccessor:Warning: Couldn't access module table
[2017.12.11-01.41.51:232][635]LogVSAccessor:Warning: Couldn't access module table
[2017.12.11-01.41.51:232][635]LogVSAccessor:Warning: Couldn't access module table
[2017.12.11-01.41.51:233][635]LogVSAccessor:Warning: Couldn't access module table
[2017.12.11-01.41.51:233][635]LogVSAccessor:Warning: Couldn't access module table
[2017.12.11-01.41.51:233][635]LogVSAccessor:Warning: Couldn't access module table
[2017.12.11-01.41.51:233][635]LogVSAccessor:Warning: Couldn't access module table
[2017.12.11-01.41.51:233][635]LogVSAccessor:Warning: Couldn't access module table
[2017.12.11-01.41.51:234][635]LogVSAccessor:Warning: Couldn't access module table
[2017.12.11-01.41.51:234][635]LogVSAccessor:Warning: Couldn't access module table
[2017.12.11-01.41.51:234][635]LogVSAccessor:Warning: Couldn't access module table
[2017.12.11-01.41.51:234][635]LogVSAccessor:Warning: Couldn't access module table
[2017.12.11-01.41.51:235][635]LogVSAccessor:Warning: Couldn't access module table
[2017.12.11-01.41.51:235][635]LogVSAccessor:Warning: Couldn't access module table
[2017.12.11-01.41.51:235][635]LogVSAccessor:Warning: Couldn't access module table
[2017.12.11-01.41.51:235][635]LogVSAccessor:Warning: Couldn't access module table
[2017.12.11-01.41.51:235][635]LogVSAccessor:Warning: Couldn't access module table
[2017.12.11-01.41.51:236][635]LogVSAccessor:Warning: Couldn't access module table
[2017.12.11-01.41.51:236][635]LogVSAccessor:Warning: Couldn't access module table
[2017.12.11-01.41.51:236][635]LogVSAccessor:Warning: Couldn't access module table
[2017.12.11-01.41.51:236][635]LogVSAccessor:Warning: Couldn't access module table
[2017.12.11-01.41.51:236][635]LogVSAccessor:Warning: Couldn't access module table
[2017.12.11-01.41.51:237][635]LogVSAccessor:Warning: Couldn't access module table
[2017.12.11-01.41.51:237][635]LogVSAccessor:Warning: Couldn't access module table
[2017.12.11-01.41.51:237][635]LogVSAccessor:Warning: Couldn't access module table
[2017.12.11-01.41.51:238][635]LogVSAccessor:Warning: Couldn't access module table
[2017.12.11-01.41.51:238][635]LogVSAccessor:Warning: Couldn't access module table
[2017.12.11-01.41.51:238][635]LogVSAccessor:Warning: Couldn't access module table
[2017.12.11-01.41.51:238][635]LogVSAccessor:Warning: Couldn't access module table
[2017.12.11-01.41.51:239][635]LogVSAccessor:Warning: Couldn't access module table
[2017.12.11-01.41.51:239][635]LogVSAccessor:Warning: Couldn't access module table
[2017.12.11-01.41.51:239][635]LogVSAccessor:Warning: Couldn't access module table
[2017.12.11-01.41.51:239][635]LogVSAccessor:Warning: Couldn't access module table
[2017.12.11-01.41.51:239][635]LogVSAccessor:Warning: Couldn't access module table
[2017.12.11-01.41.51:240][635]LogVSAccessor:Warning: Couldn't access module table
[2017.12.11-01.41.51:240][635]LogVSAccessor:Warning: Couldn't access module table
[2017.12.11-01.41.51:240][635]LogVSAccessor:Warning: Couldn't access module table
[2017.12.11-01.41.51:240][635]LogVSAccessor:Warning: Couldn't access module table
[2017.12.11-01.41.51:241][635]LogVSAccessor:Warning: Couldn't access module table
[2017.12.11-01.41.51:241][635]LogVSAccessor:Warning: Couldn't access module table
[2017.12.11-01.41.51:241][635]LogVSAccessor:Warning: Couldn't access module table
[2017.12.11-01.41.51:241][635]LogVSAccessor:Warning: Couldn't access module table
[2017.12.11-01.41.51:241][635]LogVSAccessor:Warning: Couldn't access module table
[2017.12.11-01.41.51:242][635]LogVSAccessor:Warning: Couldn't access module table
[2017.12.11-01.41.51:242][635]LogVSAccessor:Warning: Couldn't access module table
[2017.12.11-01.41.51:242][635]LogVSAccessor:Warning: Couldn't access module table
[2017.12.11-01.41.51:242][635]LogVSAccessor:Warning: Couldn't access module table
[2017.12.11-01.41.51:243][635]LogVSAccessor:Warning: Couldn't access module table
[2017.12.11-01.41.51:243][635]LogVSAccessor:Warning: Couldn't access module table
[2017.12.11-01.41.51:243][635]LogVSAccessor:Warning: Couldn't access module table
[2017.12.11-01.41.51:243][635]LogVSAccessor:Warning: Couldn't access module table
[2017.12.11-01.41.51:244][635]LogVSAccessor:Warning: Couldn't access module table
[2017.12.11-01.41.51:244][635]LogVSAccessor:Warning: Couldn't access module table
[2017.12.11-01.41.51:244][635]LogVSAccessor:Warning: Couldn't access module table
[2017.12.11-01.41.51:244][635]LogVSAccessor:Warning: Couldn't access module table
[2017.12.11-01.41.51:245][635]LogVSAccessor:Warning: Couldn't access module table
[2017.12.11-01.41.51:245][635]LogVSAccessor:Warning: Couldn't access module table
[2017.12.11-01.41.51:245][635]LogVSAccessor:Warning: Couldn't access module table
[2017.12.11-01.41.51:245][635]LogVSAccessor:Warning: Couldn't access module table
[2017.12.11-01.41.51:245][635]LogVSAccessor:Warning: Couldn't access module table
[2017.12.11-01.41.51:246][635]LogVSAccessor:Warning: Couldn't access module table
[2017.12.11-01.41.51:246][635]LogVSAccessor:Warning: Couldn't access module table
[2017.12.11-01.41.51:246][635]LogVSAccessor:Warning: Couldn't access module table
[2017.12.11-01.41.51:246][635]LogVSAccessor:Warning: Couldn't access module table
[2017.12.11-01.41.51:246][635]LogVSAccessor:Warning: Couldn't access module table
[2017.12.11-01.41.51:247][635]LogVSAccessor:Warning: Couldn't access module table
[2017.12.11-01.41.51:247][635]LogVSAccessor:Warning: Couldn't access module table
[2017.12.11-01.41.51:247][635]LogVSAccessor:Warning: Couldn't access module table
[2017.12.11-01.41.51:247][635]LogVSAccessor:Warning: Couldn't access module table
[2017.12.11-01.41.51:247][635]LogVSAccessor:Warning: Couldn't access module table
[2017.12.11-01.41.51:248][635]LogVSAccessor:Warning: Couldn't access module table
[2017.12.11-01.41.51:248][635]LogVSAccessor:Warning: Couldn't access module table
[2017.12.11-01.41.51:248][635]LogVSAccessor:Warning: Couldn't access module table
[2017.12.11-01.41.51:248][635]LogVSAccessor:Warning: Couldn't access module table
[2017.12.11-01.41.51:248][635]LogVSAccessor:Warning: Couldn't access module table
[2017.12.11-01.41.51:249][635]LogVSAccessor:Warning: Couldn't access module table
[2017.12.11-01.41.51:249][635]LogVSAccessor:Warning: Couldn't access module table
[2017.12.11-01.41.51:249][635]LogVSAccessor:Warning: Couldn't access module table
[2017.12.11-01.41.51:249][635]LogVSAccessor:Warning: Couldn't access module table
[2017.12.11-01.41.51:249][635]LogVSAccessor:Warning: Couldn't access module table
[2017.12.11-01.41.51:250][635]LogVSAccessor:Warning: Couldn't access module table
[2017.12.11-01.41.51:250][635]LogVSAccessor:Warning: Couldn't access module table
[2017.12.11-01.41.51:250][635]LogVSAccessor:Warning: Couldn't access module table
[2017.12.11-01.41.51:250][635]LogVSAccessor:Warning: Couldn't access module table
[2017.12.11-01.41.51:251][635]LogVSAccessor:Warning: Couldn't access module table
[2017.12.11-01.41.51:251][635]LogVSAccessor:Warning: Couldn't access module table
[2017.12.11-01.41.51:251][635]LogVSAccessor:Warning: Couldn't access module table
[2017.12.11-01.41.51:251][635]LogVSAccessor:Warning: Couldn't access module table
[2017.12.11-01.41.51:252][635]LogVSAccessor:Warning: Couldn't access module table
[2017.12.11-01.41.51:252][635]LogVSAccessor:Warning: Couldn't access module table
[2017.12.11-01.41.51:252][635]LogVSAccessor:Warning: Couldn't access module table
[2017.12.11-01.41.51:252][635]LogVSAccessor:Warning: Couldn't access module table
[2017.12.11-01.41.51:252][635]LogVSAccessor:Warning: Couldn't access module table
[2017.12.11-01.41.51:253][635]LogVSAccessor:Warning: Couldn't access module table
[2017.12.11-01.41.51:253][635]LogVSAccessor:Warning: Couldn't access module table
[2017.12.11-01.41.51:253][635]LogVSAccessor:Warning: Couldn't access module table
[2017.12.11-01.41.51:259][635]LogVSAccessor:Warning: Couldn't access module table
[2017.12.11-01.41.51:259][635]LogVSAccessor:Warning: Couldn't access module table
[2017.12.11-01.41.51:259][635]LogVSAccessor:Warning: Couldn't access module table
[2017.12.11-01.41.51:281][635]LogVSAccessor:Warning: Couldn't access module table
[2017.12.11-01.41.51:286][635]LogVSAccessor:Warning: Couldn't access module table
[2017.12.11-01.41.51:289][635]LogVSAccessor:Warning: Couldn't access module table
[2017.12.11-01.41.51:291][635]LogVSAccessor:Warning: Couldn't access module table
[2017.12.11-01.41.51:291][635]LogVSAccessor:Warning: Couldn't access module table
[2017.12.11-01.41.51:292][635]LogVSAccessor:Warning: Couldn't access module table
[2017.12.11-01.41.51:293][635]LogVSAccessor:Warning: Couldn't access module table
[2017.12.11-01.41.51:293][635]LogVSAccessor:Warning: Couldn't access module table
[2017.12.11-01.41.51:300][635]LogVSAccessor:Warning: Couldn't access module table
[2017.12.11-01.41.51:300][635]LogVSAccessor:Warning: Couldn't access module table
[2017.12.11-01.41.51:300][635]LogVSAccessor:Warning: Couldn't access module table
[2017.12.11-01.41.51:301][635]LogVSAccessor:Warning: Couldn't access module table
[2017.12.11-01.41.51:301][635]LogVSAccessor:Warning: Couldn't access module table
[2017.12.11-01.41.51:301][635]LogVSAccessor:Warning: Couldn't access module table
[2017.12.11-01.41.51:302][635]LogVSAccessor:Warning: Couldn't access module table
[2017.12.11-01.41.51:302][635]LogVSAccessor:Warning: Couldn't access module table
[2017.12.11-01.41.51:322][635]LogVSAccessor:Warning: Couldn't access module table
[2017.12.11-01.41.51:328][635]LogVSAccessor:Warning: Couldn't access module table
[2017.12.11-01.41.51:330][635]LogVSAccessor:Warning: Couldn't access module table
[2017.12.11-01.41.51:337][635]LogVSAccessor:Warning: Couldn't access module table
[2017.12.11-01.41.51:338][635]LogVSAccessor:Warning: Couldn't access module table
[2017.12.11-01.41.51:341][635]LogVSAccessor:Warning: Couldn't access module table
[2017.12.11-01.41.51:345][635]LogVSAccessor:Warning: Couldn't access module table
[2017.12.11-01.41.51:345][635]LogVSAccessor:Warning: Couldn't access module table
[2017.12.11-01.41.51:345][635]LogVSAccessor:Warning: Couldn't access module table
[2017.12.11-01.41.51:346][635]LogVSAccessor:Warning: Couldn't access module table
[2017.12.11-01.41.51:346][635]LogVSAccessor:Warning: Couldn't access module table
[2017.12.11-01.41.51:346][635]LogVSAccessor:Warning: Couldn't access module table
[2017.12.11-01.41.51:346][635]LogVSAccessor:Warning: Couldn't access module table
[2017.12.11-01.41.51:346][635]LogVSAccessor:Warning: Couldn't access module table
[2017.12.11-01.41.51:347][635]LogVSAccessor:Warning: Couldn't access module table
[2017.12.11-01.41.51:347][635]LogVSAccessor:Warning: Couldn't access module table
[2017.12.11-01.41.51:347][635]LogVSAccessor:Warning: Couldn't access module table
[2017.12.11-01.41.51:347][635]LogVSAccessor:Warning: Couldn't access module table
[2017.12.11-01.41.51:347][635]LogVSAccessor:Warning: Couldn't access module table
[2017.12.11-01.41.51:349][635]LogVSAccessor:Warning: Couldn't access module table
[2017.12.11-01.41.51:349][635]LogVSAccessor:Warning: Couldn't access module table
[2017.12.11-01.45.36:696][320]LogWindowsTextInputMethodSystem:Display: IME system now deactivated.
[2017.12.11-01.45.36:903][321]Cmd: QUIT_EDITOR
[2017.12.11-01.45.36:965][321]LogExit: Preparing to exit.
[2017.12.11-01.45.37:984][321]LogExit: Editor shut down
[2017.12.11-01.45.37:984][321]LogExit: Transaction tracking system shut down
[2017.12.11-01.45.38:085][321]LogObj: Freed 0b from 0 cluster array pools.
[2017.12.11-01.45.38:085][321]LogExit: Object subsystem successfully closed.
[2017.12.11-01.45.38:121][321]LogD3D11RHI: Shutdown
[2017.12.11-01.45.38:121][321]LogD3D11RHI: CleanupD3DDevice
[2017.12.11-01.45.38:173][321]LogD3D11RHI: ~FD3D11DynamicRHI
[2017.12.11-01.45.38:208][321]LogModuleManager: Shutting down and abandoning module HierarchicalLODOutliner (502)
[2017.12.11-01.45.38:208][321]LogModuleManager: Shutting down and abandoning module CrashTracker (500)
[2017.12.11-01.45.38:208][321]LogModuleManager: Shutting down and abandoning module WorldBrowser (498)
[2017.12.11-01.45.38:208][321]LogModuleManager: Shutting down and abandoning module SceneOutliner (496)
[2017.12.11-01.45.38:208][321]LogModuleManager: Shutting down and abandoning module AddContentDialog (494)
[2017.12.11-01.45.38:208][321]LogDirectoryWatcher: A directory notification for 'C:/Program Files/Epic Games/UE_4.15/FeaturePacks/' was aborted.
[2017.12.11-01.45.38:210][321]LogModuleManager: Shutting down and abandoning module WidgetCarousel (493)
[2017.12.11-01.45.38:210][321]LogModuleManager: Shutting down and abandoning module EditorWidgets (490)
[2017.12.11-01.45.38:210][321]LogModuleManager: Shutting down and abandoning module CollectionManager (488)
[2017.12.11-01.45.38:210][321]LogDirectoryWatcher: A directory notification for 'D:/Git/UE4/HanoiSim/Content/Collections/' was aborted.
[2017.12.11-01.45.38:210][321]LogDirectoryWatcher: A directory notification for 'D:/Git/UE4/HanoiSim/Content/Developers/leech/Collections/' was aborted.
[2017.12.11-01.45.38:210][321]LogDirectoryWatcher: A directory notification for 'D:/Git/UE4/HanoiSim/Saved/Collections/' was aborted.
[2017.12.11-01.45.38:210][321]LogModuleManager: Shutting down and abandoning module StatsViewer (486)
[2017.12.11-01.45.38:210][321]LogModuleManager: Shutting down and abandoning module FoliageEdit (484)
[2017.12.11-01.45.38:210][321]LogModuleManager: Shutting down and abandoning module LandscapeEditor (482)
[2017.12.11-01.45.38:211][321]LogModuleManager: Shutting down and abandoning module SceneDepthPickerMode (480)
[2017.12.11-01.45.38:211][321]LogModuleManager: Shutting down and abandoning module ActorPickerMode (478)
[2017.12.11-01.45.38:211][321]LogModuleManager: Shutting down and abandoning module GeometryMode (476)
[2017.12.11-01.45.38:211][321]LogModuleManager: Shutting down and abandoning module TextureAlignMode (474)
[2017.12.11-01.45.38:211][321]LogModuleManager: Shutting down and abandoning module BspMode (472)
[2017.12.11-01.45.38:211][321]LogModuleManager: Shutting down and abandoning module HardwareSurvey (470)
[2017.12.11-01.45.38:211][321]LogModuleManager: Shutting down and abandoning module SequenceRecorderSections (468)
[2017.12.11-01.45.38:211][321]LogModuleManager: Shutting down and abandoning module AutomationWorker (466)
[2017.12.11-01.45.38:211][321]LogModuleManager: Shutting down and abandoning module MatineeToLevelSequence (464)
[2017.12.11-01.45.38:211][321]LogModuleManager: Shutting down and abandoning module LevelSequenceEditor (462)
[2017.12.11-01.45.38:213][321]LogModuleManager: Shutting down and abandoning module PlacementMode (461)
[2017.12.11-01.45.38:213][321]LogModuleManager: Shutting down and abandoning module WmfMediaFactory (458)
[2017.12.11-01.45.38:213][321]LogModuleManager: Shutting down and abandoning module WmfMediaEditor (456)
[2017.12.11-01.45.38:213][321]LogModuleManager: Shutting down and abandoning module MfMediaFactory (454)
[2017.12.11-01.45.38:213][321]LogModuleManager: Shutting down and abandoning module MfMediaEditor (452)
[2017.12.11-01.45.38:213][321]LogModuleManager: Shutting down and abandoning module AvfMediaFactory (450)
[2017.12.11-01.45.38:213][321]LogModuleManager: Shutting down and abandoning module AvfMediaEditor (448)
[2017.12.11-01.45.38:213][321]LogModuleManager: Shutting down and abandoning module AndroidMediaFactory (446)
[2017.12.11-01.45.38:213][321]LogModuleManager: Shutting down and abandoning module Media (445)
[2017.12.11-01.45.38:213][321]LogModuleManager: Shutting down and abandoning module AndroidMediaEditor (442)
[2017.12.11-01.45.38:213][321]LogModuleManager: Shutting down and abandoning module CharacterAI (440)
[2017.12.11-01.45.38:213][321]LogModuleManager: Shutting down and abandoning module AudioCapture (438)
[2017.12.11-01.45.38:213][321]LogModuleManager: Shutting down and abandoning module SequenceRecorder (437)
[2017.12.11-01.45.38:214][321]LogModuleManager: Shutting down and abandoning module SmartSnapping (434)
[2017.12.11-01.45.38:214][321]LogModuleManager: Shutting down and abandoning module SessionServices (432)
[2017.12.11-01.45.38:214][321]LogModuleManager: Shutting down and abandoning module ViewportSnapping (430)
[2017.12.11-01.45.38:214][321]LogModuleManager: Shutting down and abandoning module ViewportInteraction (428)
[2017.12.11-01.45.38:214][321]LogModuleManager: Shutting down and abandoning module LogVisualizer (426)
[2017.12.11-01.45.38:214][321]LogModuleManager: Shutting down and abandoning module IntroTutorials (424)
[2017.12.11-01.45.38:214][321]LogModuleManager: Shutting down and abandoning module GameProjectGeneration (423)
[2017.12.11-01.45.38:215][321]LogModuleManager: Shutting down and abandoning module EditorLiveStreaming (420)
[2017.12.11-01.45.38:215][321]LogModuleManager: Shutting down and abandoning module IOSPlatformEditor (418)
[2017.12.11-01.45.38:215][321]LogModuleManager: Shutting down and abandoning module HTML5PlatformEditor (416)
[2017.12.11-01.45.38:215][321]LogModuleManager: Shutting down and abandoning module AndroidPlatformEditor (414)
[2017.12.11-01.45.38:215][321]LogModuleManager: Shutting down and abandoning module AndroidDeviceDetection (413)
[2017.12.11-01.45.38:910][321]LogModuleManager: Shutting down and abandoning module IOSRuntimeSettings (410)
[2017.12.11-01.45.38:910][321]LogModuleManager: Shutting down and abandoning module AndroidRuntimeSettings (408)
[2017.12.11-01.45.38:910][321]LogModuleManager: Shutting down and abandoning module InputBindingEditor (406)
[2017.12.11-01.45.38:911][321]LogModuleManager: Shutting down and abandoning module NiagaraEditor (404)
[2017.12.11-01.45.38:912][321]LogModuleManager: Shutting down and abandoning module MergeActors (402)
[2017.12.11-01.45.38:912][321]LogModuleManager: Shutting down and abandoning module SizeMap (400)
[2017.12.11-01.45.38:912][321]LogModuleManager: Shutting down and abandoning module TreeMap (398)
[2017.12.11-01.45.38:913][321]LogModuleManager: Shutting down and abandoning module ReferenceViewer (396)
[2017.12.11-01.45.38:913][321]LogModuleManager: Shutting down and abandoning module LocalizationDashboard (394)
[2017.12.11-01.45.38:913][321]LogModuleManager: Shutting down and abandoning module LocalizationService (393)
[2017.12.11-01.45.38:913][321]LogModuleManager: Shutting down and abandoning module HardwareTargeting (390)
[2017.12.11-01.45.38:914][321]LogModuleManager: Shutting down and abandoning module DeviceProfileEditor (388)
[2017.12.11-01.45.38:914][321]LogModuleManager: Shutting down and abandoning module UndoHistory (386)
[2017.12.11-01.45.38:914][321]LogModuleManager: Shutting down and abandoning module UserFeedback (384)
[2017.12.11-01.45.38:914][321]LogModuleManager: Shutting down and abandoning module XmlParser (382)
[2017.12.11-01.45.38:914][321]LogModuleManager: Shutting down and abandoning module Blutility (380)
[2017.12.11-01.45.38:914][321]LogModuleManager: Shutting down and abandoning module ProjectSettingsViewer (378)
[2017.12.11-01.45.38:914][321]LogModuleManager: Shutting down and abandoning module ProjectTargetPlatformEditor (377)
[2017.12.11-01.45.38:915][321]LogModuleManager: Shutting down and abandoning module EditorSettingsViewer (374)
[2017.12.11-01.45.38:915][321]LogModuleManager: Shutting down and abandoning module SettingsEditor (372)
[2017.12.11-01.45.38:916][321]LogModuleManager: Shutting down and abandoning module ProjectLauncher (370)
[2017.12.11-01.45.38:916][321]LogModuleManager: Shutting down and abandoning module SessionFrontend (368)
[2017.12.11-01.45.38:916][321]LogModuleManager: Shutting down and abandoning module ProfilerClient (366)
[2017.12.11-01.45.38:916][321]LogModuleManager: Shutting down and abandoning module DeviceManager (364)
[2017.12.11-01.45.38:917][321]LogModuleManager: Shutting down and abandoning module TargetDeviceServices (363)
[2017.12.11-01.45.38:960][321]LogModuleManager: Shutting down and abandoning module AutomationController (360)
[2017.12.11-01.45.38:960][321]LogModuleManager: Shutting down and abandoning module AutomationWindow (358)
[2017.12.11-01.45.38:961][321]LogModuleManager: Shutting down and abandoning module Layers (356)
[2017.12.11-01.45.38:962][321]LogModuleManager: Shutting down and abandoning module ComponentVisualizers (354)
[2017.12.11-01.45.38:962][321]LogModuleManager: Shutting down and abandoning module DetailCustomizations (352)
[2017.12.11-01.45.38:962][321]LogModuleManager: Shutting down and abandoning module PackagesDialog (350)
[2017.12.11-01.45.38:963][321]LogModuleManager: Shutting down and abandoning module Persona (348)
[2017.12.11-01.45.38:963][321]LogModuleManager: Shutting down and abandoning module AnimGraph (347)
[2017.12.11-01.45.38:963][321]LogModuleManager: Shutting down and abandoning module Kismet (344)
[2017.12.11-01.45.38:964][321]LogModuleManager: Shutting down and abandoning module GraphEditor (342)
[2017.12.11-01.45.38:966][321]LogModuleManager: Shutting down and abandoning module ClassViewer (340)
[2017.12.11-01.45.38:966][321]LogModuleManager: Shutting down and abandoning module Toolbox (338)
[2017.12.11-01.45.38:966][321]LogModuleManager: Shutting down and abandoning module ModuleUI (336)
[2017.12.11-01.45.38:966][321]LogModuleManager: Shutting down and abandoning module MovieSceneTools (334)
[2017.12.11-01.45.38:966][321]LogModuleManager: Shutting down and abandoning module OutputLog (332)
[2017.12.11-01.45.38:966][321]LogModuleManager: Shutting down and abandoning module GammaUI (330)
[2017.12.11-01.45.38:967][321]LogModuleManager: Shutting down and abandoning module Documentation (328)
[2017.12.11-01.45.38:967][321]LogModuleManager: Shutting down and abandoning module Niagara (326)
[2017.12.11-01.45.38:967][321]LogModuleManager: Shutting down and abandoning module StreamingPauseRendering (324)
[2017.12.11-01.45.38:967][321]LogModuleManager: Shutting down and abandoning module AnalyticsET (322)
[2017.12.11-01.45.38:967][321]LogModuleManager: Shutting down and abandoning module PortalServices (320)
[2017.12.11-01.45.38:967][321]LogModuleManager: Shutting down and abandoning module PortalRpc (318)
[2017.12.11-01.45.38:967][321]LogModuleManager: Shutting down and abandoning module MessagingRpc (316)
[2017.12.11-01.45.38:967][321]LogModuleManager: Shutting down and abandoning module AIModule (314)
[2017.12.11-01.45.38:967][321]LogModuleManager: Shutting down and abandoning module GameplayDebugger (313)
[2017.12.11-01.45.38:967][321]LogModuleManager: Shutting down and abandoning module AITestSuite (311)
[2017.12.11-01.45.38:967][321]LogModuleManager: Shutting down and abandoning module ProfilerService (308)
[2017.12.11-01.45.39:200][321]LogModuleManager: Shutting down and abandoning module TaskGraph (306)
[2017.12.11-01.45.39:202][321]LogModuleManager: Shutting down and abandoning module SteamVRController (304)
[2017.12.11-01.45.39:202][321]LogModuleManager: Shutting down and abandoning module SteamVR (302)
[2017.12.11-01.45.39:202][321]LogModuleManager: Shutting down and abandoning module ProceduralMeshComponentEditor (300)
[2017.12.11-01.45.39:202][321]LogModuleManager: Shutting down and abandoning module ProceduralMeshComponent (298)
[2017.12.11-01.45.39:202][321]LogModuleManager: Shutting down and abandoning module OculusLibrary (296)
[2017.12.11-01.45.39:202][321]LogModuleManager: Shutting down and abandoning module OculusInput (294)
[2017.12.11-01.45.39:202][321]LogModuleManager: Shutting down and abandoning module MobilePatchingUtils (292)
[2017.12.11-01.45.39:202][321]LogModuleManager: Shutting down and abandoning module CustomMeshComponent (290)
[2017.12.11-01.45.39:202][321]LogModuleManager: Shutting down and abandoning module CableComponent (288)
[2017.12.11-01.45.39:202][321]LogModuleManager: Shutting down and abandoning module ArchVisCharacter (286)
[2017.12.11-01.45.39:202][321]LogModuleManager: Shutting down and abandoning module MediaPlayerEditor (282)
[2017.12.11-01.45.39:203][321]LogModuleManager: Shutting down and abandoning module HTML5Networking (280)
[2017.12.11-01.45.39:203][321]LogModuleManager: Shutting down and abandoning module AlembicImporter (278)
[2017.12.11-01.45.39:203][321]LogModuleManager: Shutting down and abandoning module AlembicLibrary (277)
[2017.12.11-01.45.39:203][321]LogModuleManager: Shutting down and abandoning module GeometryCache (276)
[2017.12.11-01.45.39:204][321]LogModuleManager: Shutting down and abandoning module GeometryCacheEd (275)
[2017.12.11-01.45.39:204][321]LogModuleManager: Shutting down and abandoning module SuperSearchEditor (270)
[2017.12.11-01.45.39:204][321]LogModuleManager: Shutting down and abandoning module SuperSearch (269)
[2017.12.11-01.45.39:204][321]LogModuleManager: Shutting down and abandoning module SpeedTreeImporter (266)
[2017.12.11-01.45.39:204][321]LogModuleManager: Shutting down and abandoning module PluginBrowser (264)
[2017.12.11-01.45.39:204][321]LogModuleManager: Shutting down and abandoning module MobileLauncherProfileWizard (262)
[2017.12.11-01.45.39:205][321]LogModuleManager: Shutting down and abandoning module EpicSurvey (260)
[2017.12.11-01.45.39:205][321]LogModuleManager: Shutting down and abandoning module VisualStudioSourceCodeAccess (258)
[2017.12.11-01.45.39:205][321]LogModuleManager: Shutting down and abandoning module DesktopPlatform (257)
[2017.12.11-01.45.39:205][321]LogModuleManager: Shutting down and abandoning module UObjectPlugin (254)
[2017.12.11-01.45.39:205][321]LogModuleManager: Shutting down and abandoning module SubversionSourceControl (252)
[2017.12.11-01.45.39:206][321]LogModuleManager: Shutting down and abandoning module PerforceSourceControl (250)
[2017.12.11-01.45.39:206][321]LogModuleManager: Shutting down and abandoning module GitSourceControl (248)
[2017.12.11-01.45.39:206][321]LogModuleManager: Shutting down and abandoning module SourceControl (247)
[2017.12.11-01.45.39:206][321]LogModuleManager: Shutting down and abandoning module LightPropagationVolumeEditor (244)
[2017.12.11-01.45.39:207][321]LogModuleManager: Shutting down and abandoning module PaperTiledImporter (242)
[2017.12.11-01.45.39:207][321]LogModuleManager: Shutting down and abandoning module PaperSpriteSheetImporter (240)
[2017.12.11-01.45.39:207][321]LogModuleManager: Shutting down and abandoning module Paper2DEditor (238)
[2017.12.11-01.45.39:207][321]LogModuleManager: Shutting down and abandoning module MeshPaint (237)
[2017.12.11-01.45.39:207][321]LogModuleManager: Shutting down and abandoning module LevelEditor (235)
[2017.12.11-01.45.39:208][321]LogModuleManager: Shutting down and abandoning module PixelInspectorModule (234)
[2017.12.11-01.45.39:209][321]LogModuleManager: Shutting down and abandoning module MainFrame (232)
[2017.12.11-01.45.39:209][321]LogModuleManager: Shutting down and abandoning module HotReload (231)
[2017.12.11-01.45.39:209][321]LogDirectoryWatcher: A directory notification for 'D:/Git/UE4/HanoiSim/Binaries/Win64' was aborted.
[2017.12.11-01.45.39:210][321]LogModuleManager: Shutting down and abandoning module ContentBrowser (227)
[2017.12.11-01.45.39:211][321]LogModuleManager: Shutting down and abandoning module UnrealHanoiSim (224)
[2017.12.11-01.45.39:211][321]LogModuleManager: Shutting down and abandoning module PhysXVehiclesEditor (222)
[2017.12.11-01.45.39:211][321]LogModuleManager: Shutting down and abandoning module PhysXVehicles (220)
[2017.12.11-01.45.39:211][321]LogModuleManager: Shutting down and abandoning module LocationServicesBPLibrary (218)
[2017.12.11-01.45.39:211][321]LogModuleManager: Shutting down and abandoning module UdpMessaging (216)
[2017.12.11-01.45.39:312][321]LogModuleManager: Shutting down and abandoning module TcpMessaging (214)
[2017.12.11-01.45.39:413][321]LogModuleManager: Shutting down and abandoning module GameplayTagsEditor (212)
[2017.12.11-01.45.39:413][321]LogModuleManager: Shutting down and abandoning module FacialAnimationEditor (210)
[2017.12.11-01.45.39:414][321]LogModuleManager: Shutting down and abandoning module FacialAnimation (208)
[2017.12.11-01.45.39:414][321]LogModuleManager: Shutting down and abandoning module LightPropagationVolumeRuntime (206)
[2017.12.11-01.45.39:414][321]LogModuleManager: Shutting down and abandoning module Paper2D (204)
[2017.12.11-01.45.39:414][321]LogModuleManager: Shutting down and abandoning module WindowsMoviePlayer (202)
[2017.12.11-01.45.39:414][321]LogModuleManager: Shutting down and abandoning module WmfMedia (200)
[2017.12.11-01.45.39:417][321]LogModuleManager: Shutting down and abandoning module MfMedia (198)
[2017.12.11-01.45.39:417][321]LogModuleManager: Shutting down and abandoning module MediaAssets (196)
[2017.12.11-01.45.39:417][321]LogModuleManager: Shutting down and abandoning module GameLiveStreaming (194)
[2017.12.11-01.45.39:417][321]LogModuleManager: Shutting down and abandoning module VREditor (192)
[2017.12.11-01.45.39:417][321]LogModuleManager: Shutting down and abandoning module GameplayTasksEditor (190)
[2017.12.11-01.45.39:417][321]LogModuleManager: Shutting down and abandoning module BehaviorTreeEditor (188)
[2017.12.11-01.45.39:418][321]LogModuleManager: Shutting down and abandoning module FunctionalTesting (186)
[2017.12.11-01.45.39:418][321]LogModuleManager: Shutting down and abandoning module CollisionAnalyzer (184)
[2017.12.11-01.45.39:419][321]LogModuleManager: Shutting down and abandoning module UMG (182)
[2017.12.11-01.45.39:419][321]LogModuleManager: Shutting down and abandoning module UMGEditor (181)
[2017.12.11-01.45.39:420][321]LogModuleManager: Shutting down and abandoning module Sequencer (180)
[2017.12.11-01.45.39:421][321]LogModuleManager: Shutting down and abandoning module AssetTools (178)
[2017.12.11-01.45.39:423][321]LogModuleManager: Shutting down and abandoning module MessageLog (177)
[2017.12.11-01.45.39:423][321]LogModuleManager: Shutting down and abandoning module WorkspaceMenuStructure (176)
[2017.12.11-01.45.39:423][321]LogModuleManager: Shutting down and abandoning module SlateReflector (170)
[2017.12.11-01.45.39:424][321]LogModuleManager: Shutting down and abandoning module Slate (168)
[2017.12.11-01.45.39:424][321]LogModuleManager: Shutting down and abandoning module EditorStyle (166)
[2017.12.11-01.45.39:428][321]LogModuleManager: Shutting down and abandoning module SourceCodeAccess (164)
[2017.12.11-01.45.39:428][321]LogModuleManager: Shutting down and abandoning module HeadMountedDisplay (162)
[2017.12.11-01.45.39:428][321]LogModuleManager: Shutting down and abandoning module XAudio2 (160)
[2017.12.11-01.45.39:428][321]LogModuleManager: Shutting down and abandoning module Networking (158)
[2017.12.11-01.45.39:428][321]LogModuleManager: Shutting down and abandoning module Core (154)
[2017.12.11-01.45.39:428][321]LogModuleManager: Shutting down and abandoning module AssetRegistry (152)
[2017.12.11-01.45.39:594][321]LogDirectoryWatcher: A directory notification for '../../../Engine/Content/' was aborted.
[2017.12.11-01.45.39:594][321]LogDirectoryWatcher: A directory notification for 'D:/Git/UE4/HanoiSim/Content/' was aborted.
[2017.12.11-01.45.39:594][321]LogDirectoryWatcher: A directory notification for '../../../Engine/Plugins/2D/Paper2D/Content/' was aborted.
[2017.12.11-01.45.39:595][321]LogModuleManager: Shutting down and abandoning module DirectoryWatcher (151)
[2017.12.11-01.45.39:596][321]LogModuleManager: Shutting down and abandoning module KismetCompiler (148)
[2017.12.11-01.45.39:596][321]LogModuleManager: Shutting down and abandoning module PhysXFormats (146)
[2017.12.11-01.45.39:596][321]LogModuleManager: Shutting down and abandoning module MeshUtilities (144)
[2017.12.11-01.45.39:596][321]LogModuleManager: Shutting down and abandoning module SimplygonSwarm (143)
[2017.12.11-01.45.39:597][321]LogModuleManager: Shutting down and abandoning module SimplygonMeshReduction (141)
[2017.12.11-01.45.39:597][321]LogModuleManager: Shutting down and abandoning module QuadricMeshReduction (139)
[2017.12.11-01.45.39:597][321]LogModuleManager: Shutting down and abandoning module PropertyEditor (137)
[2017.12.11-01.45.39:597][321]LogModuleManager: Shutting down and abandoning module DerivedDataCache (134)
[2017.12.11-01.45.39:635][321]LogDerivedDataCache: Shutdown
[2017.12.11-01.45.39:635][321]LogModuleManager: Shutting down and abandoning module TargetPlatform (132)
[2017.12.11-01.45.39:635][321]LogModuleManager: Shutting down and abandoning module VulkanShaderFormat (131)
[2017.12.11-01.45.39:635][321]LogModuleManager: Shutting down and abandoning module ShaderFormatOpenGL (129)
[2017.12.11-01.45.39:635][321]LogModuleManager: Shutting down and abandoning module ShaderFormatD3D (127)
[2017.12.11-01.45.39:635][321]LogModuleManager: Shutting down and abandoning module MetalShaderFormat (125)
[2017.12.11-01.45.39:636][321]LogModuleManager: Shutting down and abandoning module TextureFormatUncompressed (123)
[2017.12.11-01.45.39:636][321]LogModuleManager: Shutting down and abandoning module TextureFormatPVR (121)
[2017.12.11-01.45.39:636][321]LogModuleManager: Shutting down and abandoning module TextureFormatDXT (119)
[2017.12.11-01.45.39:636][321]LogModuleManager: Shutting down and abandoning module TextureFormatIntelISPCTexComp (117)
[2017.12.11-01.45.39:637][321]LogModuleManager: Shutting down and abandoning module TextureFormatASTC (115)
[2017.12.11-01.45.39:637][321]LogModuleManager: Shutting down and abandoning module ImageWrapper (114)
[2017.12.11-01.45.39:637][321]LogModuleManager: Shutting down and abandoning module TextureFormatAndroid (111)
[2017.12.11-01.45.39:637][321]LogModuleManager: Shutting down and abandoning module AudioFormatOpus (109)
[2017.12.11-01.45.39:637][321]LogModuleManager: Shutting down and abandoning module AudioFormatOgg (107)
[2017.12.11-01.45.39:637][321]LogModuleManager: Shutting down and abandoning module AudioFormatADPCM (105)
[2017.12.11-01.45.39:637][321]LogModuleManager: Shutting down and abandoning module LinuxTargetPlatform (103)
[2017.12.11-01.45.39:637][321]LogModuleManager: Shutting down and abandoning module LinuxServerTargetPlatform (101)
[2017.12.11-01.45.39:637][321]LogModuleManager: Shutting down and abandoning module LinuxNoEditorTargetPlatform (99)
[2017.12.11-01.45.39:637][321]LogModuleManager: Shutting down and abandoning module LinuxClientTargetPlatform (97)
[2017.12.11-01.45.39:637][321]LogModuleManager: Shutting down and abandoning module TVOSTargetPlatform (95)
[2017.12.11-01.45.39:637][321]LogModuleManager: Shutting down and abandoning module Messaging (93)
[2017.12.11-01.45.39:637][321]LogModuleManager: Shutting down and abandoning module IOSTargetPlatform (91)
[2017.12.11-01.45.39:637][321]LogModuleManager: Shutting down and abandoning module HTML5TargetPlatform (89)
[2017.12.11-01.45.39:637][321]LogModuleManager: Shutting down and abandoning module Android_PVRTCTargetPlatform (87)
[2017.12.11-01.45.39:637][321]LogModuleManager: Shutting down and abandoning module Android_MultiTargetPlatform (85)
[2017.12.11-01.45.39:637][321]LogModuleManager: Shutting down and abandoning module Android_ETC2TargetPlatform (83)
[2017.12.11-01.45.39:637][321]LogModuleManager: Shutting down and abandoning module Android_ETC1TargetPlatform (81)
[2017.12.11-01.45.39:637][321]LogModuleManager: Shutting down and abandoning module Android_DXTTargetPlatform (79)
[2017.12.11-01.45.39:637][321]LogModuleManager: Shutting down and abandoning module Android_ATCTargetPlatform (77)
[2017.12.11-01.45.39:637][321]LogModuleManager: Shutting down and abandoning module Android_ASTCTargetPlatform (75)
[2017.12.11-01.45.39:637][321]LogModuleManager: Shutting down and abandoning module AndroidTargetPlatform (73)
[2017.12.11-01.45.39:637][321]LogModuleManager: Shutting down and abandoning module WindowsTargetPlatform (71)
[2017.12.11-01.45.39:637][321]LogModuleManager: Shutting down and abandoning module WindowsServerTargetPlatform (69)
[2017.12.11-01.45.39:637][321]LogModuleManager: Shutting down and abandoning module WindowsNoEditorTargetPlatform (67)
[2017.12.11-01.45.39:637][321]LogModuleManager: Shutting down and abandoning module WindowsClientTargetPlatform (65)
[2017.12.11-01.45.39:637][321]LogModuleManager: Shutting down and abandoning module MacTargetPlatform (63)
[2017.12.11-01.45.39:637][321]LogModuleManager: Shutting down and abandoning module MacServerTargetPlatform (61)
[2017.12.11-01.45.39:637][321]LogModuleManager: Shutting down and abandoning module MacNoEditorTargetPlatform (59)
[2017.12.11-01.45.39:637][321]LogModuleManager: Shutting down and abandoning module MacClientTargetPlatform (57)
[2017.12.11-01.45.39:637][321]LogModuleManager: Shutting down and abandoning module AllDesktopTargetPlatform (55)
[2017.12.11-01.45.39:637][321]LogModuleManager: Shutting down and abandoning module InputCore (52)
[2017.12.11-01.45.39:637][321]LogModuleManager: Shutting down and abandoning module Settings (50)
[2017.12.11-01.45.39:637][321]LogModuleManager: Shutting down and abandoning module OculusRift (48)
[2017.12.11-01.45.39:638][321]LogModuleManager: Shutting down and abandoning module GearVR (46)
[2017.12.11-01.45.39:638][321]LogModuleManager: Shutting down and abandoning module ExampleDeviceProfileSelector (44)
[2017.12.11-01.45.39:638][321]LogModuleManager: Shutting down and abandoning module OnlineBlueprintSupport (42)
[2017.12.11-01.45.39:638][321]LogModuleManager: Shutting down and abandoning module OnlineSubsystem (38)
[2017.12.11-01.45.39:638][321]LogOnline:Display: Unloading online subsystem: NULL
[2017.12.11-01.45.39:638][321]LogModuleManager: Shutting down and abandoning module XMPP (37)
[2017.12.11-01.45.39:639][321]LogModuleManager: Shutting down and abandoning module HTTP (35)
[2017.12.11-01.45.39:639][321]LogHttp:Display: Http module shutting down, but needs to wait on 1 outstanding Http requests:
[2017.12.11-01.45.39:639][321]LogHttp:Display: 	verb=[POST] url=[https://datarouter.ol.epicgames.com/datarouter/api/v1/public/data?SessionID=%7B674EBE38-478A-22E1-A6BC-68B89042C779%7D&AppID=UEEditor.Rocket.Release&AppVersion=4.15.3-3450819%2B%2B%2BUE4%2BRelease-4.15&UserID=ff47dd8a46ffa315cfdd14ad83809b94%7C025038b0caa74891b73e07a52b525ae0%7C31a0a85b-69e5-462b-9385-51ce0fda30fb&AppEnvironment=datacollector-binary&UploadType=eteventstream] status=Processing
[2017.12.11-01.45.39:659][321]LogModuleManager: Shutting down and abandoning module SSL (34)
[2017.12.11-01.45.39:660][321]LogModuleManager: Shutting down and abandoning module AudioEditor (30)
[2017.12.11-01.45.39:661][321]LogModuleManager: Shutting down and abandoning module TextureCompressor (28)
[2017.12.11-01.45.39:661][321]LogModuleManager: Shutting down and abandoning module ShaderCore (26)
[2017.12.11-01.45.39:661][321]LogModuleManager: Shutting down and abandoning module Landscape (24)
[2017.12.11-01.45.39:661][321]LogModuleManager: Shutting down and abandoning module SlateRHIRenderer (22)
[2017.12.11-01.45.39:664][321]LogModuleManager: Shutting down and abandoning module OpenGLDrv (20)
[2017.12.11-01.45.39:664][321]LogModuleManager: Shutting down and abandoning module D3D11RHI (18)
[2017.12.11-01.45.39:664][321]LogModuleManager: Shutting down and abandoning module AnimGraphRuntime (16)
[2017.12.11-01.45.39:664][321]LogModuleManager: Shutting down and abandoning module Renderer (14)
[2017.12.11-01.45.39:664][321]LogModuleManager: Shutting down and abandoning module Engine (12)
[2017.12.11-01.45.39:664][321]LogModuleManager: Shutting down and abandoning module CoreUObject (10)
[2017.12.11-01.45.39:664][321]LogModuleManager: Shutting down and abandoning module NetworkFile (8)
[2017.12.11-01.45.39:664][321]LogModuleManager: Shutting down and abandoning module StreamingFile (6)
[2017.12.11-01.45.39:665][321]LogModuleManager: Shutting down and abandoning module SandboxFile (4)
[2017.12.11-01.45.39:665][321]LogModuleManager: Shutting down and abandoning module PakFile (2)
[2017.12.11-01.45.39:668][321]LogExit: Exiting.
[2017.12.11-01.45.39:669][321]Log file closed, 12/10/17 19:45:39
