Log file open, 12/10/17 03:13:06
LogInit:Display: Running engine for game: UnrealHanoiSim
LogPlatformFile: Not using cached read wrapper
LogInit:Display: RandInit(-1296111548) SRandInit(-1296111548).
LogTaskGraph: Started task graph with 5 named threads and 10 total threads with 1 sets of task threads.
LogStats: Stats thread started at 0.101512
LogInit: Using libcurl 7.47.1
LogInit:  - built for x86_64-pc-win32
LogInit:  - supports SSL with OpenSSL/1.0.2g
LogInit:  - supports HTTP deflate (compression) using libz 1.2.8
LogInit:  - other features:
LogInit:      CURL_VERSION_SSL
LogInit:      CURL_VERSION_LIBZ
LogInit:      CURL_VERSION_IPV6
LogInit:      CURL_VERSION_ASYNCHDNS
LogInit:      CURL_VERSION_LARGEFILE
LogInit:      CURL_VERSION_IDN
LogInit:  CurlRequestOptions (configurable via config and command line):
LogInit:  - bVerifyPeer = false  - Libcurl will NOT verify peer certificate
LogInit:  - bUseHttpProxy = false  - Libcurl will NOT use HTTP proxy
LogInit:  - bDontReuseConnections = false  - Libcurl will reuse connections
LogInit:  - CertBundlePath = nullptr  - Libcurl will use whatever was configured at build time.
LogInit: Build: ++UE4+Release-4.15-CL-3450819
LogInit: Engine Version: 4.15.3-3450819+++UE4+Release-4.15
LogInit: Compatible Engine Version: 4.15.0-3299760+++UE4+Release-4.15
LogInit: Net CL: 3299760
LogDevObjectVersion: Number of dev versions registered: 14
LogDevObjectVersion:   Dev-Blueprints (B0D832E4-1F89-4F0D-ACCF-7EB736FD4AA2): 8
LogDevObjectVersion:   Dev-Build (E1C64328-A22C-4D53-A36C-8E866417BD8C): 0
LogDevObjectVersion:   Dev-Core (375EC13C-06E4-48FB-B500-84F0262A717E): 2
LogDevObjectVersion:   Dev-Editor (E4B068ED-F494-42E9-A231-DA0B2E46BB41): 14
LogDevObjectVersion:   Dev-Framework (CFFC743F-43B0-4480-9391-14DF171D2073): 22
LogDevObjectVersion:   Dev-Mobile (B02B49B5-BB20-44E9-A304-32B752E40360): 0
LogDevObjectVersion:   Dev-Networking (A4E4105C-59A1-49B5-A7C5-40C4547EDFEE): 0
LogDevObjectVersion:   Dev-Online (39C831C9-5AE6-47DC-9A44-9C173E1C8E7C): 0
LogDevObjectVersion:   Dev-Physics (78F01B33-EBEA-4F98-B9B4-84EACCB95AA2): 0
LogDevObjectVersion:   Dev-Platform (6631380F-2D4D-43E0-8009-CF276956A95A): 0
LogDevObjectVersion:   Dev-Rendering (12F88B9F-8875-4AFC-A67C-D90C383ABD29): 12
LogDevObjectVersion:   Dev-Sequencer (7B5AE74C-D270-4C10-A958-57980B212A5A): 3
LogDevObjectVersion:   Dev-VR (D7296918-1DD6-4BDD-9DE2-64A83CC13884): 0
LogDevObjectVersion:   Dev-LoadTimes (C2A15278-BFE7-4AFE-6C17-90FF531DF755): 1
LogInit: Compiled (64-bit): May 21 2017 11:02:34
LogInit: Compiled with Visual C++: 19.00.23026.00
LogInit: Build Configuration: Development
LogInit: Branch Name: ++UE4+Release-4.15
LogInit: Command line:  
LogInit: Base directory: C:/Program Files/Epic Games/UE_4.15/Engine/Binaries/Win64/
LogInit: Installed Engine Build: 1
LogInit: Presizing for max 8388607 objects, including 0 objects not considered by GC, pre-allocating 0 bytes for permanent pool.
LogInit: Object subsystem initialized
[2017.12.10-09.13.07:734][  0]LogInit: Selected Device Profile: [Windows]
[2017.12.10-09.13.07:734][  0]LogInit: Applying CVar settings loaded from the selected device profile: [Windows]
[2017.12.10-09.13.07:744][  0]LogInit: Computer: DESKTOP-B7QLANU
[2017.12.10-09.13.07:744][  0]LogInit: User: leech
[2017.12.10-09.13.07:744][  0]LogInit: CPU Page size=65536, Cores=6
[2017.12.10-09.13.07:744][  0]LogInit: High frequency timer resolution =3.318395 MHz
[2017.12.10-09.13.07:745][  0]LogMemory: Memory total: Physical=15.9GB (16GB approx)
[2017.12.10-09.13.07:745][  0]LogMemory: Platform Memory Stats for Windows
[2017.12.10-09.13.07:745][  0]LogMemory: Process Physical Memory: 264.80 MB used, 264.80 MB peak
[2017.12.10-09.13.07:745][  0]LogMemory: Process Virtual Memory: 270.13 MB used, 270.13 MB peak
[2017.12.10-09.13.07:745][  0]LogMemory: Physical Memory: 6557.54 MB used,  9737.34 MB free, 16294.88 MB total
[2017.12.10-09.13.07:745][  0]LogMemory: Virtual Memory: 679.05 MB used,  9737.34 MB free, 134217728.00 MB total
[2017.12.10-09.13.07:863][  0]LogTextLocalizationManager: No specific translations for ('en-US') exist, so ('en') translations will be used.
[2017.12.10-09.13.08:514][  0]LogD3D11RHI: D3D11 adapters:
[2017.12.10-09.13.08:579][  0]LogD3D11RHI:    0. 'NVIDIA GeForce GTX 1080' (Feature Level 11_0)
[2017.12.10-09.13.08:579][  0]LogD3D11RHI:       8086/0/8147 MB DedicatedVideo/DedicatedSystem/SharedSystem, Outputs:1, VendorId:0x10de
[2017.12.10-09.13.08:582][  0]LogD3D11RHI:    1. 'Microsoft Basic Render Driver' (Feature Level 11_0)
[2017.12.10-09.13.08:582][  0]LogD3D11RHI:       0/0/8147 MB DedicatedVideo/DedicatedSystem/SharedSystem, Outputs:0, VendorId:0x1414
[2017.12.10-09.13.08:582][  0]LogD3D11RHI: Chosen D3D11 Adapter: 0
[2017.12.10-09.13.08:590][  0]LogD3D11RHI: Creating new Direct3DDevice
[2017.12.10-09.13.08:590][  0]LogD3D11RHI:     GPU DeviceId: 0x1b80 (for the marketing name, search the web for "GPU Device Id")
[2017.12.10-09.13.08:590][  0]LogWindows: EnumDisplayDevices:
[2017.12.10-09.13.08:590][  0]LogWindows:    0. 'NVIDIA GeForce GTX 1080' (P:1 D:1)
[2017.12.10-09.13.08:591][  0]LogWindows:    1. 'NVIDIA GeForce GTX 1080' (P:0 D:0)
[2017.12.10-09.13.08:591][  0]LogWindows:    2. 'NVIDIA GeForce GTX 1080' (P:0 D:0)
[2017.12.10-09.13.08:591][  0]LogWindows:    3. 'NVIDIA GeForce GTX 1080' (P:0 D:0)
[2017.12.10-09.13.08:592][  0]LogWindows: DebugString: GetVideoDriverDetailsInvalid PrimaryIsNotTheChoosenAdapter GetVideoDriverDetailsInvalid PrimaryIsNotTheChoosenAdapter GetVideoDriverDetailsInvalid PrimaryIsNotTheChoosenAdapter GetVideoDriverDetailsInvalid PrimaryIsNotTheChoosenAdapter FoundDriverCount:0 
[2017.12.10-09.13.08:592][  0]LogD3D11RHI:     Adapter Name: NVIDIA GeForce GTX 1080
[2017.12.10-09.13.08:592][  0]LogD3D11RHI:   Driver Version: Unknown (internal:Unknown, unified:Unknown)
[2017.12.10-09.13.08:592][  0]LogD3D11RHI:      Driver Date: Unknown
[2017.12.10-09.13.08:592][  0]LogRHI: Texture pool is 1361 MB (70% of 1945 MB)
[2017.12.10-09.13.08:618][  0]LogD3D11RHI: Async texture creation enabled
[2017.12.10-09.13.08:676][  0]LogD3D11RHI: GPU Timing Frequency: 1000.000000 (Debug: 2 1)
[2017.12.10-09.13.08:720][  0]LogShaderCompilers: Guid format shader working directory is 17 characters bigger than the processId version (D:/School/C++2/UnrealHanoiSim/Intermediate/Shaders/WorkingDirectory/1512/).
[2017.12.10-09.13.08:720][  0]LogShaderCompilers: Cleaned the shader compiler working directory 'C:/Users/leech/AppData/Local/Temp/UnrealShaderWorkingDir/A128E9AA4FCE03A9C37E21BB42F98F7F/'.
[2017.12.10-09.13.08:720][  0]LogShaderCompilers:Display: Using Local Shader Compiler.
[2017.12.10-09.13.09:983][  0]LogTemp:Display: Loaded TP AllDesktopTargetPlatform
[2017.12.10-09.13.10:049][  0]LogTemp:Display: Loaded TP MacClientTargetPlatform
[2017.12.10-09.13.10:115][  0]LogTemp:Display: Loaded TP MacNoEditorTargetPlatform
[2017.12.10-09.13.10:182][  0]LogTemp:Display: Loaded TP MacServerTargetPlatform
[2017.12.10-09.13.10:247][  0]LogTemp:Display: Loaded TP MacTargetPlatform
[2017.12.10-09.13.10:312][  0]LogTemp:Display: Loaded TP WindowsClientTargetPlatform
[2017.12.10-09.13.10:378][  0]LogTemp:Display: Loaded TP WindowsNoEditorTargetPlatform
[2017.12.10-09.13.10:444][  0]LogTemp:Display: Loaded TP WindowsServerTargetPlatform
[2017.12.10-09.13.10:502][  0]LogTemp:Display: Loaded TP WindowsTargetPlatform
[2017.12.10-09.13.10:567][  0]LogTemp:Display: Loaded TP AndroidTargetPlatform
[2017.12.10-09.13.10:631][  0]LogTemp:Display: Loaded TP Android_ASTCTargetPlatform
[2017.12.10-09.13.10:696][  0]LogTemp:Display: Loaded TP Android_ATCTargetPlatform
[2017.12.10-09.13.10:761][  0]LogTemp:Display: Loaded TP Android_DXTTargetPlatform
[2017.12.10-09.13.10:826][  0]LogTemp:Display: Loaded TP Android_ETC1TargetPlatform
[2017.12.10-09.13.10:889][  0]LogTemp:Display: Loaded TP Android_ETC2TargetPlatform
[2017.12.10-09.13.11:031][  0]LogTemp:Display: Loaded TP Android_MultiTargetPlatform
[2017.12.10-09.13.11:031][  0]LogTemp:Display: Loaded TP Android_PVRTCTargetPlatform
[2017.12.10-09.13.11:085][  0]LogTemp:Display: Loaded TP HTML5TargetPlatform
[2017.12.10-09.13.11:199][  0]LogTemp:Display: Loaded TP IOSTargetPlatform
[2017.12.10-09.13.11:240][  0]LogTemp:Display: Loaded TP TVOSTargetPlatform
[2017.12.10-09.13.11:320][  0]LogTemp:Display: Loaded TP LinuxClientTargetPlatform
[2017.12.10-09.13.11:400][  0]LogTemp:Display: Loaded TP LinuxNoEditorTargetPlatform
[2017.12.10-09.13.11:463][  0]LogTemp:Display: Loaded TP LinuxServerTargetPlatform
[2017.12.10-09.13.11:528][  0]LogTemp:Display: Loaded TP LinuxTargetPlatform
[2017.12.10-09.13.11:528][  0]LogTargetPlatformManager:Display: Building Assets For Windows
[2017.12.10-09.13.12:151][  0]LogDerivedDataCache:Display: Max Cache Size: 512 MB
[2017.12.10-09.13.12:200][  0]LogDerivedDataCache: Loaded boot cache 0.05s 50MB C:/Users/leech/AppData/Local/UnrealEngine/4.15/DerivedDataCache/Boot.ddc.
[2017.12.10-09.13.12:200][  0]LogDerivedDataCache:Display: Loaded Boot cache: C:/Users/leech/AppData/Local/UnrealEngine/4.15/DerivedDataCache/Boot.ddc
[2017.12.10-09.13.12:200][  0]LogDerivedDataCache: FDerivedDataBackendGraph:  Pak pak cache file D:/School/C++2/UnrealHanoiSim/DerivedDataCache/DDC.ddp not found, will not use a pak cache.
[2017.12.10-09.13.12:200][  0]LogDerivedDataCache: Unable to find inner node Pak for hierarchical cache Hierarchy.
[2017.12.10-09.13.12:200][  0]LogDerivedDataCache: FDerivedDataBackendGraph:  CompressedPak pak cache file D:/School/C++2/UnrealHanoiSim/DerivedDataCache/Compressed.ddp not found, will not use a pak cache.
[2017.12.10-09.13.12:200][  0]LogDerivedDataCache: Unable to find inner node CompressedPak for hierarchical cache Hierarchy.
[2017.12.10-09.13.12:215][  0]LogDerivedDataCache:Display: Pak cache opened for reading ../../../Engine/DerivedDataCache/Compressed.ddp.
[2017.12.10-09.13.12:227][  0]LogDerivedDataCache: Using Local data cache path C:/Users/leech/AppData/Local/UnrealEngine/Common/DerivedDataCache: Writable
[2017.12.10-09.13.12:235][  0]LogSlate: Using Freetype 2.6.0
[2017.12.10-09.13.12:236][  0]LogSlate: SlateFontCache - WITH_FREETYPE: 1, WITH_HARFBUZZ: 1
[2017.12.10-09.13.12:236][  0]LogSlate: SlateFontCache - WITH_FREETYPE: 1, WITH_HARFBUZZ: 1
[2017.12.10-09.13.12:511][  0]LogInit: Selected Device Profile: [Windows]
[2017.12.10-09.13.12:515][  0]LogContentStreaming: Texture pool size is 0.00 MB
[2017.12.10-09.13.12:775][  0]LogMeshUtilities: Using QuadricMeshReduction for automatic static mesh reduction
[2017.12.10-09.13.12:837][  0]LogSimplygon: Simplygon DLL not present - disabling.
[2017.12.10-09.13.12:903][  0]LogMeshUtilities: Using SimplygonSwarm for distributed automatic mesh merging
[2017.12.10-09.13.12:903][  0]LogMeshUtilities: No automatic skeletal mesh reduction module available
[2017.12.10-09.13.12:903][  0]LogMeshUtilities: No automatic mesh merging module available
[2017.12.10-09.13.13:458][  0]LogNetVersion: GetLocalNetworkVersion: CL: 3299760, ProjectName: unrealhanoisim, ProjectVersion: , EngineNetworkVersion: 2, GameNetworkVersion: 0, NetworkChecksum: 2797521926
[2017.12.10-09.13.13:513][  0]LogAssetRegistry: FAssetRegistry took 0.0215 seconds to start up
[2017.12.10-09.13.13:572][  0]LogPackageLocalizationCache: Processed 3 localized package path(s) for 2 prioritized culture(s) in 0.025541 seconds
[2017.12.10-09.13.13:577][  0]LogUObjectArray: 32493 objects as part of root set at end of initial load.
[2017.12.10-09.13.13:577][  0]LogUObjectAllocator: 7077032 out of 0 bytes used by permanent object pool.
[2017.12.10-09.13.13:577][  0]LogUObjectArray: CloseDisregardForGC: 0/0 objects in disregard for GC pool
[2017.12.10-09.13.13:669][  0]LogInit: WinSock: version 1.1 (2.2), MaxSocks=32767, MaxUdp=65467
[2017.12.10-09.13.15:739][  0]LogTcpMessaging: Initializing TcpMessaging bridge
[2017.12.10-09.13.15:789][  0]LogUdpMessaging: Initializing bridge on interface 0.0.0.0:0 to multicast group 230.0.0.1:6666.
[2017.12.10-09.13.16:469][  0]LogMaterial: Uniform references updated for custom material expression Custom.
[2017.12.10-09.13.16:967][  0]SourceControl: Info Source control is disabled
[2017.12.10-09.13.17:015][  0]SourceControl: Info Source control is disabled
[2017.12.10-09.13.17:079][  0]SourceControl: Info Source control is disabled
[2017.12.10-09.13.17:140][  0]SourceControl: Info Source control is disabled
[2017.12.10-09.13.18:821][  0]LogEngine: Initializing Engine...
[2017.12.10-09.13.18:821][  0]LogHMD: Failed to initialize OpenVR with code 110
[2017.12.10-09.13.18:921][  0]LogStats: UGameplayTagsManager::ConstructGameplayTagTree: Construct from data asset -  0.000 s
[2017.12.10-09.13.18:921][  0]LogStats: UGameplayTagsManager::ConstructGameplayTagTree: GameplayTagTreeChangedEvent.Broadcast -  0.000 s
[2017.12.10-09.13.19:097][  0]LogAIModule: Creating AISystem for world Untitled
[2017.12.10-09.13.19:143][  0]LogInit: XAudio2 using 'HP Spectre 32-8 (NVIDIA High Definition Audio)' : 2 channels at 48 kHz using 16 bits per sample (channel mask 0x3)
[2017.12.10-09.13.19:170][  0]LogInit: FAudioDevice initialized.
[2017.12.10-09.13.19:203][  0]LogDerivedDataCache: Saved boot cache 0.03s 50MB C:/Users/leech/AppData/Local/UnrealEngine/4.15/DerivedDataCache/Boot.ddc.
[2017.12.10-09.13.19:208][  0]LogInit: Texture streaming: Enabled
[2017.12.10-09.13.19:341][  0]LogEngineSessionManager: EngineSessionManager initialized
[2017.12.10-09.13.19:465][  0]LogInit: Transaction tracking system initialized
[2017.12.10-09.13.19:956][  0]BlueprintLog: New page: Editor Load
[2017.12.10-09.13.21:182][  0]LocalizationService: Info Localization service is disabled
[2017.12.10-09.13.22:116][  0]LogConsoleResponse:Display: 
[2017.12.10-09.13.22:245][  0]LogCook:Display: Max memory allowance for cook 16384mb min free memory 0mb
[2017.12.10-09.13.22:245][  0]LogCook:Display: Mobile HDR setting 1
[2017.12.10-09.13.22:443][  0]LogFileCache: Scanning file cache for directory 'D:/School/C++2/UnrealHanoiSim/Content/' took 0.01s
[2017.12.10-09.13.23:692][  0]SourceControl: Info Source control is disabled
[2017.12.10-09.13.23:692][  0]Cmd: MAP LOAD FILE="D:/School/C++2/UnrealHanoiSim/Content/StarterContent/Maps/Minimal_Default.umap" TEMPLATE=0 SHOWPROGRESS=1 FEATURELEVEL=3
[2017.12.10-09.13.23:693][  0]LightingResults: New page: Lighting Build
[2017.12.10-09.13.23:749][  0]MapCheck: New page: Map Check
[2017.12.10-09.13.23:749][  0]LightingResults: New page: Lighting Build
[2017.12.10-09.13.24:049][  0]LogAIModule: Creating AISystem for world Minimal_Default
[2017.12.10-09.13.24:075][  0]LogEditorServer: Finished looking for orphan Actors (0.000 secs)
[2017.12.10-09.13.24:075][  0]Cmd: MAP CHECKDEP NOCLEARLOG
[2017.12.10-09.13.24:147][  0]MapCheck: Info Map check complete: 0 Error(s), 0 Warning(s), took 71.511ms to complete.
[2017.12.10-09.13.24:147][  0]LogFileHelpers: Loading map 'Minimal_Default' took 0.455
[2017.12.10-09.13.24:331][  0]LogCollectionManager: Loaded 0 collections in 0.001694 seconds
[2017.12.10-09.13.24:428][  0]LogFileCache: Scanning file cache for directory 'D:/School/C++2/UnrealHanoiSim/Saved/Collections/' took 0.01s
[2017.12.10-09.13.24:428][  0]LogFileCache: Scanning file cache for directory 'D:/School/C++2/UnrealHanoiSim/Content/Developers/leech/Collections/' took 0.01s
[2017.12.10-09.13.24:428][  0]LogFileCache: Scanning file cache for directory 'D:/School/C++2/UnrealHanoiSim/Content/Collections/' took 0.01s
[2017.12.10-09.13.24:428][  0]LogCollectionManager: Rebuilt the GUID cache for 0 collections in 0.000002 seconds
[2017.12.10-09.13.24:437][  0]LogContentBrowser: Native class hierarchy populated in 0.0096 seconds. Added 2248 classes and 455 folders.
[2017.12.10-09.13.24:546][  0]LogContentBrowser: Native class hierarchy updated for 'WidgetCarousel' in 0.0024 seconds. Added 0 classes and 0 folders.
[2017.12.10-09.13.24:598][  0]LogContentBrowser: Native class hierarchy updated for 'AddContentDialog' in 0.0022 seconds. Added 0 classes and 0 folders.
[2017.12.10-09.13.24:671][  0]LogContentBrowser: Native class hierarchy updated for 'SceneOutliner' in 0.0022 seconds. Added 1 classes and 2 folders.
[2017.12.10-09.13.24:740][  0]LogContentBrowser: Native class hierarchy updated for 'WorldBrowser' in 0.0023 seconds. Added 1 classes and 3 folders.
[2017.12.10-09.13.24:845][  0]LogCrashTracker: Crashtracker disabled due to settings.
[2017.12.10-09.13.24:851][  0]LogUObjectGlobals:Warning: Failed to find object 'Class None.'
[2017.12.10-09.13.24:934][  0]LogContentBrowser: Native class hierarchy updated for 'HierarchicalLODOutliner' in 0.0022 seconds. Added 1 classes and 2 folders.
[2017.12.10-09.13.24:934][  0]LogLoad: (Engine Initialization) Total time: 20.14 seconds
[2017.12.10-09.13.24:934][  0]LogLoad: (Engine Initialization) Total Blueprint compile time: 0.10 seconds
[2017.12.10-09.13.24:934][  0]LogExternalProfiler: Found external profiler: VSPerf
[2017.12.10-09.13.24:934][  0]LogExternalProfiler: Using external profiler: VSPerf
[2017.12.10-09.13.25:273][  0]LogOcInput: OculusInput pre-init called
[2017.12.10-09.13.25:288][  0]LogAssetRegistry: Asset discovery search completed in 11.7967 seconds
[2017.12.10-09.13.25:288][  0]LogCollectionManager: Rebuilt the object cache for 0 collections in 0.000003 seconds (found 0 objects)
[2017.12.10-09.13.25:288][  0]LogCollectionManager: Fixed up redirectors for 0 collections in 0.000014 seconds (updated 0 objects)
[2017.12.10-09.13.25:290][  0]LogContentStreaming: Texture pool size now 1000 MB
[2017.12.10-09.13.25:297][  0]LogSlate: Took 0.000242 seconds to synchronously load lazily loaded font '../../../Engine/Content/Slate/Fonts/Roboto-Regular.ttf' (155K)
[2017.12.10-09.13.25:300][  0]LogSlate: Took 0.000272 seconds to synchronously load lazily loaded font '../../../Engine/Content/Slate/Fonts/Roboto-Bold.ttf' (160K)
[2017.12.10-09.13.25:305][  0]LogSlate: Took 0.000268 seconds to synchronously load lazily loaded font '../../../Engine/Content/Editor/Slate/Fonts/FontAwesome.ttf' (139K)
[2017.12.10-09.13.25:421][  0]LogRenderer: Reallocating scene render targets to support 1372x808 NumSamples 1 (Frame:2).
[2017.12.10-09.14.03:343][262]LogSlate: Took 0.000209 seconds to synchronously load lazily loaded font '../../../Engine/Content/Slate/Fonts/Roboto-Light.ttf' (159K)
[2017.12.10-09.14.03:350][262]Running C:/Program Files/Epic Games/UE_4.15/Engine/Binaries/DotNET/UnrealBuildTool.exe  -projectfiles -project="D:/School/C++2/UnrealHanoiSim/UnrealHanoiSim.uproject" -game -rocket -progress
[2017.12.10-09.14.03:755][262]Discovering modules, targets and source code for project...
[2017.12.10-09.14.05:962][262]LogSlate: Took 0.000224 seconds to synchronously load lazily loaded font '../../../Engine/Content/Slate/Fonts/Roboto-Regular.ttf' (155K)
[2017.12.10-09.18.43:413][202]LogContentBrowser: Native class hierarchy updated for 'BlueprintGraph' in 0.0067 seconds. Added 112 classes and 0 folders.
[2017.12.10-09.18.44:195][202]LogSlate: Took 0.000229 seconds to synchronously load lazily loaded font '../../../Engine/Content/Slate/Fonts/Roboto-Light.ttf' (159K)
[2017.12.10-09.18.44:196][202]LogSlate: Took 0.000264 seconds to synchronously load lazily loaded font '../../../Engine/Content/Editor/Slate/Fonts/Roboto-BoldCondensed.ttf' (158K)
[2017.12.10-09.23.25:728][865]LogFileHelpers: Editor autosave (incl. sublevels) for '/Game/StarterContent/Maps/Minimal_Default' took 0.050
[2017.12.10-09.23.25:730][865]OBJ SavePackage: Generating thumbnails for [0] asset(s) in package [/Game/LevelInput] ([1] browsable assets)...
[2017.12.10-09.23.25:730][865]OBJ SavePackage: Finished generating thumbnails for package [/Game/LevelInput]
[2017.12.10-09.23.25:730][865]Cmd: OBJ SAVEPACKAGE PACKAGE="/Game/LevelInput" FILE="D:/School/C++2/UnrealHanoiSim/Saved/Autosaves/Game/LevelInput_Auto1.uasset" SILENT=false AUTOSAVING=true
[2017.12.10-09.23.25:743][865]LogSavePackage: Save=11.18ms
[2017.12.10-09.23.25:743][865]LogSavePackage: Moving 'D:/School/C++2/UnrealHanoiSim/Saved/LevelInput_Auto17D0DCA784B8E272425E470952A5D0776.tmp' to 'D:/School/C++2/UnrealHanoiSim/Saved/Autosaves/Game/LevelInput_Auto1.uasset'
[2017.12.10-09.23.25:745][865]LogSavePackage:Display: Finished SavePackage D:/School/C++2/UnrealHanoiSim/Saved/Autosaves/Game/LevelInput_Auto1.uasset
[2017.12.10-09.23.25:745][865]LogFileHelpers: Auto-saving content packages took 0.016
[2017.12.10-09.24.42:996][526]BlueprintLog: New page: Compile LevelInput
[2017.12.10-09.33.26:634][842]LogFileHelpers: Editor autosave (incl. sublevels) for '/Game/StarterContent/Maps/Minimal_Default' took 0.033
[2017.12.10-09.33.26:637][842]OBJ SavePackage: Generating thumbnails for [0] asset(s) in package [/Game/LevelInput] ([1] browsable assets)...
[2017.12.10-09.33.26:637][842]OBJ SavePackage: Finished generating thumbnails for package [/Game/LevelInput]
[2017.12.10-09.33.26:637][842]Cmd: OBJ SAVEPACKAGE PACKAGE="/Game/LevelInput" FILE="D:/School/C++2/UnrealHanoiSim/Saved/Autosaves/Game/LevelInput_Auto2.uasset" SILENT=false AUTOSAVING=true
[2017.12.10-09.33.26:656][842]LogSavePackage: Save=15.29ms
[2017.12.10-09.33.26:656][842]LogSavePackage: Moving 'D:/School/C++2/UnrealHanoiSim/Saved/LevelInput_Auto217CE483E457F02165DCD73AECC55C3A8.tmp' to 'D:/School/C++2/UnrealHanoiSim/Saved/Autosaves/Game/LevelInput_Auto2.uasset'
[2017.12.10-09.33.26:658][842]LogSavePackage:Display: Finished SavePackage D:/School/C++2/UnrealHanoiSim/Saved/Autosaves/Game/LevelInput_Auto2.uasset
[2017.12.10-09.33.26:658][842]LogFileHelpers: Auto-saving content packages took 0.023
[2017.12.10-10.59.26:170][952]LogHotReload: New module detected: UE4Editor-UnrealHanoiSim-2631.dll
[2017.12.10-10.59.27:182][956]LogHotReload: Starting Hot-Reload from IDE
[2017.12.10-10.59.27:338][956]LogClass: Could not find existing class Disk in package /Script/UnrealHanoiSim for HotReload, assuming new class
[2017.12.10-10.59.27:338][956]LogClass: Could not find existing class Tower in package /Script/UnrealHanoiSim for HotReload, assuming new class
[2017.12.10-10.59.27:338][956]LogClass: Could not find existing class UnrealHanoiSimGameModeBase in package /Script/UnrealHanoiSim for HotReload, assuming new class
[2017.12.10-10.59.27:338][956]LogClass: Function ChangeMenuWidget is new.
[2017.12.10-10.59.27:338][956]LogClass: Function SetCount is new.
[2017.12.10-10.59.27:346][956]LogHotReload: Re-instancing Disk after hot-reload.
[2017.12.10-10.59.27:439][956]LogHotReload: Re-instancing Tower after hot-reload.
[2017.12.10-10.59.27:505][956]LogHotReload: Re-instancing UnrealHanoiSimGameModeBase after hot-reload.
[2017.12.10-10.59.27:567][956]LogContentBrowser: Native class hierarchy updated for 'UnrealHanoiSim' in 0.0032 seconds. Added 3 classes and 2 folders.
[2017.12.10-10.59.27:569][956]Display: HotReload successful (0 functions remapped  0 scriptstructs remapped)
[2017.12.10-10.59.27:896][956]LogContentBrowser: Native class hierarchy populated in 0.0124 seconds. Added 2251 classes and 462 folders.
[2017.12.10-10.59.27:904][956]Display: HotReload took  0.7s.
[2017.12.10-10.59.45:579][  9]LogHotReload: New module detected: UE4Editor-UnrealHanoiSim-9632.dll
[2017.12.10-10.59.46:604][ 13]LogHotReload: Starting Hot-Reload from IDE
[2017.12.10-10.59.46:753][ 13]LogContentBrowser: Native class hierarchy updated for 'UnrealHanoiSim' in 0.0022 seconds. Added 3 classes and 2 folders.
[2017.12.10-10.59.46:754][ 13]Display: HotReload successful (2 functions remapped  0 scriptstructs remapped)
[2017.12.10-10.59.47:105][ 13]LogContentBrowser: Native class hierarchy populated in 0.0106 seconds. Added 2251 classes and 462 folders.
[2017.12.10-10.59.47:112][ 13]Display: HotReload took  0.5s.
[2017.12.10-11.00.17:787][105]LogHotReload: New module detected: UE4Editor-UnrealHanoiSim-3144.dll
[2017.12.10-11.00.18:465][108]LogHotReload: Starting Hot-Reload from IDE
[2017.12.10-11.00.18:617][108]LogContentBrowser: Native class hierarchy updated for 'UnrealHanoiSim' in 0.0024 seconds. Added 3 classes and 2 folders.
[2017.12.10-11.00.18:618][108]Display: HotReload successful (2 functions remapped  0 scriptstructs remapped)
[2017.12.10-11.00.18:864][108]LogContentBrowser: Native class hierarchy populated in 0.0105 seconds. Added 2251 classes and 462 folders.
[2017.12.10-11.00.18:870][108]Display: HotReload took  0.4s.
[2017.12.10-11.40.19:042][370]Running C:/Program Files/Epic Games/UE_4.15/Engine/Binaries/DotNET/UnrealBuildTool.exe UnrealHanoiSim Win64 Development -editorrecompile "D:/School/C++2/UnrealHanoiSim/UnrealHanoiSim.uproject" -invalidatemakefilesonly
[2017.12.10-11.40.19:449][370]Invalidating makefiles only in this run.
[2017.12.10-11.40.19:577][370]Recompiling UnrealHanoiSim...
[2017.12.10-11.40.19:577][370]Launching UnrealBuildTool... [C:/Program Files/Epic Games/UE_4.15/Engine/Binaries/DotNET/UnrealBuildTool.exe UnrealHanoiSim -ModuleWithSuffix UnrealHanoiSim 1822 Win64 Development -editorrecompile -canskiplink "D:/School/C++2/UnrealHanoiSim/UnrealHanoiSim.uproject" ]
[2017.12.10-11.40.29:964][370]CompilerResultsLog: New page: Compilation - Dec 9, 2017, 11:40:29 PM
[2017.12.10-11.40.29:964][370]CompilerResultsLog: Info Compiling game modules for hot reload
[2017.12.10-11.40.29:964][370]CompilerResultsLog: Info Parsing headers for UnrealHanoiSimEditor
[2017.12.10-11.40.29:964][370]CompilerResultsLog: Info   Running UnrealHeaderTool "D:\School\C++2\UnrealHanoiSim\UnrealHanoiSim.uproject" "D:\School\C++2\UnrealHanoiSim\Intermediate\Build\Win64\UnrealHanoiSimEditor\Development\UnrealHanoiSimEditor.uhtmanifest" -LogCmds="loginit warning, logexit warning, logdatabase error" -Unattended -WarningsAsErrors -installed
[2017.12.10-11.40.29:964][370]CompilerResultsLog: Info Reflection code generated for UnrealHanoiSimEditor in 3.9604145 seconds
[2017.12.10-11.40.29:964][370]CompilerResultsLog: Info Performing 6 actions (9 in parallel)
[2017.12.10-11.40.29:964][370]CompilerResultsLog: Info TowerManager.cpp
[2017.12.10-11.40.29:964][370]CompilerResultsLog: Info UnrealHanoiSim.generated.cpp
[2017.12.10-11.40.29:964][370]CompilerResultsLog: Info Tower.cpp
[2017.12.10-11.40.29:964][370]CompilerResultsLog: Info UnrealHanoiSimGameModeBase.cpp
[2017.12.10-11.40.29:964][370]CompilerResultsLog: Info [5/6] Link UE4Editor-UnrealHanoiSim-1822.dll
[2017.12.10-11.40.29:964][370]CompilerResultsLog: Info [6/6] Link UE4Editor-UnrealHanoiSim-1822.lib
[2017.12.10-11.40.29:964][370]CompilerResultsLog: Info    Creating library D:\School\C++2\UnrealHanoiSim\Intermediate\Build\Win64\UE4Editor\Development\UE4Editor-UnrealHanoiSim-1822.lib and object D:\School\C++2\UnrealHanoiSim\Intermediate\Build\Win64\UE4Editor\Development\UE4Editor-UnrealHanoiSim-1822.exp
[2017.12.10-11.40.29:964][370]CompilerResultsLog: Info    Creating library D:\School\C++2\UnrealHanoiSim\Intermediate\Build\Win64\UE4Editor\Development\UE4Editor-UnrealHanoiSim-1822.suppressed.lib and object D:\School\C++2\UnrealHanoiSim\Intermediate\Build\Win64\UE4Editor\Development\UE4Editor-UnrealHanoiSim-1822.suppressed.exp
[2017.12.10-11.40.29:964][370]CompilerResultsLog: Info Total build time: 9.98 seconds (Local executor: 3.36 seconds)
[2017.12.10-11.40.29:964][370]LogMainFrame: MainFrame: Module compiling took 10.396 seconds
[2017.12.10-11.40.30:203][370]LogClass: Could not find existing class TowerManager in package /Script/UnrealHanoiSim for HotReload, assuming new class
[2017.12.10-11.40.30:203][370]LogClass: Could not find existing class UnrealHanoiSimGameModeBase in package /Script/UnrealHanoiSim for HotReload, assuming new class
[2017.12.10-11.40.30:204][370]LogClass: Function ChangeMenuWidget is new.
[2017.12.10-11.40.30:204][370]LogClass: Function InitializeTowers is new.
[2017.12.10-11.40.30:204][370]LogClass: Function SetCount is new.
[2017.12.10-11.40.30:209][370]LogHotReload: Re-instancing UnrealHanoiSimGameModeBase after hot-reload.
[2017.12.10-11.40.30:282][370]LogContentBrowser: Native class hierarchy updated for 'UnrealHanoiSim' in 0.0023 seconds. Added 4 classes and 2 folders.
[2017.12.10-11.40.30:284][370]Display: HotReload successful (0 functions remapped  0 scriptstructs remapped)
[2017.12.10-11.40.30:554][370]LogContentBrowser: Native class hierarchy populated in 0.0113 seconds. Added 2252 classes and 462 folders.
[2017.12.10-11.40.30:554][370]Display: HotReload took 11.0s.
[2017.12.10-11.40.30:556][370]Warning: HotReload operation took 11.0s.
[2017.12.10-11.40.30:675][370]LogVSAccessor:Warning: Couldn't goto line number '0' in 'D:/School/C++2/UnrealHanoiSim/Source/UnrealHanoiSim/TowerManager.h'
[2017.12.10-11.40.30:765][370]LogVSAccessor:Warning: Couldn't goto line number '0' in 'D:/School/C++2/UnrealHanoiSim/Source/UnrealHanoiSim/TowerManager.cpp'
[2017.12.10-11.40.30:785][370]LogHotReload: New module detected: UE4Editor-UnrealHanoiSim-1822.dll
[2017.12.10-11.40.30:818][371]LogHotReload: Starting Hot-Reload from IDE
[2017.12.10-11.40.30:952][371]LogContentBrowser: Native class hierarchy updated for 'UnrealHanoiSim' in 0.0022 seconds. Added 4 classes and 2 folders.
[2017.12.10-11.40.30:953][371]Display: HotReload successful (0 functions remapped  0 scriptstructs remapped)
[2017.12.10-11.40.31:165][371]LogContentBrowser: Native class hierarchy populated in 0.0152 seconds. Added 2252 classes and 462 folders.
[2017.12.10-11.40.31:172][371]Display: HotReload took  0.4s.
[2017.12.10-11.45.28:623][568]LogEditor: Attempting to add actor of class 'Tower' to level at 80.00,550.00,-60.00
[2017.12.10-11.45.29:232][630]LogEditor: Attempting to add actor of class 'Tower' to level at -20.00,60.00,30.00
[2017.12.10-11.45.32:526][ 11]LogSlate: Took 0.000599 seconds to synchronously load lazily loaded font '../../../Engine/Content/Editor/Slate/Fonts/Roboto-Italic.ttf' (157K)
[2017.12.10-11.45.50:696][131]LogEditorActor: Deleted Actor: Tower
[2017.12.10-11.45.50:769][131]LogEditorActor: Deleted 1 Actors (0.074 secs)
[2017.12.10-11.46.21:551][791]LogSavePackage: Save=113.95ms
[2017.12.10-11.46.21:551][791]LogSavePackage: Moving 'D:/School/C++2/UnrealHanoiSim/Saved/Minimal_Default_Auto39A3A3B6F4FDB47BC67F435857A44F687.tmp' to 'D:/School/C++2/UnrealHanoiSim/Saved/Autosaves/Game/StarterContent/Maps/Minimal_Default_Auto3.umap'
[2017.12.10-11.46.21:552][791]LogSavePackage:Display: Finished SavePackage D:/School/C++2/UnrealHanoiSim/Saved/Autosaves/Game/StarterContent/Maps/Minimal_Default_Auto3.umap
[2017.12.10-11.46.21:554][791]LogFileHelpers: Editor autosave (incl. sublevels) for '/Game/StarterContent/Maps/Minimal_Default' took 0.139
[2017.12.10-11.46.21:554][791]LogFileHelpers: Editor autosave (incl. sublevels) for all levels took 0.139
[2017.12.10-11.57.00:442][877]LogHotReload: New module detected: UE4Editor-UnrealHanoiSim-527.dll
[2017.12.10-11.57.01:122][880]LogHotReload: Starting Hot-Reload from IDE
[2017.12.10-11.57.01:217][880]LogClass: Could not find existing class TowerManager in package /Script/UnrealHanoiSim for HotReload, assuming new class
[2017.12.10-11.57.01:217][880]LogClass: Function InitializeTowers is new.
[2017.12.10-11.57.01:217][880]LogClass: Could not find existing class UnrealHanoiSimGameModeBase in package /Script/UnrealHanoiSim for HotReload, assuming new class
[2017.12.10-11.57.01:217][880]LogClass: Function ChangeMenuWidget is new.
[2017.12.10-11.57.01:217][880]LogClass: Function SetCount is new.
[2017.12.10-11.57.01:222][880]LogHotReload: Re-instancing TowerManager after hot-reload.
[2017.12.10-11.57.01:283][880]LogHotReload: Re-instancing UnrealHanoiSimGameModeBase after hot-reload.
[2017.12.10-11.57.01:354][880]LogContentBrowser: Native class hierarchy updated for 'UnrealHanoiSim' in 0.0028 seconds. Added 4 classes and 2 folders.
[2017.12.10-11.57.01:357][880]Display: HotReload successful (0 functions remapped  0 scriptstructs remapped)
[2017.12.10-11.57.01:640][880]LogContentBrowser: Native class hierarchy populated in 0.0137 seconds. Added 2252 classes and 462 folders.
[2017.12.10-11.57.01:645][880]Display: HotReload took  0.5s.
[2017.12.10-11.58.55:009][563]Recompiling UnrealHanoiSim...
[2017.12.10-11.58.55:010][563]Launching UnrealBuildTool... [C:/Program Files/Epic Games/UE_4.15/Engine/Binaries/DotNET/UnrealBuildTool.exe UnrealHanoiSim -ModuleWithSuffix UnrealHanoiSim 3544 Win64 Development -editorrecompile -canskiplink "D:/School/C++2/UnrealHanoiSim/UnrealHanoiSim.uproject" ]
[2017.12.10-11.58.55:013][563]Warning: Starting HotReload took  0.0s.
[2017.12.10-11.58.57:904][908]CompilerResultsLog: New page: Compilation - Dec 9, 2017, 11:58:57 PM
[2017.12.10-11.58.57:904][908]CompilerResultsLog: Info Compiling game modules for hot reload
[2017.12.10-11.58.57:904][908]CompilerResultsLog: Info Target is up to date
[2017.12.10-11.58.57:904][908]CompilerResultsLog: Info Total build time: 2.53 seconds (NoActionsToExecute executor: 0.00 seconds)
[2017.12.10-11.58.57:904][908]LogMainFrame: MainFrame: Module compiling took 2.900 seconds
[2017.12.10-11.58.58:141][908]LogContentBrowser: Native class hierarchy populated in 0.0094 seconds. Added 2252 classes and 462 folders.
[2017.12.10-11.58.58:141][908]Display: HotReload took  3.1s.
[2017.12.10-11.58.59:349][ 50]LogEditor: Attempting to add actor of class 'TowerManager' to level at 40.00,360.00,-180.00
[2017.12.10-11.58.59:801][100]LogEditor: Attempting to add actor of class 'TowerManager' to level at 150.00,70.00,30.00
[2017.12.10-11.59.03:984][587]LogEditorActor: Deleted Actor: TowerManager
[2017.12.10-11.59.04:035][587]LogEditorActor: Deleted 1 Actors (0.051 secs)
[2017.12.10-11.59.30:325][823]LogSavePackage: Save=108.19ms
[2017.12.10-11.59.30:325][823]LogSavePackage: Moving 'D:/School/C++2/UnrealHanoiSim/Saved/Minimal_Default_Auto45754357B452ACAD84D4D7DB39E094347.tmp' to 'D:/School/C++2/UnrealHanoiSim/Saved/Autosaves/Game/StarterContent/Maps/Minimal_Default_Auto4.umap'
[2017.12.10-11.59.30:327][823]LogSavePackage:Display: Finished SavePackage D:/School/C++2/UnrealHanoiSim/Saved/Autosaves/Game/StarterContent/Maps/Minimal_Default_Auto4.umap
[2017.12.10-11.59.30:331][823]LogFileHelpers: Editor autosave (incl. sublevels) for '/Game/StarterContent/Maps/Minimal_Default' took 0.149
[2017.12.10-11.59.30:331][823]LogFileHelpers: Editor autosave (incl. sublevels) for all levels took 0.149
[2017.12.10-12.04.04:498][686]LogHotReload: New module detected: UE4Editor-UnrealHanoiSim-2502.dll
[2017.12.10-12.04.05:179][689]LogHotReload: Starting Hot-Reload from IDE
[2017.12.10-12.04.05:268][689]LogClass: Could not find existing class TowerManager in package /Script/UnrealHanoiSim for HotReload, assuming new class
[2017.12.10-12.04.05:268][689]LogClass: Function InitializeTowers is new.
[2017.12.10-12.04.05:272][689]LogHotReload: Re-instancing TowerManager after hot-reload.
[2017.12.10-12.04.05:332][689]LogContentBrowser: Native class hierarchy updated for 'UnrealHanoiSim' in 0.0024 seconds. Added 4 classes and 2 folders.
[2017.12.10-12.04.05:334][689]Display: HotReload successful (2 functions remapped  0 scriptstructs remapped)
[2017.12.10-12.04.05:618][689]LogContentBrowser: Native class hierarchy populated in 0.0148 seconds. Added 2252 classes and 462 folders.
[2017.12.10-12.04.05:624][689]Display: HotReload took  0.4s.
[2017.12.10-12.19.52:920][936]LogRenderer: Reallocating scene render targets to support 1528x1260 NumSamples 1 (Frame:803).
[2017.12.10-12.20.55:864][221]LogEditorActor: Deleted Actor: Disk_BP_C
[2017.12.10-12.20.55:936][221]LogEditorActor: Deleted 1 Actors (0.073 secs)
[2017.12.10-12.21.23:639][513]LogSavePackage: Save=115.20ms
[2017.12.10-12.21.23:639][513]LogSavePackage: Moving 'D:/School/C++2/UnrealHanoiSim/Saved/Minimal_Default_Auto57A056D7B424506D97671529777FD96C2.tmp' to 'D:/School/C++2/UnrealHanoiSim/Saved/Autosaves/Game/StarterContent/Maps/Minimal_Default_Auto5.umap'
[2017.12.10-12.21.23:640][513]LogSavePackage:Display: Finished SavePackage D:/School/C++2/UnrealHanoiSim/Saved/Autosaves/Game/StarterContent/Maps/Minimal_Default_Auto5.umap
[2017.12.10-12.21.23:642][513]LogFileHelpers: Editor autosave (incl. sublevels) for '/Game/StarterContent/Maps/Minimal_Default' took 0.161
[2017.12.10-12.21.23:642][513]LogFileHelpers: Editor autosave (incl. sublevels) for all levels took 0.161
[2017.12.10-12.21.23:643][513]OBJ SavePackage: Generating thumbnails for [1] asset(s) in package [/Game/Disk_BP] ([1] browsable assets)...
[2017.12.10-12.21.23:659][513]OBJ SavePackage:     Rendered thumbnail for [Blueprint /Game/Disk_BP.Disk_BP]
[2017.12.10-12.21.23:659][513]OBJ SavePackage: Finished generating thumbnails for package [/Game/Disk_BP]
[2017.12.10-12.21.23:659][513]Cmd: OBJ SAVEPACKAGE PACKAGE="/Game/Disk_BP" FILE="D:/School/C++2/UnrealHanoiSim/Saved/Autosaves/Game/Disk_BP_Auto5.uasset" SILENT=false AUTOSAVING=true
[2017.12.10-12.21.23:675][513]LogSavePackage: Save=15.47ms
[2017.12.10-12.21.23:675][513]LogSavePackage: Moving 'D:/School/C++2/UnrealHanoiSim/Saved/Disk_BP_Auto5A0F9D9984E5E0273182F558B6BB26E8F.tmp' to 'D:/School/C++2/UnrealHanoiSim/Saved/Autosaves/Game/Disk_BP_Auto5.uasset'
[2017.12.10-12.21.23:676][513]LogSavePackage:Display: Finished SavePackage D:/School/C++2/UnrealHanoiSim/Saved/Autosaves/Game/Disk_BP_Auto5.uasset
[2017.12.10-12.21.23:676][513]LogFileHelpers: Auto-saving content packages took 0.034
[2017.12.10-12.31.24:476][382]LogSavePackage: Save=101.35ms
[2017.12.10-12.31.24:476][382]LogSavePackage: Moving 'D:/School/C++2/UnrealHanoiSim/Saved/Minimal_Default_Auto6539E00B54A0340A50BFA6396B94B66B4.tmp' to 'D:/School/C++2/UnrealHanoiSim/Saved/Autosaves/Game/StarterContent/Maps/Minimal_Default_Auto6.umap'
[2017.12.10-12.31.24:477][382]LogSavePackage:Display: Finished SavePackage D:/School/C++2/UnrealHanoiSim/Saved/Autosaves/Game/StarterContent/Maps/Minimal_Default_Auto6.umap
[2017.12.10-12.31.24:479][382]LogFileHelpers: Editor autosave (incl. sublevels) for '/Game/StarterContent/Maps/Minimal_Default' took 0.125
[2017.12.10-12.31.24:479][382]LogFileHelpers: Editor autosave (incl. sublevels) for all levels took 0.125
[2017.12.10-12.45.45:979][967]LogHotReload: New module detected: UE4Editor-UnrealHanoiSim-5488.dll
[2017.12.10-12.45.46:661][970]LogHotReload: Starting Hot-Reload from IDE
[2017.12.10-12.45.46:764][970]LogClass: Could not find existing class TowerManager in package /Script/UnrealHanoiSim for HotReload, assuming new class
[2017.12.10-12.45.46:764][970]LogClass: Function InitializeTowers is new.
[2017.12.10-12.45.46:770][970]LogHotReload: Re-instancing TowerManager after hot-reload.
[2017.12.10-12.45.46:831][970]LogContentBrowser: Native class hierarchy updated for 'UnrealHanoiSim' in 0.0029 seconds. Added 4 classes and 2 folders.
[2017.12.10-12.45.46:834][970]Display: HotReload successful (2 functions remapped  0 scriptstructs remapped)
[2017.12.10-12.45.47:112][970]LogContentBrowser: Native class hierarchy populated in 0.0145 seconds. Added 2252 classes and 462 folders.
[2017.12.10-12.45.47:117][970]Display: HotReload took  0.5s.
[2017.12.10-12.47.57:198][ 76]LogSavePackage: Save=131.84ms
[2017.12.10-12.47.57:198][ 76]LogSavePackage: Moving 'D:/School/C++2/UnrealHanoiSim/Saved/Minimal_Default_Auto70BC55D844793957FD513579BC1BCE13F.tmp' to 'D:/School/C++2/UnrealHanoiSim/Saved/Autosaves/Game/StarterContent/Maps/Minimal_Default_Auto7.umap'
[2017.12.10-12.47.57:200][ 76]LogSavePackage:Display: Finished SavePackage D:/School/C++2/UnrealHanoiSim/Saved/Autosaves/Game/StarterContent/Maps/Minimal_Default_Auto7.umap
[2017.12.10-12.47.57:203][ 76]LogFileHelpers: Editor autosave (incl. sublevels) for '/Game/StarterContent/Maps/Minimal_Default' took 0.217
[2017.12.10-12.47.57:203][ 76]LogFileHelpers: Editor autosave (incl. sublevels) for all levels took 0.217
[2017.12.10-12.57.57:808][602]LogSavePackage: Save=103.43ms
[2017.12.10-12.57.57:808][602]LogSavePackage: Moving 'D:/School/C++2/UnrealHanoiSim/Saved/Minimal_Default_Auto8E295CDE64174DC9F006440819D9C702C.tmp' to 'D:/School/C++2/UnrealHanoiSim/Saved/Autosaves/Game/StarterContent/Maps/Minimal_Default_Auto8.umap'
[2017.12.10-12.57.57:810][602]LogSavePackage:Display: Finished SavePackage D:/School/C++2/UnrealHanoiSim/Saved/Autosaves/Game/StarterContent/Maps/Minimal_Default_Auto8.umap
[2017.12.10-12.57.57:812][602]LogFileHelpers: Editor autosave (incl. sublevels) for '/Game/StarterContent/Maps/Minimal_Default' took 0.150
[2017.12.10-12.57.57:812][602]LogFileHelpers: Editor autosave (incl. sublevels) for all levels took 0.150
[2017.12.10-13.15.35:167][774]LogHotReload: New module detected: UE4Editor-UnrealHanoiSim-5539.dll
[2017.12.10-13.15.35:861][777]LogHotReload: Starting Hot-Reload from IDE
[2017.12.10-13.15.35:949][777]LogClass: Could not find existing class Tower in package /Script/UnrealHanoiSim for HotReload, assuming new class
[2017.12.10-13.15.35:954][777]LogHotReload: Re-instancing Tower after hot-reload.
[2017.12.10-13.15.36:008][777]LogHotReload: Re-instancing TowerManager after hot-reload.
[2017.12.10-13.15.36:070][777]LogContentBrowser: Native class hierarchy updated for 'UnrealHanoiSim' in 0.0024 seconds. Added 4 classes and 2 folders.
[2017.12.10-13.15.36:072][777]Display: HotReload successful (3 functions remapped  0 scriptstructs remapped)
[2017.12.10-13.15.36:302][777]LogContentBrowser: Native class hierarchy populated in 0.0101 seconds. Added 2252 classes and 462 folders.
[2017.12.10-13.15.36:307][777]Display: HotReload took  0.4s.
[2017.12.10-13.17.20:981][ 91]LogHotReload: New module detected: UE4Editor-UnrealHanoiSim-9593.dll
[2017.12.10-13.17.21:672][ 94]LogHotReload: Starting Hot-Reload from IDE
[2017.12.10-13.17.21:790][ 94]LogClass: Could not find existing class Tower in package /Script/UnrealHanoiSim for HotReload, assuming new class
[2017.12.10-13.17.21:795][ 94]LogHotReload: Re-instancing Tower after hot-reload.
[2017.12.10-13.17.21:855][ 94]LogContentBrowser: Native class hierarchy updated for 'UnrealHanoiSim' in 0.0023 seconds. Added 4 classes and 2 folders.
[2017.12.10-13.17.21:857][ 94]Display: HotReload successful (3 functions remapped  0 scriptstructs remapped)
[2017.12.10-13.17.22:102][ 94]LogContentBrowser: Native class hierarchy populated in 0.0132 seconds. Added 2252 classes and 462 folders.
[2017.12.10-13.17.22:108][ 94]Display: HotReload took  0.4s.
[2017.12.10-13.20.23:783][639]LogHotReload: New module detected: UE4Editor-UnrealHanoiSim-7818.dll
[2017.12.10-13.20.24:464][642]LogHotReload: Starting Hot-Reload from IDE
[2017.12.10-13.20.24:634][642]LogContentBrowser: Native class hierarchy updated for 'UnrealHanoiSim' in 0.0023 seconds. Added 4 classes and 2 folders.
[2017.12.10-13.20.24:636][642]Display: HotReload successful (3 functions remapped  0 scriptstructs remapped)
[2017.12.10-13.20.24:887][642]LogContentBrowser: Native class hierarchy populated in 0.0114 seconds. Added 2252 classes and 462 folders.
[2017.12.10-13.20.24:892][642]Display: HotReload took  0.4s.
[2017.12.10-13.20.29:666][820]Recompiling UnrealHanoiSim...
[2017.12.10-13.20.29:666][820]Launching UnrealBuildTool... [C:/Program Files/Epic Games/UE_4.15/Engine/Binaries/DotNET/UnrealBuildTool.exe UnrealHanoiSim -ModuleWithSuffix UnrealHanoiSim 6378 Win64 Development -editorrecompile -canskiplink "D:/School/C++2/UnrealHanoiSim/UnrealHanoiSim.uproject" ]
[2017.12.10-13.20.29:670][820]Warning: Starting HotReload took  0.0s.
[2017.12.10-13.20.32:388][125]CompilerResultsLog: New page: Compilation - Dec 10, 2017, 1:20:32 AM
[2017.12.10-13.20.32:388][125]CompilerResultsLog: Info Compiling game modules for hot reload
[2017.12.10-13.20.32:388][125]CompilerResultsLog: Info Target is up to date
[2017.12.10-13.20.32:388][125]CompilerResultsLog: Info Total build time: 2.37 seconds (NoActionsToExecute executor: 0.00 seconds)
[2017.12.10-13.20.32:388][125]LogMainFrame: MainFrame: Module compiling took 2.726 seconds
[2017.12.10-13.20.32:651][125]LogContentBrowser: Native class hierarchy populated in 0.0105 seconds. Added 2252 classes and 462 folders.
[2017.12.10-13.20.32:651][125]Display: HotReload took  3.0s.
[2017.12.10-13.36.43:801][101]LogHotReload: New module detected: UE4Editor-UnrealHanoiSim-2707.dll
[2017.12.10-13.36.44:484][104]LogHotReload: Starting Hot-Reload from IDE
[2017.12.10-13.36.44:625][104]LogClass: Could not find existing class TowerManager in package /Script/UnrealHanoiSim for HotReload, assuming new class
[2017.12.10-13.36.44:625][104]LogClass: Function InitializeTowers is new.
[2017.12.10-13.36.44:625][104]LogClass: Could not find existing class UnrealHanoiSimGameModeBase in package /Script/UnrealHanoiSim for HotReload, assuming new class
[2017.12.10-13.36.44:625][104]LogClass: Function ChangeMenuWidget is new.
[2017.12.10-13.36.44:625][104]LogClass: Function SetCount is new.
[2017.12.10-13.36.44:629][104]LogHotReload: Re-instancing TowerManager after hot-reload.
[2017.12.10-13.36.44:700][104]LogHotReload: Re-instancing UnrealHanoiSimGameModeBase after hot-reload.
[2017.12.10-13.36.44:767][104]LogContentBrowser: Native class hierarchy updated for 'UnrealHanoiSim' in 0.0026 seconds. Added 4 classes and 2 folders.
[2017.12.10-13.36.44:769][104]Display: HotReload successful (0 functions remapped  0 scriptstructs remapped)
[2017.12.10-13.36.45:019][104]LogContentBrowser: Native class hierarchy populated in 0.0103 seconds. Added 2252 classes and 462 folders.
[2017.12.10-13.36.45:024][104]Display: HotReload took  0.5s.
[2017.12.10-14.28.44:183][855]Cmd: OBJ SAVEPACKAGE PACKAGE="/Game/StarterContent/Maps/Minimal_Default" FILE="D:/School/C++2/UnrealHanoiSim/Content/StarterContent/Maps/Minimal_Default.umap" SILENT=true AUTOSAVING=false KEEPDIRTY=false
[2017.12.10-14.28.44:547][855]LogSavePackage: Save=146.43ms
[2017.12.10-14.28.44:547][855]LogSavePackage: Moving 'D:/School/C++2/UnrealHanoiSim/Saved/Minimal_DefaultA73879734C75687C06CF949EF0BCE2AD.tmp' to 'D:/School/C++2/UnrealHanoiSim/Content/StarterContent/Maps/Minimal_Default.umap'
[2017.12.10-14.28.44:551][855]LogSavePackage:Display: Finished SavePackage D:/School/C++2/UnrealHanoiSim/Content/StarterContent/Maps/Minimal_Default.umap
[2017.12.10-14.28.44:571][855]Cmd: OBJ SAVEPACKAGE PACKAGE="/Game/StarterContent/Maps/Minimal_Default_BuiltData" FILE="D:/School/C++2/UnrealHanoiSim/Content/StarterContent/Maps/Minimal_Default_BuiltData.uasset" SILENT=true
[2017.12.10-14.28.44:619][855]LogSavePackage: Save=39.34ms
[2017.12.10-14.28.44:619][855]LogSavePackage: Moving 'D:/School/C++2/UnrealHanoiSim/Saved/Minimal_Default_BuiltData4FD84A4442074BEFF93E8A88F0361224.tmp' to 'D:/School/C++2/UnrealHanoiSim/Content/StarterContent/Maps/Minimal_Default_BuiltData.uasset'
[2017.12.10-14.28.44:620][855]LogSavePackage:Display: Finished SavePackage D:/School/C++2/UnrealHanoiSim/Content/StarterContent/Maps/Minimal_Default_BuiltData.uasset
[2017.12.10-14.28.45:929][  4]MapCheck: New page: Map Check
[2017.12.10-14.28.45:944][  4]Cmd: MAP REBUILD ALLVISIBLE
[2017.12.10-14.28.45:944][  4]LogEditorServer: Rebuildmap Clear paths rebuilt
[2017.12.10-14.28.46:075][  4]LogMaterial: Missing cached shader map for material FDebugViewModeMaterialProxy WorldGridMaterial, compiling. Is special engine material.
[2017.12.10-14.28.46:079][  4]LogTemp:Display: Added material ShaderMap 0x0000012B6191B900 with Material 0x0000012B6041FD00 to ShaderMapsBeingCompiled
[2017.12.10-14.28.46:083][  4]LogTemp:Display: Kicking off shader compilation for FDebugViewModeMaterialProxy WorldGridMaterial, GameThreadShaderMap 0x0000012B6191B900
[2017.12.10-14.28.46:085][  4]LogMaterial: Missing cached shader map for material FDebugViewModeMaterialProxy M_Metal_Brushed_Nickel, compiling. 
[2017.12.10-14.28.46:086][  4]LogTemp:Display: Added material ShaderMap 0x0000012B6191B200 with Material 0x0000012B6041F400 to ShaderMapsBeingCompiled
[2017.12.10-14.28.46:088][  4]LogTemp:Display: Kicking off shader compilation for FDebugViewModeMaterialProxy M_Metal_Brushed_Nickel, GameThreadShaderMap 0x0000012B6191B200
[2017.12.10-14.28.46:090][  4]LogMaterial: Missing cached shader map for material FDebugViewModeMaterialProxy M_TableRound, compiling. 
[2017.12.10-14.28.46:091][  4]LogTemp:Display: Added material ShaderMap 0x0000012B6191A400 with Material 0x0000012B6041EE00 to ShaderMapsBeingCompiled
[2017.12.10-14.28.46:092][  4]LogTemp:Display: Kicking off shader compilation for FDebugViewModeMaterialProxy M_TableRound, GameThreadShaderMap 0x0000012B6191A400
[2017.12.10-14.28.46:095][  4]LogMaterial: Missing cached shader map for material FDebugViewModeMaterialProxy M_Chair, compiling. 
[2017.12.10-14.28.46:096][  4]LogTemp:Display: Added material ShaderMap 0x0000012B61919980 with Material 0x0000012B687DFA00 to ShaderMapsBeingCompiled
[2017.12.10-14.28.46:097][  4]LogTemp:Display: Kicking off shader compilation for FDebugViewModeMaterialProxy M_Chair, GameThreadShaderMap 0x0000012B61919980
[2017.12.10-14.28.46:100][  4]LogMaterial: Missing cached shader map for material FDebugViewModeMaterialProxy M_Metal_Copper, compiling. 
[2017.12.10-14.28.46:101][  4]LogTemp:Display: Added material ShaderMap 0x0000012B61918F00 with Material 0x0000012B687DF400 to ShaderMapsBeingCompiled
[2017.12.10-14.28.46:102][  4]LogTemp:Display: Kicking off shader compilation for FDebugViewModeMaterialProxy M_Metal_Copper, GameThreadShaderMap 0x0000012B61918F00
[2017.12.10-14.28.46:107][  4]LogMaterial: Missing cached shader map for material FDebugViewModeMaterialProxy M_StatueGlass, compiling. 
[2017.12.10-14.28.46:108][  4]LogTemp:Display: Added material ShaderMap 0x0000012B3A7E6780 with Material 0x0000012B687DDC00 to ShaderMapsBeingCompiled
[2017.12.10-14.28.46:112][  4]LogTemp:Display: Kicking off shader compilation for FDebugViewModeMaterialProxy M_StatueGlass, GameThreadShaderMap 0x0000012B3A7E6780
[2017.12.10-14.28.46:115][  4]LogMaterial: Missing cached shader map for material FDebugViewModeMaterialProxy M_Metal_Burnished_Steel, compiling. 
[2017.12.10-14.28.46:116][  4]LogTemp:Display: Added material ShaderMap 0x0000012B3A7E7200 with Material 0x0000012B687DE200 to ShaderMapsBeingCompiled
[2017.12.10-14.28.46:118][  4]LogTemp:Display: Kicking off shader compilation for FDebugViewModeMaterialProxy M_Metal_Burnished_Steel, GameThreadShaderMap 0x0000012B3A7E7200
[2017.12.10-14.28.46:120][  4]LogMaterial: Missing cached shader map for material FDebugViewModeMaterialProxy MaterialInstanceDynamic_1, compiling. 
[2017.12.10-14.28.46:122][  4]LogTemp:Display: Added material ShaderMap 0x0000012B3A7E6400 with Material 0x0000012B687DDF00 to ShaderMapsBeingCompiled
[2017.12.10-14.28.46:123][  4]LogTemp:Display: Kicking off shader compilation for FDebugViewModeMaterialProxy MaterialInstanceDynamic_1, GameThreadShaderMap 0x0000012B3A7E6400
[2017.12.10-14.28.46:127][  4]LogMaterial: Missing cached shader map for material FDebugViewModeMaterialProxy M_AssetPlatform, compiling. 
[2017.12.10-14.28.46:128][  4]LogTemp:Display: Added material ShaderMap 0x0000012B3A7E4F00 with Material 0x0000012B687DE500 to ShaderMapsBeingCompiled
[2017.12.10-14.28.46:130][  4]LogTemp:Display: Kicking off shader compilation for FDebugViewModeMaterialProxy M_AssetPlatform, GameThreadShaderMap 0x0000012B3A7E4F00
[2017.12.10-14.28.46:675][  4]LogTemp:Display: Finished compile of shader map 0x0000012B6191B200
[2017.12.10-14.28.46:675][  4]LogTemp:Display: Shader map FDebugViewModeMaterialProxy M_Metal_Brushed_Nickel complete, GameThreadShaderMap 0x0000012B6191B200, marking material FDebugViewModeMaterialProxy M_Metal_Brushed_Nickel as finished
[2017.12.10-14.28.46:675][  4]LogTemp:Display: Marking material as finished 0x0000012B6041F400
[2017.12.10-14.28.46:677][  4]LogTemp:Display: Finished compile of shader map 0x0000012B6191A400
[2017.12.10-14.28.46:677][  4]LogTemp:Display: Shader map FDebugViewModeMaterialProxy M_TableRound complete, GameThreadShaderMap 0x0000012B6191A400, marking material FDebugViewModeMaterialProxy M_TableRound as finished
[2017.12.10-14.28.46:677][  4]LogTemp:Display: Marking material as finished 0x0000012B6041EE00
[2017.12.10-14.28.46:679][  4]LogTemp:Display: Finished compile of shader map 0x0000012B3A7E6780
[2017.12.10-14.28.46:679][  4]LogTemp:Display: Shader map FDebugViewModeMaterialProxy M_StatueGlass complete, GameThreadShaderMap 0x0000012B3A7E6780, marking material FDebugViewModeMaterialProxy M_StatueGlass as finished
[2017.12.10-14.28.46:679][  4]LogTemp:Display: Marking material as finished 0x0000012B687DDC00
[2017.12.10-14.28.46:703][  4]LogTemp:Display: Finished compile of shader map 0x0000012B61919980
[2017.12.10-14.28.46:703][  4]LogTemp:Display: Shader map FDebugViewModeMaterialProxy M_Chair complete, GameThreadShaderMap 0x0000012B61919980, marking material FDebugViewModeMaterialProxy M_Chair as finished
[2017.12.10-14.28.46:703][  4]LogTemp:Display: Marking material as finished 0x0000012B687DFA00
[2017.12.10-14.28.46:705][  4]LogTemp:Display: Finished compile of shader map 0x0000012B6191B900
[2017.12.10-14.28.46:705][  4]LogTemp:Display: Shader map FDebugViewModeMaterialProxy WorldGridMaterial complete, GameThreadShaderMap 0x0000012B6191B900, marking material FDebugViewModeMaterialProxy WorldGridMaterial as finished
[2017.12.10-14.28.46:705][  4]LogTemp:Display: Marking material as finished 0x0000012B6041FD00
[2017.12.10-14.28.46:732][  4]LogTemp:Display: Finished compile of shader map 0x0000012B3A7E6400
[2017.12.10-14.28.46:732][  4]LogTemp:Display: Shader map FDebugViewModeMaterialProxy MaterialInstanceDynamic_1 complete, GameThreadShaderMap 0x0000012B3A7E6400, marking material FDebugViewModeMaterialProxy MaterialInstanceDynamic_1 as finished
[2017.12.10-14.28.46:732][  4]LogTemp:Display: Marking material as finished 0x0000012B687DDF00
[2017.12.10-14.28.46:734][  4]LogTemp:Display: Finished compile of shader map 0x0000012B61918F00
[2017.12.10-14.28.46:734][  4]LogTemp:Display: Shader map FDebugViewModeMaterialProxy M_Metal_Copper complete, GameThreadShaderMap 0x0000012B61918F00, marking material FDebugViewModeMaterialProxy M_Metal_Copper as finished
[2017.12.10-14.28.46:734][  4]LogTemp:Display: Marking material as finished 0x0000012B687DF400
[2017.12.10-14.28.46:752][  4]LogTemp:Display: Finished compile of shader map 0x0000012B3A7E7200
[2017.12.10-14.28.46:752][  4]LogTemp:Display: Shader map FDebugViewModeMaterialProxy M_Metal_Burnished_Steel complete, GameThreadShaderMap 0x0000012B3A7E7200, marking material FDebugViewModeMaterialProxy M_Metal_Burnished_Steel as finished
[2017.12.10-14.28.46:752][  4]LogTemp:Display: Marking material as finished 0x0000012B687DE200
[2017.12.10-14.28.46:764][  4]LogTemp:Display: Finished compile of shader map 0x0000012B3A7E4F00
[2017.12.10-14.28.46:764][  4]LogTemp:Display: Shader map FDebugViewModeMaterialProxy M_AssetPlatform complete, GameThreadShaderMap 0x0000012B3A7E4F00, marking material FDebugViewModeMaterialProxy M_AssetPlatform as finished
[2017.12.10-14.28.46:764][  4]LogTemp:Display: Marking material as finished 0x0000012B687DE500
[2017.12.10-14.28.46:766][  4]TextureStreamingBuild:Display: Compiling optional shaders took 0.700 seconds.
[2017.12.10-14.28.46:777][  4]LogLevel:Display: Export Material TexCoord Scales took 0.011 seconds.
[2017.12.10-14.28.46:783][  4]TextureStreamingBuild:Display: Build Texture Streaming took 0.006 seconds.
[2017.12.10-14.28.46:794][  4]LightingResults: New page: Lighting Build - Dec 10, 2017, 2:28:46 AM
[2017.12.10-14.28.46:855][  4]LogSwarmInterface: [OpenConnection] Registering TCP channel ...
[2017.12.10-14.28.47:027][  4]LogSwarmInterface: [OpenConnection] Connecting to agent ...
[2017.12.10-14.28.47:050][  4]LogSwarmInterface: [TryOpenConnection] Testing the Agent
[2017.12.10-14.28.48:072][  4]LogSwarmInterface: [TryOpenConnection] Opening Connection to Agent
[2017.12.10-14.28.48:072][  4]LogSwarmInterface: [TryOpenConnection] Local Process ID is 1512
[2017.12.10-14.28.50:959][  4]LogStaticLightingSystem:Warning: No importance volume found, so the scene bounding box was used.  You can optimize your scene's quality and lighting build times by adding importance volumes.
[2017.12.10-14.28.50:959][  4]LogStaticLightingSystem: Running Lightmass w/ ImmediateImport mode ENABLED
[2017.12.10-14.28.50:959][  4]LogStaticLightingSystem: Running Lightmass w/ ImmediateProcess mode ENABLED
[2017.12.10-14.28.50:960][  4]LogStaticLightingSystem: Running Lightmass w/ Sorting mode ENABLED
[2017.12.10-14.28.50:960][  4]LogStaticLightingSystem: Running Lightmass w/ Mapping paddings ENABLED
[2017.12.10-14.28.50:960][  4]LogStaticLightingSystem: Running Lightmass w/ Mapping debug paddings DISABLED
[2017.12.10-14.28.51:220][  4]Cmd: MAP CHECK DONTDISPLAYDIALOG
[2017.12.10-14.28.51:220][  4]MapCheck: New page: Minimal_Default - Dec 10, 2017, 2:28:51 AM
[2017.12.10-14.28.51:305][  4]MapCheck: Info Map check complete: 0 Error(s), 0 Warning(s), took 85.093ms to complete.
[2017.12.10-14.28.51:327][  4]LogEditorBuildUtils: Build time 0:05
[2017.12.10-14.28.54:687][135]Job is a success!
[2017.12.10-14.28.54:856][136]LogTexture:Display: Building textures: SkyOcclusion1_1 (AutoDXT, 512X256) - 130 MB total VRAM
[2017.12.10-14.28.54:856][136]LogTexture:Display: Building textures: HQ_Lightmap1_1 (AutoDXT, 512X512) - 130 MB total VRAM
[2017.12.10-14.28.54:856][136]LogTexture:Display: Building textures: HQ_Lightmap1_2 (AutoDXT, 64X64) - 130 MB total VRAM
[2017.12.10-14.28.54:856][136]LogTexture:Display: Building textures: LQ_Lightmap_1_1 (DXT1, 512X512) - 130 MB total VRAM
[2017.12.10-14.28.54:856][136]LogTexture:Display: Building textures: SkyOcclusion1_2 (AutoDXT, 64X32) - 130 MB total VRAM
[2017.12.10-14.28.54:856][136]LogTexture:Display: Building textures: LQ_Lightmap_1_2 (DXT1, 64X64) - 130 MB total VRAM
[2017.12.10-14.28.54:856][136]LogTexture:Display: Building textures: ShadowMapTexture2D_3 (G8, 32X32) - 130 MB total VRAM
[2017.12.10-14.28.54:856][136]LogTexture:Display: Building textures: ShadowMapTexture2D_2 (G8, 1024X128) - 130 MB total VRAM
[2017.12.10-14.28.54:877][136]Lightmass on DESKTOP-B7QLANU: 1.35 sec total, 155 ms importing, 11 ms setup, 480 ms photons, 652 ms processing, 0 ms extra exporting [7/7 mappings]. Threads: 6.70 sec total, 1.42 sec processing.
[2017.12.10-14.28.54:899][136]LogStaticLightingSystem: Illumination: 8.08 sec (76 ms encoding lightmaps, 33 ms encoding shadowmaps)
[2017.12.10-14.28.54:899][136]LogStaticLightingSystem: Lightmap texture memory:  0.7 MB (0.7 MB streaming, 0.0 MB non-streaming), 4 textures
[2017.12.10-14.28.54:899][136]LogStaticLightingSystem: Shadowmap texture memory: 0.2 MB (0.2 MB streaming, 0.0 MB non-streaming), 2 textures
[2017.12.10-14.28.54:974][136]DumpUnbuiltLightIteractions
[2017.12.10-14.28.54:974][136]Lights with unbuilt interactions: 0
[2017.12.10-14.28.54:974][136]
[2017.12.10-14.28.54:974][136]Primitives with unbuilt interactions: 0
[2017.12.10-14.28.55:065][137]Cmd: MAP CHECK NOTIFYRESULTS
[2017.12.10-14.28.55:065][137]MapCheck: New page: Minimal_Default - Dec 10, 2017, 2:28:55 AM
[2017.12.10-14.28.55:141][137]MapCheck: Info Map check complete: 0 Error(s), 0 Warning(s), took 76.295ms to complete.
[2017.12.10-14.28.59:496][653]Recompiling UnrealHanoiSim...
[2017.12.10-14.28.59:496][653]Launching UnrealBuildTool... [C:/Program Files/Epic Games/UE_4.15/Engine/Binaries/DotNET/UnrealBuildTool.exe UnrealHanoiSim -ModuleWithSuffix UnrealHanoiSim 5574 Win64 Development -editorrecompile -canskiplink "D:/School/C++2/UnrealHanoiSim/UnrealHanoiSim.uproject" ]
[2017.12.10-14.28.59:500][653]Warning: Starting HotReload took  0.0s.
[2017.12.10-14.29.05:997][409]CompilerResultsLog: New page: Compilation - Dec 10, 2017, 2:29:05 AM
[2017.12.10-14.29.05:997][409]CompilerResultsLog: Info Compiling game modules for hot reload
[2017.12.10-14.29.05:997][409]CompilerResultsLog: Info Parsing headers for UnrealHanoiSimEditor
[2017.12.10-14.29.05:997][409]CompilerResultsLog: Info   Running UnrealHeaderTool "D:\School\C++2\UnrealHanoiSim\UnrealHanoiSim.uproject" "D:\School\C++2\UnrealHanoiSim\Intermediate\Build\Win64\UnrealHanoiSimEditor\Development\UnrealHanoiSimEditor.uhtmanifest" -LogCmds="loginit warning, logexit warning, logdatabase error" -Unattended -WarningsAsErrors -installed
[2017.12.10-14.29.05:997][409]CompilerResultsLog:Error: Error D:/School/C++2/UnrealHanoiSim/Source/UnrealHanoiSim/UnrealHanoiSimGameModeBase.h(40)  : Error: Found 'int32' - explicit allocators are not supported in TArray properties.
[2017.12.10-14.29.05:997][409]CompilerResultsLog: Info Error: UnrealHeaderTool failed for target 'UnrealHanoiSimEditor' (platform: Win64, module info: D:\School\C++2\UnrealHanoiSim\Intermediate\Build\Win64\UnrealHanoiSimEditor\Development\UnrealHanoiSimEditor.uhtmanifest, exit code: OtherCompilationError (5)).
[2017.12.10-14.29.05:997][409]LogMainFrame: MainFrame: Module compiling took 6.506 seconds
[2017.12.10-14.29.05:997][409]Warning: HotReload failed, recompile failed
[2017.12.10-14.30.24:600][332]Recompiling UnrealHanoiSim...
[2017.12.10-14.30.24:601][332]Launching UnrealBuildTool... [C:/Program Files/Epic Games/UE_4.15/Engine/Binaries/DotNET/UnrealBuildTool.exe UnrealHanoiSim -ModuleWithSuffix UnrealHanoiSim 2516 Win64 Development -editorrecompile -canskiplink "D:/School/C++2/UnrealHanoiSim/UnrealHanoiSim.uproject" ]
[2017.12.10-14.30.24:604][332]Warning: Starting HotReload took  0.0s.
[2017.12.10-14.30.27:492][665]CompilerResultsLog: New page: Compilation - Dec 10, 2017, 2:30:27 AM
[2017.12.10-14.30.27:493][665]CompilerResultsLog: Info Compiling game modules for hot reload
[2017.12.10-14.30.27:493][665]CompilerResultsLog: Info Target is up to date
[2017.12.10-14.30.27:493][665]CompilerResultsLog: Info Total build time: 2.49 seconds (NoActionsToExecute executor: 0.00 seconds)
[2017.12.10-14.30.27:493][665]LogMainFrame: MainFrame: Module compiling took 2.897 seconds
[2017.12.10-14.30.27:747][665]LogContentBrowser: Native class hierarchy populated in 0.0109 seconds. Added 2252 classes and 462 folders.
[2017.12.10-14.30.27:747][665]Display: HotReload took  3.2s.
[2017.12.10-14.38.46:748][681]LogSavePackage: Save=188.10ms
[2017.12.10-14.38.46:748][681]LogSavePackage: Moving 'D:/School/C++2/UnrealHanoiSim/Saved/Minimal_Default_Auto9910CF5534FC162C10B153A95117E6020.tmp' to 'D:/School/C++2/UnrealHanoiSim/Saved/Autosaves/Game/StarterContent/Maps/Minimal_Default_Auto9.umap'
[2017.12.10-14.38.46:749][681]LogSavePackage:Display: Finished SavePackage D:/School/C++2/UnrealHanoiSim/Saved/Autosaves/Game/StarterContent/Maps/Minimal_Default_Auto9.umap
[2017.12.10-14.38.46:751][681]LogFileHelpers: Editor autosave (incl. sublevels) for '/Game/StarterContent/Maps/Minimal_Default' took 0.271
[2017.12.10-14.38.46:751][681]LogFileHelpers: Editor autosave (incl. sublevels) for all levels took 0.271
[2017.12.10-14.38.46:754][681]OBJ SavePackage: Generating thumbnails for [0] asset(s) in package [/Game/StarterContent/Maps/Minimal_Default_BuiltData] ([1] browsable assets)...
[2017.12.10-14.38.46:754][681]OBJ SavePackage: Finished generating thumbnails for package [/Game/StarterContent/Maps/Minimal_Default_BuiltData]
[2017.12.10-14.38.46:776][681]LogSavePackage: Save=11.30ms
[2017.12.10-14.38.46:776][681]LogSavePackage: Moving 'D:/School/C++2/UnrealHanoiSim/Saved/Minimal_Default_BuiltData_Auto90102348344E0A5C1F1C6EA8277B88FA5.tmp' to 'D:/School/C++2/UnrealHanoiSim/Saved/Autosaves/Game/StarterContent/Maps/Minimal_Default_BuiltData_Auto9.uasset'
[2017.12.10-14.38.46:778][681]LogSavePackage:Display: Finished SavePackage D:/School/C++2/UnrealHanoiSim/Saved/Autosaves/Game/StarterContent/Maps/Minimal_Default_BuiltData_Auto9.uasset
[2017.12.10-14.38.46:778][681]LogFileHelpers: Auto-saving content packages took 0.025
[2017.12.10-14.58.20:196][201]LogHotReload: New module detected: UE4Editor-UnrealHanoiSim-94.dll
[2017.12.10-14.58.20:880][204]LogHotReload: Starting Hot-Reload from IDE
[2017.12.10-14.58.21:017][204]LogClass: Could not find existing class UnrealHanoiSimGameModeBase in package /Script/UnrealHanoiSim for HotReload, assuming new class
[2017.12.10-14.58.21:017][204]LogClass: Function ChangeMenuWidget is new.
[2017.12.10-14.58.21:017][204]LogClass: Function EnqueueHanoiMove is new.
[2017.12.10-14.58.21:017][204]LogClass: Function SetCount is new.
[2017.12.10-14.58.21:022][204]LogHotReload: Re-instancing UnrealHanoiSimGameModeBase after hot-reload.
[2017.12.10-14.58.21:086][204]LogContentBrowser: Native class hierarchy updated for 'UnrealHanoiSim' in 0.0026 seconds. Added 4 classes and 2 folders.
[2017.12.10-14.58.21:087][204]Display: HotReload successful (1 functions remapped  0 scriptstructs remapped)
[2017.12.10-14.58.21:328][204]LogContentBrowser: Native class hierarchy populated in 0.0107 seconds. Added 2252 classes and 462 folders.
[2017.12.10-14.58.21:333][204]Display: HotReload took  0.5s.
[2017.12.10-16.05.33:965][302]LogAudio:Warning: Current Audio Device with ID {0.0.0.00000000}.{1b67b97d-88ea-4cee-b47e-8ce1b6503fe3} was removed. Shutting down audio device.
[2017.12.10-16.26.08:289][  4]LogHotReload: New module detected: UE4Editor-UnrealHanoiSim-6519.dll
[2017.12.10-16.26.09:310][  8]LogHotReload: Starting Hot-Reload from IDE
[2017.12.10-16.26.09:628][  8]LogClass: Could not find existing class TowerManager in package /Script/UnrealHanoiSim for HotReload, assuming new class
[2017.12.10-16.26.09:628][  8]LogClass: Function ChangeTower is new.
[2017.12.10-16.26.09:628][  8]LogClass: Function InitializeTowers is new.
[2017.12.10-16.26.09:628][  8]LogClass: Could not find existing class UnrealHanoiSimGameModeBase in package /Script/UnrealHanoiSim for HotReload, assuming new class
[2017.12.10-16.26.09:628][  8]LogClass: Function ChangeMenuWidget is new.
[2017.12.10-16.26.09:628][  8]LogClass: Function DequeueMoveCall is new.
[2017.12.10-16.26.09:628][  8]LogClass: Function EnqueueMoveCall is new.
[2017.12.10-16.26.09:628][  8]LogClass: Function SetCount is new.
[2017.12.10-16.26.09:635][  8]LogHotReload: Re-instancing TowerManager after hot-reload.
[2017.12.10-16.26.09:731][  8]LogHotReload: Re-instancing UnrealHanoiSimGameModeBase after hot-reload.
[2017.12.10-16.26.09:825][  8]LogContentBrowser: Native class hierarchy updated for 'UnrealHanoiSim' in 0.0030 seconds. Added 4 classes and 2 folders.
[2017.12.10-16.26.09:827][  8]Display: HotReload successful (0 functions remapped  0 scriptstructs remapped)
[2017.12.10-16.26.10:147][  8]LogContentBrowser: Native class hierarchy populated in 0.0119 seconds. Added 2252 classes and 462 folders.
[2017.12.10-16.26.10:153][  8]Display: HotReload took  0.8s.
[2017.12.10-16.34.06:127][662]LogHotReload: New module detected: UE4Editor-UnrealHanoiSim-5190.dll
[2017.12.10-16.34.07:155][666]LogHotReload: Starting Hot-Reload from IDE
[2017.12.10-16.34.07:382][666]LogContentBrowser: Native class hierarchy updated for 'UnrealHanoiSim' in 0.0024 seconds. Added 4 classes and 2 folders.
[2017.12.10-16.34.07:384][666]Display: HotReload successful (6 functions remapped  0 scriptstructs remapped)
[2017.12.10-16.34.07:672][666]LogContentBrowser: Native class hierarchy populated in 0.0145 seconds. Added 2252 classes and 462 folders.
[2017.12.10-16.34.07:677][666]Display: HotReload took  0.5s.
[2017.12.10-16.34.22:469][834]Recompiling UnrealHanoiSim...
[2017.12.10-16.34.22:469][834]Launching UnrealBuildTool... [C:/Program Files/Epic Games/UE_4.15/Engine/Binaries/DotNET/UnrealBuildTool.exe UnrealHanoiSim -ModuleWithSuffix UnrealHanoiSim 6198 Win64 Development -editorrecompile -canskiplink "D:/School/C++2/UnrealHanoiSim/UnrealHanoiSim.uproject" ]
[2017.12.10-16.34.22:472][834]Warning: Starting HotReload took  0.0s.
[2017.12.10-16.34.25:225][141]CompilerResultsLog: New page: Compilation - Dec 10, 2017, 4:34:25 AM
[2017.12.10-16.34.25:225][141]CompilerResultsLog: Info Compiling game modules for hot reload
[2017.12.10-16.34.25:225][141]CompilerResultsLog: Info Target is up to date
[2017.12.10-16.34.25:225][141]CompilerResultsLog: Info Total build time: 2.39 seconds (NoActionsToExecute executor: 0.00 seconds)
[2017.12.10-16.34.25:225][141]LogMainFrame: MainFrame: Module compiling took 2.761 seconds
[2017.12.10-16.34.25:520][141]LogContentBrowser: Native class hierarchy populated in 0.0102 seconds. Added 2252 classes and 462 folders.
[2017.12.10-16.34.25:520][141]Display: HotReload took  3.1s.
[2017.12.10-17.39.23:376][849]LogAudio:Warning: Current Audio Device with ID {0.0.0.00000000}.{1b67b97d-88ea-4cee-b47e-8ce1b6503fe3} was removed. Shutting down audio device.
[2017.12.10-22.19.34:173][471]LogAudio:Warning: Current Audio Device with ID {0.0.0.00000000}.{1b67b97d-88ea-4cee-b47e-8ce1b6503fe3} was removed. Shutting down audio device.
[2017.12.10-22.45.05:027][960]LogHotReload: New module detected: UE4Editor-UnrealHanoiSim-5313.dll
[2017.12.10-22.45.06:041][964]LogHotReload: Starting Hot-Reload from IDE
[2017.12.10-22.45.06:218][964]LogClass: Could not find existing class UnrealHanoiSimGameModeBase in package /Script/UnrealHanoiSim for HotReload, assuming new class
[2017.12.10-22.45.06:218][964]LogClass: Function ChangeMenuWidget is new.
[2017.12.10-22.45.06:218][964]LogClass: Function DequeueMoveCall is new.
[2017.12.10-22.45.06:218][964]LogClass: Function EnqueueMoveCall is new.
[2017.12.10-22.45.06:218][964]LogClass: Function SetCount is new.
[2017.12.10-22.45.06:224][964]LogHotReload: Re-instancing UnrealHanoiSimGameModeBase after hot-reload.
[2017.12.10-22.45.06:293][964]LogContentBrowser: Native class hierarchy updated for 'UnrealHanoiSim' in 0.0025 seconds. Added 4 classes and 2 folders.
[2017.12.10-22.45.06:295][964]Display: HotReload successful (2 functions remapped  0 scriptstructs remapped)
[2017.12.10-22.45.06:611][964]LogContentBrowser: Native class hierarchy populated in 0.0207 seconds. Added 2252 classes and 462 folders.
[2017.12.10-22.45.06:618][964]Display: HotReload took  0.6s.
[2017.12.10-22.47.26:292][383]LogHotReload: New module detected: UE4Editor-UnrealHanoiSim-8017.dll
[2017.12.10-22.47.26:973][386]LogHotReload: Starting Hot-Reload from IDE
[2017.12.10-22.47.27:123][386]LogClass: Could not find existing class Disk in package /Script/UnrealHanoiSim for HotReload, assuming new class
[2017.12.10-22.47.27:125][386]LogClass: Could not find existing class TowerManager in package /Script/UnrealHanoiSim for HotReload, assuming new class
[2017.12.10-22.47.27:125][386]LogClass: Function ChangeTower is new.
[2017.12.10-22.47.27:125][386]LogClass: Function InitializeTowers is new.
[2017.12.10-22.47.27:125][386]LogClass: Could not find existing class UnrealHanoiSimGameModeBase in package /Script/UnrealHanoiSim for HotReload, assuming new class
[2017.12.10-22.47.27:125][386]LogClass: Function ChangeMenuWidget is new.
[2017.12.10-22.47.27:125][386]LogClass: Function DequeueMoveCall is new.
[2017.12.10-22.47.27:125][386]LogClass: Function EnqueueMoveCall is new.
[2017.12.10-22.47.27:125][386]LogClass: Function SetCount is new.
[2017.12.10-22.47.27:129][386]LogHotReload: Re-instancing Disk after hot-reload.
[2017.12.10-22.47.27:275][386]LogUObjectGlobals:Warning: Guid referenced by StaticMeshComponent /Game/StarterContent/Maps/Minimal_Default.Minimal_Default:PersistentLevel.Disk_BP_5.VisualRepresentation is already used by StaticMeshComponent /Game/StarterContent/Maps/Minimal_Default.Minimal_Default:PersistentLevel.REINST_Disk_BP_C_0.VisualRepresentation, which should never happen in the editor but could happen at runtime with duplicate level loading or PIE
[2017.12.10-22.47.27:463][386]LogHotReload: Re-instancing TowerManager after hot-reload.
[2017.12.10-22.47.27:509][386]LogHotReload: Re-instancing UnrealHanoiSimGameModeBase after hot-reload.
[2017.12.10-22.47.27:557][386]LogContentBrowser: Native class hierarchy updated for 'UnrealHanoiSim' in 0.0024 seconds. Added 4 classes and 2 folders.
[2017.12.10-22.47.27:559][386]Display: HotReload successful (0 functions remapped  0 scriptstructs remapped)
[2017.12.10-22.47.27:799][386]LogContentBrowser: Native class hierarchy populated in 0.0108 seconds. Added 2252 classes and 462 folders.
[2017.12.10-22.47.27:804][386]Display: HotReload took  0.8s.
[2017.12.10-22.47.37:215][484]LogFileHelpers: Editor autosave (incl. sublevels) for '/Game/StarterContent/Maps/Minimal_Default' took 0.038
[2017.12.10-22.47.37:217][484]OBJ SavePackage: Generating thumbnails for [1] asset(s) in package [/Game/Disk_BP] ([1] browsable assets)...
[2017.12.10-22.47.37:231][484]OBJ SavePackage:     Rendered thumbnail for [Blueprint /Game/Disk_BP.Disk_BP]
[2017.12.10-22.47.37:231][484]OBJ SavePackage: Finished generating thumbnails for package [/Game/Disk_BP]
[2017.12.10-22.47.37:231][484]Cmd: OBJ SAVEPACKAGE PACKAGE="/Game/Disk_BP" FILE="D:/School/C++2/UnrealHanoiSim/Saved/Autosaves/Game/Disk_BP_Auto0.uasset" SILENT=false AUTOSAVING=true
[2017.12.10-22.47.37:248][484]LogSavePackage: Save=15.18ms
[2017.12.10-22.47.37:248][484]LogSavePackage: Moving 'D:/School/C++2/UnrealHanoiSim/Saved/Disk_BP_Auto03653DDB44DD4F2C7613D2EAE1A0FAE25.tmp' to 'D:/School/C++2/UnrealHanoiSim/Saved/Autosaves/Game/Disk_BP_Auto0.uasset'
[2017.12.10-22.47.37:249][484]LogSavePackage:Display: Finished SavePackage D:/School/C++2/UnrealHanoiSim/Saved/Autosaves/Game/Disk_BP_Auto0.uasset
[2017.12.10-22.47.37:249][484]LogFileHelpers: Auto-saving content packages took 0.033
[2017.12.10-22.49.08:887][380]LogEditorViewport: Clicking on Actor (LMB): StaticMeshActor (Floor)
[2017.12.10-22.49.16:381][211]LogEditorActor: Deleted Actor: Tower_BP_C
[2017.12.10-22.49.16:406][211]LogEditorActor: Deleted 1 Actors (0.025 secs)
[2017.12.10-22.49.17:935][385]LogEditorActor: Deleted Actor: Disk_BP_C
[2017.12.10-22.49.17:951][385]LogEditorActor: Deleted 1 Actors (0.016 secs)
[2017.12.10-22.49.38:051][710]Cmd: OBJ SAVEPACKAGE PACKAGE="/Game/TowerManager_BP" FILE="D:/School/C++2/UnrealHanoiSim/Content/TowerManager_BP.uasset" SILENT=true
[2017.12.10-22.49.38:059][710]LogSavePackage: Save=7.14ms
[2017.12.10-22.49.38:059][710]LogSavePackage: Moving 'D:/School/C++2/UnrealHanoiSim/Saved/TowerManager_BP1E267412437AE962F715829B5BAED3C7.tmp' to 'D:/School/C++2/UnrealHanoiSim/Content/TowerManager_BP.uasset'
[2017.12.10-22.49.38:062][710]LogSavePackage:Display: Finished SavePackage D:/School/C++2/UnrealHanoiSim/Content/TowerManager_BP.uasset
[2017.12.10-22.49.38:995][813]LogRenderer: Reallocating scene render targets to support 1800x1260 NumSamples 1 (Frame:20083).
[2017.12.10-22.49.46:519][469]Cmd: OBJ SAVEPACKAGE PACKAGE="/Game/Disk_BP" FILE="D:/School/C++2/UnrealHanoiSim/Content/Disk_BP.uasset" SILENT=true
[2017.12.10-22.49.46:542][469]LogSavePackage: Save=20.67ms
[2017.12.10-22.49.46:542][469]LogSavePackage: Moving 'D:/School/C++2/UnrealHanoiSim/Saved/Disk_BPCFC9211F48706BAE58192D9A9040F299.tmp' to 'D:/School/C++2/UnrealHanoiSim/Content/Disk_BP.uasset'
[2017.12.10-22.49.46:544][469]LogSavePackage:Display: Finished SavePackage D:/School/C++2/UnrealHanoiSim/Content/Disk_BP.uasset
[2017.12.10-22.49.46:546][469]Cmd: OBJ SAVEPACKAGE PACKAGE="/Game/LevelInput" FILE="D:/School/C++2/UnrealHanoiSim/Content/LevelInput.uasset" SILENT=true
[2017.12.10-22.49.46:554][469]LogSavePackage: Save=6.40ms
[2017.12.10-22.49.46:554][469]LogSavePackage: Moving 'D:/School/C++2/UnrealHanoiSim/Saved/LevelInput432E31274C11B6D4D200DE987EEC5AC0.tmp' to 'D:/School/C++2/UnrealHanoiSim/Content/LevelInput.uasset'
[2017.12.10-22.49.46:557][469]LogSavePackage:Display: Finished SavePackage D:/School/C++2/UnrealHanoiSim/Content/LevelInput.uasset
[2017.12.10-22.49.46:635][469]Cmd: OBJ SAVEPACKAGE PACKAGE="/Game/StarterContent/Maps/Minimal_Default" FILE="D:/School/C++2/UnrealHanoiSim/Content/StarterContent/Maps/Minimal_Default.umap" SILENT=true AUTOSAVING=false KEEPDIRTY=false
[2017.12.10-22.49.46:801][469]LogSavePackage: Save=147.75ms
[2017.12.10-22.49.46:801][469]LogSavePackage: Moving 'D:/School/C++2/UnrealHanoiSim/Saved/Minimal_Default959B14164BAD6B996F9F08AB792D6B35.tmp' to 'D:/School/C++2/UnrealHanoiSim/Content/StarterContent/Maps/Minimal_Default.umap'
[2017.12.10-22.49.46:804][469]LogSavePackage:Display: Finished SavePackage D:/School/C++2/UnrealHanoiSim/Content/StarterContent/Maps/Minimal_Default.umap
[2017.12.10-22.49.46:816][469]LogFileHelpers: Saving map 'Minimal_Default' took 0.258
[2017.12.10-22.49.46:819][469]Cmd: OBJ SAVEPACKAGE PACKAGE="/Game/StarterContent/Maps/Minimal_Default_BuiltData" FILE="D:/School/C++2/UnrealHanoiSim/Content/StarterContent/Maps/Minimal_Default_BuiltData.uasset" SILENT=true
[2017.12.10-22.49.46:850][469]LogSavePackage: Save=25.23ms
[2017.12.10-22.49.46:850][469]LogSavePackage: Moving 'D:/School/C++2/UnrealHanoiSim/Saved/Minimal_Default_BuiltData2E4E2DA74E0B3F38C63FDE8BD4E89712.tmp' to 'D:/School/C++2/UnrealHanoiSim/Content/StarterContent/Maps/Minimal_Default_BuiltData.uasset'
[2017.12.10-22.49.46:853][469]LogSavePackage:Display: Finished SavePackage D:/School/C++2/UnrealHanoiSim/Content/StarterContent/Maps/Minimal_Default_BuiltData.uasset
[2017.12.10-22.49.46:856][469]Cmd: OBJ SAVEPACKAGE PACKAGE="/Game/Tower_BP" FILE="D:/School/C++2/UnrealHanoiSim/Content/Tower_BP.uasset" SILENT=true
[2017.12.10-22.49.46:865][469]LogSavePackage: Save=7.71ms
[2017.12.10-22.49.46:865][469]LogSavePackage: Moving 'D:/School/C++2/UnrealHanoiSim/Saved/Tower_BP968B49664EB5B6BFF1D78DADDBF926C3.tmp' to 'D:/School/C++2/UnrealHanoiSim/Content/Tower_BP.uasset'
[2017.12.10-22.49.46:868][469]LogSavePackage:Display: Finished SavePackage D:/School/C++2/UnrealHanoiSim/Content/Tower_BP.uasset
[2017.12.10-22.51.35:190][294]Recompiling UnrealHanoiSim...
[2017.12.10-22.51.35:190][294]Launching UnrealBuildTool... [C:/Program Files/Epic Games/UE_4.15/Engine/Binaries/DotNET/UnrealBuildTool.exe UnrealHanoiSim -ModuleWithSuffix UnrealHanoiSim 5000 Win64 Development -editorrecompile -canskiplink "D:/School/C++2/UnrealHanoiSim/UnrealHanoiSim.uproject" ]
[2017.12.10-22.51.35:239][294]Warning: Starting HotReload took  0.1s.
[2017.12.10-22.51.38:107][634]CompilerResultsLog: New page: Compilation - Dec 10, 2017, 10:51:38 AM
[2017.12.10-22.51.38:107][634]CompilerResultsLog: Info Compiling game modules for hot reload
[2017.12.10-22.51.38:107][634]CompilerResultsLog: Info Target is up to date
[2017.12.10-22.51.38:107][634]CompilerResultsLog: Info Total build time: 2.51 seconds (NoActionsToExecute executor: 0.00 seconds)
[2017.12.10-22.51.38:107][634]LogMainFrame: MainFrame: Module compiling took 2.924 seconds
[2017.12.10-22.51.38:314][634]LogContentBrowser: Native class hierarchy populated in 0.0099 seconds. Added 2252 classes and 462 folders.
[2017.12.10-22.51.38:314][634]Display: HotReload took  3.1s.
[2017.12.10-22.51.46:521][559]LogSlate:Warning: Prevented a slow task dialog from being summoned while a context menu was open
[2017.12.10-22.51.51:134][105]BlueprintLog: New page: Compile TowerManager_BP
[2017.12.10-22.52.34:362][503]LogHotReload: New module detected: UE4Editor-UnrealHanoiSim-6363.dll
[2017.12.10-22.52.35:389][507]LogHotReload: Starting Hot-Reload from IDE
[2017.12.10-22.52.35:511][507]LogClass: Could not find existing class TowerManager in package /Script/UnrealHanoiSim for HotReload, assuming new class
[2017.12.10-22.52.35:511][507]LogClass: Function ChangeTower is new.
[2017.12.10-22.52.35:511][507]LogClass: Function InitializeTowers is new.
[2017.12.10-22.52.35:520][507]LogHotReload: Re-instancing TowerManager after hot-reload.
[2017.12.10-22.52.35:819][507]LogContentBrowser: Native class hierarchy updated for 'UnrealHanoiSim' in 0.0025 seconds. Added 4 classes and 2 folders.
[2017.12.10-22.52.35:821][507]Display: HotReload successful (4 functions remapped  0 scriptstructs remapped)
[2017.12.10-22.52.36:135][507]LogContentBrowser: Native class hierarchy populated in 0.0187 seconds. Added 2252 classes and 462 folders.
[2017.12.10-22.52.36:144][507]Display: HotReload took  0.8s.
[2017.12.10-22.52.44:025][856]Cmd: OBJ SAVEPACKAGE PACKAGE="/Game/TowerManager_BP" FILE="D:/School/C++2/UnrealHanoiSim/Content/TowerManager_BP.uasset" SILENT=true
[2017.12.10-22.52.44:035][856]LogSavePackage: Save=6.46ms
[2017.12.10-22.52.44:035][856]LogSavePackage: Moving 'D:/School/C++2/UnrealHanoiSim/Saved/TowerManager_BP34D860D34E8FC010312AE0814E81410A.tmp' to 'D:/School/C++2/UnrealHanoiSim/Content/TowerManager_BP.uasset'
[2017.12.10-22.52.44:038][856]LogSavePackage:Display: Finished SavePackage D:/School/C++2/UnrealHanoiSim/Content/TowerManager_BP.uasset
[2017.12.10-22.52.50:115][555]Recompiling UnrealHanoiSim...
[2017.12.10-22.52.50:115][555]Launching UnrealBuildTool... [C:/Program Files/Epic Games/UE_4.15/Engine/Binaries/DotNET/UnrealBuildTool.exe UnrealHanoiSim -ModuleWithSuffix UnrealHanoiSim 7004 Win64 Development -editorrecompile -canskiplink "D:/School/C++2/UnrealHanoiSim/UnrealHanoiSim.uproject" ]
[2017.12.10-22.52.50:119][555]Warning: Starting HotReload took  0.0s.
[2017.12.10-22.52.52:835][881]CompilerResultsLog: New page: Compilation - Dec 10, 2017, 10:52:52 AM
[2017.12.10-22.52.52:835][881]CompilerResultsLog: Info Compiling game modules for hot reload
[2017.12.10-22.52.52:835][881]CompilerResultsLog: Info Target is up to date
[2017.12.10-22.52.52:835][881]CompilerResultsLog: Info Total build time: 2.37 seconds (NoActionsToExecute executor: 0.00 seconds)
[2017.12.10-22.52.52:835][881]LogMainFrame: MainFrame: Module compiling took 2.724 seconds
[2017.12.10-22.52.53:094][881]LogContentBrowser: Native class hierarchy populated in 0.0099 seconds. Added 2252 classes and 462 folders.
[2017.12.10-22.52.53:094][881]Display: HotReload took  3.0s.
[2017.12.10-22.53.07:246][485]LogSlate:Warning: Prevented a slow task dialog from being summoned while a context menu was open
[2017.12.10-22.54.13:704][390]BlueprintLog: New page: Compile Tower_BP
[2017.12.10-22.54.15:874][612]Cmd: OBJ SAVEPACKAGE PACKAGE="/Game/Tower_BP" FILE="D:/School/C++2/UnrealHanoiSim/Content/Tower_BP.uasset" SILENT=true
[2017.12.10-22.54.15:884][612]LogSavePackage: Save=6.31ms
[2017.12.10-22.54.15:884][612]LogSavePackage: Moving 'D:/School/C++2/UnrealHanoiSim/Saved/Tower_BP37604A4544BE0C34E4F4999CEECA8EF0.tmp' to 'D:/School/C++2/UnrealHanoiSim/Content/Tower_BP.uasset'
[2017.12.10-22.54.15:887][612]LogSavePackage:Display: Finished SavePackage D:/School/C++2/UnrealHanoiSim/Content/Tower_BP.uasset
[2017.12.10-22.54.42:303][707]BlueprintLog: New page: Compile Disk_BP
[2017.12.10-22.54.43:143][767]Cmd: OBJ SAVEPACKAGE PACKAGE="/Game/Disk_BP" FILE="D:/School/C++2/UnrealHanoiSim/Content/Disk_BP.uasset" SILENT=true
[2017.12.10-22.54.43:160][767]LogSavePackage: Save=13.43ms
[2017.12.10-22.54.43:160][767]LogSavePackage: Moving 'D:/School/C++2/UnrealHanoiSim/Saved/Disk_BPE693EEA245347F906F995D9B23C7D149.tmp' to 'D:/School/C++2/UnrealHanoiSim/Content/Disk_BP.uasset'
[2017.12.10-22.54.43:163][767]LogSavePackage:Display: Finished SavePackage D:/School/C++2/UnrealHanoiSim/Content/Disk_BP.uasset
[2017.12.10-22.54.59:913][672]BlueprintLog: New page: Compile TowerManager_BP
[2017.12.10-22.55.01:018][783]Cmd: OBJ SAVEPACKAGE PACKAGE="/Game/TowerManager_BP" FILE="D:/School/C++2/UnrealHanoiSim/Content/TowerManager_BP.uasset" SILENT=true
[2017.12.10-22.55.01:026][783]LogSavePackage: Save=6.15ms
[2017.12.10-22.55.01:026][783]LogSavePackage: Moving 'D:/School/C++2/UnrealHanoiSim/Saved/TowerManager_BPC8BF550649AE1C004B60D8A8BF5D2AF0.tmp' to 'D:/School/C++2/UnrealHanoiSim/Content/TowerManager_BP.uasset'
[2017.12.10-22.55.01:028][783]LogSavePackage:Display: Finished SavePackage D:/School/C++2/UnrealHanoiSim/Content/TowerManager_BP.uasset
[2017.12.10-22.55.12:016][ 95]LogSlate:Warning: Prevented a slow task dialog from being summoned while a context menu was open
[2017.12.10-22.55.16:014][564]Cmd: OBJ SAVEPACKAGE PACKAGE="/Game/TowerManager_BP" FILE="D:/School/C++2/UnrealHanoiSim/Content/TowerManager_BP.uasset" SILENT=true
[2017.12.10-22.55.16:023][564]LogSavePackage: Save=6.35ms
[2017.12.10-22.55.16:023][564]LogSavePackage: Moving 'D:/School/C++2/UnrealHanoiSim/Saved/TowerManager_BP39D9460B453DBEB16FB119ADD728A2CF.tmp' to 'D:/School/C++2/UnrealHanoiSim/Content/TowerManager_BP.uasset'
[2017.12.10-22.55.16:024][564]LogSavePackage:Display: Finished SavePackage D:/School/C++2/UnrealHanoiSim/Content/TowerManager_BP.uasset
[2017.12.10-22.56.29:889][900]BlueprintLog: New page: Compile UnrealHanoiSimGameModeBase_BP
[2017.12.10-22.56.30:550][958]Cmd: OBJ SAVEPACKAGE PACKAGE="/Game/UnrealHanoiSimGameModeBase_BP" FILE="D:/School/C++2/UnrealHanoiSim/Content/UnrealHanoiSimGameModeBase_BP.uasset" SILENT=true
[2017.12.10-22.56.30:559][958]LogSavePackage: Save=7.42ms
[2017.12.10-22.56.30:559][958]LogSavePackage: Moving 'D:/School/C++2/UnrealHanoiSim/Saved/UnrealHanoiSimGameModeBase_BP91FBBB6E4C7E46A84BB764B75D60011F.tmp' to 'D:/School/C++2/UnrealHanoiSim/Content/UnrealHanoiSimGameModeBase_BP.uasset'
[2017.12.10-22.56.30:561][958]LogSavePackage:Display: Finished SavePackage D:/School/C++2/UnrealHanoiSim/Content/UnrealHanoiSimGameModeBase_BP.uasset
[2017.12.10-22.56.43:345][396]LogEditorViewport: Clicking on Actor (LMB): PlayerStart (Player Start)
[2017.12.10-22.56.51:445][332]LogNavigationPoint: PostEditMove Clear paths rebuilt
[2017.12.10-22.57.07:810][254]LogEditorViewport: Clicking on Actor (LMB): BP_Sky_Sphere_C (BP_Sky_Sphere)
[2017.12.10-22.57.08:422][319]LogEditorViewport: Clicking on Actor (LMB): PlayerStart (Player Start)
[2017.12.10-22.57.29:571][751]LogEditorViewport: Clicking on Actor (LMB): PlayerStart (Player Start)
[2017.12.10-22.57.31:774][991]LogNavigationPoint: PostEditMove Clear paths rebuilt
[2017.12.10-22.57.33:580][197]LogNavigationPoint: PostEditMove Clear paths rebuilt
[2017.12.10-22.57.39:618][902]LogNavigationPoint: PostEditMove Clear paths rebuilt
[2017.12.10-22.57.45:464][581]LogSlate:Warning: Prevented a slow task dialog from being summoned while a context menu was open
[2017.12.10-22.59.46:433][945]LogSavePackage: Save=156.22ms
[2017.12.10-22.59.46:433][945]LogSavePackage: Moving 'D:/School/C++2/UnrealHanoiSim/Saved/Minimal_Default_Auto155F0313B456B2335AB1011A840B3A781.tmp' to 'D:/School/C++2/UnrealHanoiSim/Saved/Autosaves/Game/StarterContent/Maps/Minimal_Default_Auto1.umap'
[2017.12.10-22.59.46:435][945]LogSavePackage:Display: Finished SavePackage D:/School/C++2/UnrealHanoiSim/Saved/Autosaves/Game/StarterContent/Maps/Minimal_Default_Auto1.umap
[2017.12.10-22.59.46:437][945]LogFileHelpers: Editor autosave (incl. sublevels) for '/Game/StarterContent/Maps/Minimal_Default' took 0.181
[2017.12.10-22.59.46:437][945]LogFileHelpers: Editor autosave (incl. sublevels) for all levels took 0.181
[2017.12.10-23.02.00:193][724]Recompiling UnrealHanoiSim...
[2017.12.10-23.02.00:193][724]Launching UnrealBuildTool... [C:/Program Files/Epic Games/UE_4.15/Engine/Binaries/DotNET/UnrealBuildTool.exe UnrealHanoiSim -ModuleWithSuffix UnrealHanoiSim 5975 Win64 Development -editorrecompile -canskiplink "D:/School/C++2/UnrealHanoiSim/UnrealHanoiSim.uproject" ]
[2017.12.10-23.02.00:197][724]Warning: Starting HotReload took  0.0s.
[2017.12.10-23.02.09:161][782]CompilerResultsLog: New page: Compilation - Dec 10, 2017, 11:02:09 AM
[2017.12.10-23.02.09:161][782]CompilerResultsLog: Info Compiling game modules for hot reload
[2017.12.10-23.02.09:161][782]CompilerResultsLog: Info Parsing headers for UnrealHanoiSimEditor
[2017.12.10-23.02.09:161][782]CompilerResultsLog: Info   Running UnrealHeaderTool "D:\School\C++2\UnrealHanoiSim\UnrealHanoiSim.uproject" "D:\School\C++2\UnrealHanoiSim\Intermediate\Build\Win64\UnrealHanoiSimEditor\Development\UnrealHanoiSimEditor.uhtmanifest" -LogCmds="loginit warning, logexit warning, logdatabase error" -Unattended -WarningsAsErrors -installed
[2017.12.10-23.02.09:161][782]CompilerResultsLog: Info Reflection code generated for UnrealHanoiSimEditor in 3.710626 seconds
[2017.12.10-23.02.09:161][782]CompilerResultsLog: Info Performing 4 actions (9 in parallel)
[2017.12.10-23.02.09:161][782]CompilerResultsLog: Info UnrealHanoiSimGameModeBase.cpp
[2017.12.10-23.02.09:161][782]CompilerResultsLog: Info UnrealHanoiSim.generated.cpp
[2017.12.10-23.02.09:161][782]CompilerResultsLog:Error: Error D:\School\C++2\UnrealHanoiSim\Source\UnrealHanoiSim\UnrealHanoiSimGameModeBase.cpp(26) : error C2660: 'AUnrealHanoiSimGameModeBase::EnqueueMoveCall': function does not take 1 arguments
[2017.12.10-23.02.09:161][782]CompilerResultsLog: Info ERROR: UBT ERROR: Failed to produce item: D:\School\C++2\UnrealHanoiSim\Binaries\Win64\UE4Editor-UnrealHanoiSim-5975.dll
[2017.12.10-23.02.09:161][782]CompilerResultsLog: Info Total build time: 8.60 seconds (Local executor: 0.00 seconds)
[2017.12.10-23.02.09:161][782]LogMainFrame: MainFrame: Module compiling took 8.973 seconds
[2017.12.10-23.02.09:161][782]Warning: HotReload failed, recompile failed
[2017.12.10-23.03.00:047][647]Recompiling UnrealHanoiSim...
[2017.12.10-23.03.00:047][647]Launching UnrealBuildTool... [C:/Program Files/Epic Games/UE_4.15/Engine/Binaries/DotNET/UnrealBuildTool.exe UnrealHanoiSim -ModuleWithSuffix UnrealHanoiSim 9427 Win64 Development -editorrecompile -canskiplink "D:/School/C++2/UnrealHanoiSim/UnrealHanoiSim.uproject" ]
[2017.12.10-23.03.00:051][647]Warning: Starting HotReload took  0.0s.
[2017.12.10-23.03.02:996][991]CompilerResultsLog: New page: Compilation - Dec 10, 2017, 11:03:02 AM
[2017.12.10-23.03.02:996][991]CompilerResultsLog: Info Compiling game modules for hot reload
[2017.12.10-23.03.02:996][991]CompilerResultsLog: Info Target is up to date
[2017.12.10-23.03.02:996][991]CompilerResultsLog: Info Total build time: 2.56 seconds (NoActionsToExecute executor: 0.00 seconds)
[2017.12.10-23.03.02:996][991]LogMainFrame: MainFrame: Module compiling took 2.954 seconds
[2017.12.10-23.03.03:258][991]LogContentBrowser: Native class hierarchy populated in 0.0102 seconds. Added 2252 classes and 462 folders.
[2017.12.10-23.03.03:259][991]Display: HotReload took  3.2s.
[2017.12.10-23.03.06:456][366]LogTemp: Repeting last play command: Selected Viewport
[2017.12.10-23.03.06:466][366]LogBlueprintUserMessages: Early PlayInEditor Detection: Level '/Game/StarterContent/Maps/Minimal_Default.Minimal_Default:PersistentLevel' has LevelScriptBlueprint '/Game/StarterContent/Maps/Minimal_Default.Minimal_Default:PersistentLevel.Minimal_Default' with GeneratedClass '/Game/StarterContent/Maps/Minimal_Default.Minimal_Default_C' with ClassGeneratedBy '/Game/StarterContent/Maps/Minimal_Default.Minimal_Default:PersistentLevel.Minimal_Default'
[2017.12.10-23.03.06:466][366]LogPlayLevel: PlayLevel: No blueprints needed recompiling
[2017.12.10-23.03.06:467][366]PIE: New page: PIE session: Minimal_Default (Dec 10, 2017, 11:03:06 AM)
[2017.12.10-23.03.06:468][366]LogPlayLevel: Creating play world package: /Game/StarterContent/Maps/UEDPIE_0_Minimal_Default
[2017.12.10-23.03.06:492][366]LogPlayLevel: PIE: StaticDuplicateObject took: (0.023875s)
[2017.12.10-23.03.06:492][366]LogAIModule: Creating AISystem for world Minimal_Default
[2017.12.10-23.03.06:492][366]LogPlayLevel: PIE: World Init took: (0.000824s)
[2017.12.10-23.03.06:493][366]LogPlayLevel: PIE: Created PIE world by copying editor world from /Game/StarterContent/Maps/Minimal_Default.Minimal_Default to /Game/StarterContent/Maps/UEDPIE_0_Minimal_Default.Minimal_Default (0.025082s)
[2017.12.10-23.03.06:578][366]LogInit: XAudio2 using 'HP Spectre 32-8 (NVIDIA High Definition Audio)' : 2 channels at 48 kHz using 16 bits per sample (channel mask 0x3)
[2017.12.10-23.03.06:595][366]LogInit: FAudioDevice initialized.
[2017.12.10-23.03.06:643][366]LogLoad: Game class is 'UnrealHanoiSimGameModeBase_BP_C'
[2017.12.10-23.03.06:646][366]LogWorld: Bringing World /Game/StarterContent/Maps/UEDPIE_0_Minimal_Default.Minimal_Default up for play (max tick rate 0) at 2017.12.10-17.03.06
[2017.12.10-23.03.06:646][366]LogWorld: Bringing up level for play took: 0.001502
[2017.12.10-23.03.06:717][366]LogContentBrowser: Native class hierarchy updated for 'MovieSceneCapture' in 0.0022 seconds. Added 11 classes and 0 folders.
[2017.12.10-23.03.06:720][366]PIE: Info Play in editor start time for /Game/StarterContent/Maps/UEDPIE_0_Minimal_Default -0.461
[2017.12.10-23.03.06:720][366]LogBlueprintUserMessages: Late PlayInEditor Detection: Level '/Game/StarterContent/Maps/Minimal_Default.Minimal_Default:PersistentLevel' has LevelScriptBlueprint '/Game/StarterContent/Maps/Minimal_Default.Minimal_Default:PersistentLevel.Minimal_Default' with GeneratedClass '/Game/StarterContent/Maps/Minimal_Default.Minimal_Default_C' with ClassGeneratedBy '/Game/StarterContent/Maps/Minimal_Default.Minimal_Default:PersistentLevel.Minimal_Default'
[2017.12.10-23.03.14:564][279]LogBlueprintUserMessages: Early EndPlayMap Detection: Level '/Game/StarterContent/Maps/Minimal_Default.Minimal_Default:PersistentLevel' has LevelScriptBlueprint '/Game/StarterContent/Maps/Minimal_Default.Minimal_Default:PersistentLevel.Minimal_Default' with GeneratedClass '/Game/StarterContent/Maps/Minimal_Default.Minimal_Default_C' with ClassGeneratedBy '/Game/StarterContent/Maps/Minimal_Default.Minimal_Default:PersistentLevel.Minimal_Default'
[2017.12.10-23.03.14:609][279]LogBlueprintUserMessages: Late EndPlayMap Detection: Level '/Game/StarterContent/Maps/Minimal_Default.Minimal_Default:PersistentLevel' has LevelScriptBlueprint '/Game/StarterContent/Maps/Minimal_Default.Minimal_Default:PersistentLevel.Minimal_Default' with GeneratedClass '/Game/StarterContent/Maps/Minimal_Default.Minimal_Default_C' with ClassGeneratedBy '/Game/StarterContent/Maps/Minimal_Default.Minimal_Default:PersistentLevel.Minimal_Default'
[2017.12.10-23.05.52:489][524]LogHotReload: New module detected: UE4Editor-UnrealHanoiSim-3183.dll
[2017.12.10-23.05.53:525][528]LogHotReload: Starting Hot-Reload from IDE
[2017.12.10-23.05.53:645][528]LogClass: Could not find existing class UnrealHanoiSimGameModeBase in package /Script/UnrealHanoiSim for HotReload, assuming new class
[2017.12.10-23.05.53:645][528]LogClass: Function ChangeMenuWidget is new.
[2017.12.10-23.05.53:645][528]LogClass: Function DequeueMoveCall is new.
[2017.12.10-23.05.53:645][528]LogClass: Function EnqueueMoveCall is new.
[2017.12.10-23.05.53:645][528]LogClass: Function SetCount is new.
[2017.12.10-23.05.53:650][528]LogHotReload: Re-instancing UnrealHanoiSimGameModeBase after hot-reload.
[2017.12.10-23.05.53:919][528]LogContentBrowser: Native class hierarchy updated for 'UnrealHanoiSim' in 0.0035 seconds. Added 4 classes and 2 folders.
[2017.12.10-23.05.53:922][528]Display: HotReload successful (2 functions remapped  0 scriptstructs remapped)
[2017.12.10-23.05.54:186][528]LogContentBrowser: Native class hierarchy populated in 0.0166 seconds. Added 2252 classes and 462 folders.
[2017.12.10-23.05.54:194][528]Display: HotReload took  0.7s.
[2017.12.10-23.05.56:796][796]Recompiling UnrealHanoiSim...
[2017.12.10-23.05.56:796][796]Launching UnrealBuildTool... [C:/Program Files/Epic Games/UE_4.15/Engine/Binaries/DotNET/UnrealBuildTool.exe UnrealHanoiSim -ModuleWithSuffix UnrealHanoiSim 4077 Win64 Development -editorrecompile -canskiplink "D:/School/C++2/UnrealHanoiSim/UnrealHanoiSim.uproject" ]
[2017.12.10-23.05.56:800][796]Warning: Starting HotReload took  0.0s.
[2017.12.10-23.05.59:611][111]CompilerResultsLog: New page: Compilation - Dec 10, 2017, 11:05:59 AM
[2017.12.10-23.05.59:611][111]CompilerResultsLog: Info Compiling game modules for hot reload
[2017.12.10-23.05.59:611][111]CompilerResultsLog: Info Target is up to date
[2017.12.10-23.05.59:611][111]CompilerResultsLog: Info Total build time: 2.45 seconds (NoActionsToExecute executor: 0.00 seconds)
[2017.12.10-23.05.59:611][111]LogMainFrame: MainFrame: Module compiling took 2.819 seconds
[2017.12.10-23.05.59:845][111]LogContentBrowser: Native class hierarchy populated in 0.0100 seconds. Added 2252 classes and 462 folders.
[2017.12.10-23.05.59:845][111]Display: HotReload took  3.1s.
[2017.12.10-23.06.03:044][489]LogTemp: Repeting last play command: Selected Viewport
[2017.12.10-23.06.03:052][489]LogBlueprintUserMessages: Early PlayInEditor Detection: Level '/Game/StarterContent/Maps/Minimal_Default.Minimal_Default:PersistentLevel' has LevelScriptBlueprint '/Game/StarterContent/Maps/Minimal_Default.Minimal_Default:PersistentLevel.Minimal_Default' with GeneratedClass '/Game/StarterContent/Maps/Minimal_Default.Minimal_Default_C' with ClassGeneratedBy '/Game/StarterContent/Maps/Minimal_Default.Minimal_Default:PersistentLevel.Minimal_Default'
[2017.12.10-23.06.03:052][489]LogPlayLevel: PlayLevel: No blueprints needed recompiling
[2017.12.10-23.06.03:052][489]PIE: New page: PIE session: Minimal_Default (Dec 10, 2017, 11:06:03 AM)
[2017.12.10-23.06.03:052][489]LogPlayLevel: Creating play world package: /Game/StarterContent/Maps/UEDPIE_0_Minimal_Default
[2017.12.10-23.06.03:057][489]LogPlayLevel: PIE: StaticDuplicateObject took: (0.004837s)
[2017.12.10-23.06.03:057][489]LogAIModule: Creating AISystem for world Minimal_Default
[2017.12.10-23.06.03:057][489]LogPlayLevel: PIE: World Init took: (0.000616s)
[2017.12.10-23.06.03:058][489]LogPlayLevel: PIE: Created PIE world by copying editor world from /Game/StarterContent/Maps/Minimal_Default.Minimal_Default to /Game/StarterContent/Maps/UEDPIE_0_Minimal_Default.Minimal_Default (0.005645s)
[2017.12.10-23.06.03:151][489]LogInit: XAudio2 using 'HP Spectre 32-8 (NVIDIA High Definition Audio)' : 2 channels at 48 kHz using 16 bits per sample (channel mask 0x3)
[2017.12.10-23.06.03:167][489]LogInit: FAudioDevice initialized.
[2017.12.10-23.06.03:196][489]LogLoad: Game class is 'UnrealHanoiSimGameModeBase_BP_C'
[2017.12.10-23.06.03:198][489]LogWorld: Bringing World /Game/StarterContent/Maps/UEDPIE_0_Minimal_Default.Minimal_Default up for play (max tick rate 0) at 2017.12.10-17.06.03
[2017.12.10-23.06.03:199][489]LogWorld: Bringing up level for play took: 0.001054
[2017.12.10-23.06.03:202][489]LogWindows: Windows GetLastError: The operation completed successfully. (0)
